09:56:09 **** Build of project third_bsp ****
make -k all 
libgen -hw ../proc_hw_platform/system.xml\
	       \
	       -pe microblaze_0 \
	       -log libgen.log \
	       system.mss
libgen
Xilinx EDK 14.7 Build EDK_P.20131013
Copyright (c) 1995-2012 Xilinx, Inc.  All rights reserved.

Command Line: libgen -hw ../proc_hw_platform/system.xml -pe microblaze_0 -log
libgen.log system.mss 


Staging source files.
Running DRCs.
Running generate.
Running post_generate.
Running include - 'make -s include "COMPILER=mb-gcc" "ARCHIVER=mb-ar"
"COMPILER_FLAGS=-mlittle-endian -mno-xl-soft-mul -mxl-barrel-shift
-mxl-pattern-compare -mhard-float -mxl-float-convert -mxl-float-sqrt
-mno-xl-soft-div -mcpu=v8.50.c  -O2 -c" "EXTRA_COMPILER_FLAGS=-g
-ffunction-sections -fdata-sections"'.

Running libs - 'make -s libs "COMPILER=mb-gcc" "ARCHIVER=mb-ar"
"COMPILER_FLAGS=-mlittle-endian -mno-xl-soft-mul -mxl-barrel-shift
-mxl-pattern-compare -mhard-float -mxl-float-convert -mxl-float-sqrt
-mno-xl-soft-div -mcpu=v8.50.c  -O2 -c" "EXTRA_COMPILER_FLAGS=-g
-ffunction-sections -fdata-sections"'.
"Compiling common"
"Compiling standalone";
"Compiling tmrctr"
"Compiling gpio"
"Compiling intc"
"Compiling uartlite"
"Compiling bram"
"Compiling cpu"
Running execs_generate.
'Finished building libraries'

**** Build of configuration Debug for project third ****

Nothing to build for project third
09:57:07 **** Auto Build of configuration Debug for project third ****
make all 
'Building file: ../src/main.c'
'Invoking: MicroBlaze gcc compiler'
mb-gcc -Wall -O0 -g3 -c -fmessage-length=0 -I../../third_bsp/microblaze_0/include -mlittle-endian -mxl-barrel-shift -mxl-pattern-compare -mno-xl-soft-div -mcpu=v8.50.c -mno-xl-soft-mul -mhard-float -mxl-float-convert -mxl-float-sqrt -Wl,--no-relax -ffunction-sections -fdata-sections -MMD -MP -MF"src/main.d" -MT"src/main.d" -o "src/main.o" "../src/main.c"
'Finished building: ../src/main.c'
' '
'Building target: third.elf'
'Invoking: MicroBlaze gcc linker'
mb-gcc -Wl,-T -Wl,../src/lscript.ld -L../../third_bsp/microblaze_0/lib -mlittle-endian -mxl-barrel-shift -mxl-pattern-compare -mno-xl-soft-div -mcpu=v8.50.c -mno-xl-soft-mul -mhard-float -mxl-float-convert -mxl-float-sqrt -Wl,--no-relax -Wl,--gc-sections -o "third.elf"  ./src/main.o   -Wl,--start-group,-lxil,-lgcc,-lc,--end-group
c:/xilinx/14.7/ise_ds/edk/gnu/microblaze/nt/bin/../lib/gcc/microblaze-xilinx-elf/4.6.4/../../../../microblaze-xilinx-elf/lib/bs/m/le/crtinit.o: In function `_crtinit':
/wrk/ptx/users/nagaraju/GCC_2013_03/newlib/libgloss/microblaze/crtinit.S:69: undefined reference to `main'
collect2: ld returned 1 exit status
make: *** [third.elf] Error 1
10:01:49 **** Clean-only build of configuration Debug for project third ****
make clean 
rm -rf  ./src/main.o  ./src/main.d  third.elf.size  third.elf.elfcheck  third.elf
' '
10:01:50 **** Auto Build of configuration Debug for project third ****
make all 
'Building file: ../src/FreeRTOS/FreeRTOS_mb_hooks.c'
'Invoking: MicroBlaze gcc compiler'
mb-gcc -Wall -O0 -g3 -I../../third_bsp/microblaze_0/include -I"C:\Work\XILINX\Projects\New_25\proc\SDK3\third\src" -I"C:\Work\XILINX\Projects\New_25\proc\SDK3\third\src\FreeRTOS" -c -fmessage-length=0 -mlittle-endian -mxl-barrel-shift -mxl-pattern-compare -mno-xl-soft-div -mcpu=v8.50.c -mno-xl-soft-mul -mhard-float -mxl-float-convert -mxl-float-sqrt -Wl,--no-relax -ffunction-sections -fdata-sections -MMD -MP -MF"src/FreeRTOS/FreeRTOS_mb_hooks.d" -MT"src/FreeRTOS/FreeRTOS_mb_hooks.d" -o "src/FreeRTOS/FreeRTOS_mb_hooks.o" "../src/FreeRTOS/FreeRTOS_mb_hooks.c"
'Finished building: ../src/FreeRTOS/FreeRTOS_mb_hooks.c'
' '
'Building file: ../src/FreeRTOS/croutine.c'
'Invoking: MicroBlaze gcc compiler'
mb-gcc -Wall -O0 -g3 -I../../third_bsp/microblaze_0/include -I"C:\Work\XILINX\Projects\New_25\proc\SDK3\third\src" -I"C:\Work\XILINX\Projects\New_25\proc\SDK3\third\src\FreeRTOS" -c -fmessage-length=0 -mlittle-endian -mxl-barrel-shift -mxl-pattern-compare -mno-xl-soft-div -mcpu=v8.50.c -mno-xl-soft-mul -mhard-float -mxl-float-convert -mxl-float-sqrt -Wl,--no-relax -ffunction-sections -fdata-sections -MMD -MP -MF"src/FreeRTOS/croutine.d" -MT"src/FreeRTOS/croutine.d" -o "src/FreeRTOS/croutine.o" "../src/FreeRTOS/croutine.c"
'Finished building: ../src/FreeRTOS/croutine.c'
' '
'Building file: ../src/FreeRTOS/event_groups.c'
'Invoking: MicroBlaze gcc compiler'
mb-gcc -Wall -O0 -g3 -I../../third_bsp/microblaze_0/include -I"C:\Work\XILINX\Projects\New_25\proc\SDK3\third\src" -I"C:\Work\XILINX\Projects\New_25\proc\SDK3\third\src\FreeRTOS" -c -fmessage-length=0 -mlittle-endian -mxl-barrel-shift -mxl-pattern-compare -mno-xl-soft-div -mcpu=v8.50.c -mno-xl-soft-mul -mhard-float -mxl-float-convert -mxl-float-sqrt -Wl,--no-relax -ffunction-sections -fdata-sections -MMD -MP -MF"src/FreeRTOS/event_groups.d" -MT"src/FreeRTOS/event_groups.d" -o "src/FreeRTOS/event_groups.o" "../src/FreeRTOS/event_groups.c"
'Finished building: ../src/FreeRTOS/event_groups.c'
' '
'Building file: ../src/FreeRTOS/heap_3.c'
'Invoking: MicroBlaze gcc compiler'
mb-gcc -Wall -O0 -g3 -I../../third_bsp/microblaze_0/include -I"C:\Work\XILINX\Projects\New_25\proc\SDK3\third\src" -I"C:\Work\XILINX\Projects\New_25\proc\SDK3\third\src\FreeRTOS" -c -fmessage-length=0 -mlittle-endian -mxl-barrel-shift -mxl-pattern-compare -mno-xl-soft-div -mcpu=v8.50.c -mno-xl-soft-mul -mhard-float -mxl-float-convert -mxl-float-sqrt -Wl,--no-relax -ffunction-sections -fdata-sections -MMD -MP -MF"src/FreeRTOS/heap_3.d" -MT"src/FreeRTOS/heap_3.d" -o "src/FreeRTOS/heap_3.o" "../src/FreeRTOS/heap_3.c"
'Finished building: ../src/FreeRTOS/heap_3.c'
' '
'Building file: ../src/FreeRTOS/list.c'
'Invoking: MicroBlaze gcc compiler'
mb-gcc -Wall -O0 -g3 -I../../third_bsp/microblaze_0/include -I"C:\Work\XILINX\Projects\New_25\proc\SDK3\third\src" -I"C:\Work\XILINX\Projects\New_25\proc\SDK3\third\src\FreeRTOS" -c -fmessage-length=0 -mlittle-endian -mxl-barrel-shift -mxl-pattern-compare -mno-xl-soft-div -mcpu=v8.50.c -mno-xl-soft-mul -mhard-float -mxl-float-convert -mxl-float-sqrt -Wl,--no-relax -ffunction-sections -fdata-sections -MMD -MP -MF"src/FreeRTOS/list.d" -MT"src/FreeRTOS/list.d" -o "src/FreeRTOS/list.o" "../src/FreeRTOS/list.c"
'Finished building: ../src/FreeRTOS/list.c'
' '
'Building file: ../src/FreeRTOS/port.c'
'Invoking: MicroBlaze gcc compiler'
mb-gcc -Wall -O0 -g3 -I../../third_bsp/microblaze_0/include -I"C:\Work\XILINX\Projects\New_25\proc\SDK3\third\src" -I"C:\Work\XILINX\Projects\New_25\proc\SDK3\third\src\FreeRTOS" -c -fmessage-length=0 -mlittle-endian -mxl-barrel-shift -mxl-pattern-compare -mno-xl-soft-div -mcpu=v8.50.c -mno-xl-soft-mul -mhard-float -mxl-float-convert -mxl-float-sqrt -Wl,--no-relax -ffunction-sections -fdata-sections -MMD -MP -MF"src/FreeRTOS/port.d" -MT"src/FreeRTOS/port.d" -o "src/FreeRTOS/port.o" "../src/FreeRTOS/port.c"
'Finished building: ../src/FreeRTOS/port.c'
' '
'Building file: ../src/FreeRTOS/port_exceptions.c'
'Invoking: MicroBlaze gcc compiler'
mb-gcc -Wall -O0 -g3 -I../../third_bsp/microblaze_0/include -I"C:\Work\XILINX\Projects\New_25\proc\SDK3\third\src" -I"C:\Work\XILINX\Projects\New_25\proc\SDK3\third\src\FreeRTOS" -c -fmessage-length=0 -mlittle-endian -mxl-barrel-shift -mxl-pattern-compare -mno-xl-soft-div -mcpu=v8.50.c -mno-xl-soft-mul -mhard-float -mxl-float-convert -mxl-float-sqrt -Wl,--no-relax -ffunction-sections -fdata-sections -MMD -MP -MF"src/FreeRTOS/port_exceptions.d" -MT"src/FreeRTOS/port_exceptions.d" -o "src/FreeRTOS/port_exceptions.o" "../src/FreeRTOS/port_exceptions.c"
'Finished building: ../src/FreeRTOS/port_exceptions.c'
' '
'Building file: ../src/FreeRTOS/portasm.S'
'Invoking: MicroBlaze gcc compiler'
mb-gcc -Wall -O0 -g3 -I../../third_bsp/microblaze_0/include -I"C:\Work\XILINX\Projects\New_25\proc\SDK3\third\src" -I"C:\Work\XILINX\Projects\New_25\proc\SDK3\third\src\FreeRTOS" -c -fmessage-length=0 -mlittle-endian -mxl-barrel-shift -mxl-pattern-compare -mno-xl-soft-div -mcpu=v8.50.c -mno-xl-soft-mul -mhard-float -mxl-float-convert -mxl-float-sqrt -Wl,--no-relax -ffunction-sections -fdata-sections -MMD -MP -MF"src/FreeRTOS/portasm.d" -MT"src/FreeRTOS/portasm.d" -o "src/FreeRTOS/portasm.o" "../src/FreeRTOS/portasm.S"
'Finished building: ../src/FreeRTOS/portasm.S'
' '
'Building file: ../src/FreeRTOS/queue.c'
'Invoking: MicroBlaze gcc compiler'
mb-gcc -Wall -O0 -g3 -I../../third_bsp/microblaze_0/include -I"C:\Work\XILINX\Projects\New_25\proc\SDK3\third\src" -I"C:\Work\XILINX\Projects\New_25\proc\SDK3\third\src\FreeRTOS" -c -fmessage-length=0 -mlittle-endian -mxl-barrel-shift -mxl-pattern-compare -mno-xl-soft-div -mcpu=v8.50.c -mno-xl-soft-mul -mhard-float -mxl-float-convert -mxl-float-sqrt -Wl,--no-relax -ffunction-sections -fdata-sections -MMD -MP -MF"src/FreeRTOS/queue.d" -MT"src/FreeRTOS/queue.d" -o "src/FreeRTOS/queue.o" "../src/FreeRTOS/queue.c"
'Finished building: ../src/FreeRTOS/queue.c'
' '
'Building file: ../src/FreeRTOS/tasks.c'
'Invoking: MicroBlaze gcc compiler'
mb-gcc -Wall -O0 -g3 -I../../third_bsp/microblaze_0/include -I"C:\Work\XILINX\Projects\New_25\proc\SDK3\third\src" -I"C:\Work\XILINX\Projects\New_25\proc\SDK3\third\src\FreeRTOS" -c -fmessage-length=0 -mlittle-endian -mxl-barrel-shift -mxl-pattern-compare -mno-xl-soft-div -mcpu=v8.50.c -mno-xl-soft-mul -mhard-float -mxl-float-convert -mxl-float-sqrt -Wl,--no-relax -ffunction-sections -fdata-sections -MMD -MP -MF"src/FreeRTOS/tasks.d" -MT"src/FreeRTOS/tasks.d" -o "src/FreeRTOS/tasks.o" "../src/FreeRTOS/tasks.c"
'Finished building: ../src/FreeRTOS/tasks.c'
' '
'Building file: ../src/FreeRTOS/timers.c'
'Invoking: MicroBlaze gcc compiler'
mb-gcc -Wall -O0 -g3 -I../../third_bsp/microblaze_0/include -I"C:\Work\XILINX\Projects\New_25\proc\SDK3\third\src" -I"C:\Work\XILINX\Projects\New_25\proc\SDK3\third\src\FreeRTOS" -c -fmessage-length=0 -mlittle-endian -mxl-barrel-shift -mxl-pattern-compare -mno-xl-soft-div -mcpu=v8.50.c -mno-xl-soft-mul -mhard-float -mxl-float-convert -mxl-float-sqrt -Wl,--no-relax -ffunction-sections -fdata-sections -MMD -MP -MF"src/FreeRTOS/timers.d" -MT"src/FreeRTOS/timers.d" -o "src/FreeRTOS/timers.o" "../src/FreeRTOS/timers.c"
'Finished building: ../src/FreeRTOS/timers.c'
' '
'Building file: ../src/main.c'
'Invoking: MicroBlaze gcc compiler'
mb-gcc -Wall -O0 -g3 -I../../third_bsp/microblaze_0/include -I"C:\Work\XILINX\Projects\New_25\proc\SDK3\third\src" -I"C:\Work\XILINX\Projects\New_25\proc\SDK3\third\src\FreeRTOS" -c -fmessage-length=0 -mlittle-endian -mxl-barrel-shift -mxl-pattern-compare -mno-xl-soft-div -mcpu=v8.50.c -mno-xl-soft-mul -mhard-float -mxl-float-convert -mxl-float-sqrt -Wl,--no-relax -ffunction-sections -fdata-sections -MMD -MP -MF"src/main.d" -MT"src/main.d" -o "src/main.o" "../src/main.c"
'Finished building: ../src/main.c'
' '
'Building target: third.elf'
'Invoking: MicroBlaze gcc linker'
mb-gcc -L../../third_bsp/microblaze_0/lib -Wl,-T -Wl,../src/lscript.ld -mlittle-endian -mxl-barrel-shift -mxl-pattern-compare -mno-xl-soft-div -mcpu=v8.50.c -mno-xl-soft-mul -mhard-float -mxl-float-convert -mxl-float-sqrt -Wl,--no-relax -Wl,--gc-sections -o "third.elf"  ./src/FreeRTOS/FreeRTOS_mb_hooks.o ./src/FreeRTOS/croutine.o ./src/FreeRTOS/event_groups.o ./src/FreeRTOS/heap_3.o ./src/FreeRTOS/list.o ./src/FreeRTOS/port.o ./src/FreeRTOS/port_exceptions.o ./src/FreeRTOS/portasm.o ./src/FreeRTOS/queue.o ./src/FreeRTOS/tasks.o ./src/FreeRTOS/timers.o  ./src/main.o   -l-Wl,--start-group,-lxil,-lgcc,-lc,--end-group
c:/xilinx/14.7/ise_ds/edk/gnu/microblaze/nt/bin/../lib/gcc/microblaze-xilinx-elf/4.6.4/../../../../microblaze-xilinx-elf/bin/ld.exe: cannot find -l-Wl,--start-group,-lxil,-lgcc,-lc,--end-group
collect2: ld returned 1 exit status
make: *** [third.elf] Error 1
10:02:01 **** Clean-only build of configuration Debug for project third ****
make clean 
rm -rf  ./src/FreeRTOS/FreeRTOS_mb_hooks.o ./src/FreeRTOS/croutine.o ./src/FreeRTOS/event_groups.o ./src/FreeRTOS/heap_3.o ./src/FreeRTOS/list.o ./src/FreeRTOS/port.o ./src/FreeRTOS/port_exceptions.o ./src/FreeRTOS/portasm.o ./src/FreeRTOS/queue.o ./src/FreeRTOS/tasks.o ./src/FreeRTOS/timers.o  ./src/main.o  ./src/FreeRTOS/FreeRTOS_mb_hooks.d ./src/FreeRTOS/croutine.d ./src/FreeRTOS/event_groups.d ./src/FreeRTOS/heap_3.d ./src/FreeRTOS/list.d ./src/FreeRTOS/port.d ./src/FreeRTOS/port_exceptions.d ./src/FreeRTOS/queue.d ./src/FreeRTOS/tasks.d ./src/FreeRTOS/timers.d  ./src/main.d  third.elf.size  third.elf.elfcheck  ./src/FreeRTOS/portasm.d  third.elf
' '
10:02:01 **** Auto Build of configuration Debug for project third ****
make all 
'Building file: ../src/FreeRTOS/FreeRTOS_mb_hooks.c'
'Invoking: MicroBlaze gcc compiler'
mb-gcc -Wall -O0 -g3 -I../../third_bsp/microblaze_0/include -I"C:\Work\XILINX\Projects\New_25\proc\SDK3\third\src" -I"C:\Work\XILINX\Projects\New_25\proc\SDK3\third\src\FreeRTOS" -c -fmessage-length=0 -mlittle-endian -mxl-barrel-shift -mxl-pattern-compare -mno-xl-soft-div -mcpu=v8.50.c -mno-xl-soft-mul -mhard-float -mxl-float-convert -mxl-float-sqrt -Wl,--no-relax -ffunction-sections -fdata-sections -MMD -MP -MF"src/FreeRTOS/FreeRTOS_mb_hooks.d" -MT"src/FreeRTOS/FreeRTOS_mb_hooks.d" -o "src/FreeRTOS/FreeRTOS_mb_hooks.o" "../src/FreeRTOS/FreeRTOS_mb_hooks.c"
'Finished building: ../src/FreeRTOS/FreeRTOS_mb_hooks.c'
' '
'Building file: ../src/FreeRTOS/croutine.c'
'Invoking: MicroBlaze gcc compiler'
mb-gcc -Wall -O0 -g3 -I../../third_bsp/microblaze_0/include -I"C:\Work\XILINX\Projects\New_25\proc\SDK3\third\src" -I"C:\Work\XILINX\Projects\New_25\proc\SDK3\third\src\FreeRTOS" -c -fmessage-length=0 -mlittle-endian -mxl-barrel-shift -mxl-pattern-compare -mno-xl-soft-div -mcpu=v8.50.c -mno-xl-soft-mul -mhard-float -mxl-float-convert -mxl-float-sqrt -Wl,--no-relax -ffunction-sections -fdata-sections -MMD -MP -MF"src/FreeRTOS/croutine.d" -MT"src/FreeRTOS/croutine.d" -o "src/FreeRTOS/croutine.o" "../src/FreeRTOS/croutine.c"
'Finished building: ../src/FreeRTOS/croutine.c'
' '
'Building file: ../src/FreeRTOS/event_groups.c'
'Invoking: MicroBlaze gcc compiler'
mb-gcc -Wall -O0 -g3 -I../../third_bsp/microblaze_0/include -I"C:\Work\XILINX\Projects\New_25\proc\SDK3\third\src" -I"C:\Work\XILINX\Projects\New_25\proc\SDK3\third\src\FreeRTOS" -c -fmessage-length=0 -mlittle-endian -mxl-barrel-shift -mxl-pattern-compare -mno-xl-soft-div -mcpu=v8.50.c -mno-xl-soft-mul -mhard-float -mxl-float-convert -mxl-float-sqrt -Wl,--no-relax -ffunction-sections -fdata-sections -MMD -MP -MF"src/FreeRTOS/event_groups.d" -MT"src/FreeRTOS/event_groups.d" -o "src/FreeRTOS/event_groups.o" "../src/FreeRTOS/event_groups.c"
'Finished building: ../src/FreeRTOS/event_groups.c'
' '
'Building file: ../src/FreeRTOS/heap_3.c'
'Invoking: MicroBlaze gcc compiler'
mb-gcc -Wall -O0 -g3 -I../../third_bsp/microblaze_0/include -I"C:\Work\XILINX\Projects\New_25\proc\SDK3\third\src" -I"C:\Work\XILINX\Projects\New_25\proc\SDK3\third\src\FreeRTOS" -c -fmessage-length=0 -mlittle-endian -mxl-barrel-shift -mxl-pattern-compare -mno-xl-soft-div -mcpu=v8.50.c -mno-xl-soft-mul -mhard-float -mxl-float-convert -mxl-float-sqrt -Wl,--no-relax -ffunction-sections -fdata-sections -MMD -MP -MF"src/FreeRTOS/heap_3.d" -MT"src/FreeRTOS/heap_3.d" -o "src/FreeRTOS/heap_3.o" "../src/FreeRTOS/heap_3.c"
'Finished building: ../src/FreeRTOS/heap_3.c'
' '
'Building file: ../src/FreeRTOS/list.c'
'Invoking: MicroBlaze gcc compiler'
mb-gcc -Wall -O0 -g3 -I../../third_bsp/microblaze_0/include -I"C:\Work\XILINX\Projects\New_25\proc\SDK3\third\src" -I"C:\Work\XILINX\Projects\New_25\proc\SDK3\third\src\FreeRTOS" -c -fmessage-length=0 -mlittle-endian -mxl-barrel-shift -mxl-pattern-compare -mno-xl-soft-div -mcpu=v8.50.c -mno-xl-soft-mul -mhard-float -mxl-float-convert -mxl-float-sqrt -Wl,--no-relax -ffunction-sections -fdata-sections -MMD -MP -MF"src/FreeRTOS/list.d" -MT"src/FreeRTOS/list.d" -o "src/FreeRTOS/list.o" "../src/FreeRTOS/list.c"
'Finished building: ../src/FreeRTOS/list.c'
' '
'Building file: ../src/FreeRTOS/port.c'
'Invoking: MicroBlaze gcc compiler'
mb-gcc -Wall -O0 -g3 -I../../third_bsp/microblaze_0/include -I"C:\Work\XILINX\Projects\New_25\proc\SDK3\third\src" -I"C:\Work\XILINX\Projects\New_25\proc\SDK3\third\src\FreeRTOS" -c -fmessage-length=0 -mlittle-endian -mxl-barrel-shift -mxl-pattern-compare -mno-xl-soft-div -mcpu=v8.50.c -mno-xl-soft-mul -mhard-float -mxl-float-convert -mxl-float-sqrt -Wl,--no-relax -ffunction-sections -fdata-sections -MMD -MP -MF"src/FreeRTOS/port.d" -MT"src/FreeRTOS/port.d" -o "src/FreeRTOS/port.o" "../src/FreeRTOS/port.c"
'Finished building: ../src/FreeRTOS/port.c'
' '
'Building file: ../src/FreeRTOS/port_exceptions.c'
'Invoking: MicroBlaze gcc compiler'
mb-gcc -Wall -O0 -g3 -I../../third_bsp/microblaze_0/include -I"C:\Work\XILINX\Projects\New_25\proc\SDK3\third\src" -I"C:\Work\XILINX\Projects\New_25\proc\SDK3\third\src\FreeRTOS" -c -fmessage-length=0 -mlittle-endian -mxl-barrel-shift -mxl-pattern-compare -mno-xl-soft-div -mcpu=v8.50.c -mno-xl-soft-mul -mhard-float -mxl-float-convert -mxl-float-sqrt -Wl,--no-relax -ffunction-sections -fdata-sections -MMD -MP -MF"src/FreeRTOS/port_exceptions.d" -MT"src/FreeRTOS/port_exceptions.d" -o "src/FreeRTOS/port_exceptions.o" "../src/FreeRTOS/port_exceptions.c"
'Finished building: ../src/FreeRTOS/port_exceptions.c'
' '
'Building file: ../src/FreeRTOS/portasm.S'
'Invoking: MicroBlaze gcc compiler'
mb-gcc -Wall -O0 -g3 -I../../third_bsp/microblaze_0/include -I"C:\Work\XILINX\Projects\New_25\proc\SDK3\third\src" -I"C:\Work\XILINX\Projects\New_25\proc\SDK3\third\src\FreeRTOS" -c -fmessage-length=0 -mlittle-endian -mxl-barrel-shift -mxl-pattern-compare -mno-xl-soft-div -mcpu=v8.50.c -mno-xl-soft-mul -mhard-float -mxl-float-convert -mxl-float-sqrt -Wl,--no-relax -ffunction-sections -fdata-sections -MMD -MP -MF"src/FreeRTOS/portasm.d" -MT"src/FreeRTOS/portasm.d" -o "src/FreeRTOS/portasm.o" "../src/FreeRTOS/portasm.S"
'Finished building: ../src/FreeRTOS/portasm.S'
' '
'Building file: ../src/FreeRTOS/queue.c'
'Invoking: MicroBlaze gcc compiler'
mb-gcc -Wall -O0 -g3 -I../../third_bsp/microblaze_0/include -I"C:\Work\XILINX\Projects\New_25\proc\SDK3\third\src" -I"C:\Work\XILINX\Projects\New_25\proc\SDK3\third\src\FreeRTOS" -c -fmessage-length=0 -mlittle-endian -mxl-barrel-shift -mxl-pattern-compare -mno-xl-soft-div -mcpu=v8.50.c -mno-xl-soft-mul -mhard-float -mxl-float-convert -mxl-float-sqrt -Wl,--no-relax -ffunction-sections -fdata-sections -MMD -MP -MF"src/FreeRTOS/queue.d" -MT"src/FreeRTOS/queue.d" -o "src/FreeRTOS/queue.o" "../src/FreeRTOS/queue.c"
'Finished building: ../src/FreeRTOS/queue.c'
' '
'Building file: ../src/FreeRTOS/tasks.c'
'Invoking: MicroBlaze gcc compiler'
mb-gcc -Wall -O0 -g3 -I../../third_bsp/microblaze_0/include -I"C:\Work\XILINX\Projects\New_25\proc\SDK3\third\src" -I"C:\Work\XILINX\Projects\New_25\proc\SDK3\third\src\FreeRTOS" -c -fmessage-length=0 -mlittle-endian -mxl-barrel-shift -mxl-pattern-compare -mno-xl-soft-div -mcpu=v8.50.c -mno-xl-soft-mul -mhard-float -mxl-float-convert -mxl-float-sqrt -Wl,--no-relax -ffunction-sections -fdata-sections -MMD -MP -MF"src/FreeRTOS/tasks.d" -MT"src/FreeRTOS/tasks.d" -o "src/FreeRTOS/tasks.o" "../src/FreeRTOS/tasks.c"
'Finished building: ../src/FreeRTOS/tasks.c'
' '
'Building file: ../src/FreeRTOS/timers.c'
'Invoking: MicroBlaze gcc compiler'
mb-gcc -Wall -O0 -g3 -I../../third_bsp/microblaze_0/include -I"C:\Work\XILINX\Projects\New_25\proc\SDK3\third\src" -I"C:\Work\XILINX\Projects\New_25\proc\SDK3\third\src\FreeRTOS" -c -fmessage-length=0 -mlittle-endian -mxl-barrel-shift -mxl-pattern-compare -mno-xl-soft-div -mcpu=v8.50.c -mno-xl-soft-mul -mhard-float -mxl-float-convert -mxl-float-sqrt -Wl,--no-relax -ffunction-sections -fdata-sections -MMD -MP -MF"src/FreeRTOS/timers.d" -MT"src/FreeRTOS/timers.d" -o "src/FreeRTOS/timers.o" "../src/FreeRTOS/timers.c"
'Finished building: ../src/FreeRTOS/timers.c'
' '
'Building file: ../src/main.c'
'Invoking: MicroBlaze gcc compiler'
mb-gcc -Wall -O0 -g3 -I../../third_bsp/microblaze_0/include -I"C:\Work\XILINX\Projects\New_25\proc\SDK3\third\src" -I"C:\Work\XILINX\Projects\New_25\proc\SDK3\third\src\FreeRTOS" -c -fmessage-length=0 -mlittle-endian -mxl-barrel-shift -mxl-pattern-compare -mno-xl-soft-div -mcpu=v8.50.c -mno-xl-soft-mul -mhard-float -mxl-float-convert -mxl-float-sqrt -Wl,--no-relax -ffunction-sections -fdata-sections -MMD -MP -MF"src/main.d" -MT"src/main.d" -o "src/main.o" "../src/main.c"
'Finished building: ../src/main.c'
' '
'Building target: third.elf'
'Invoking: MicroBlaze gcc linker'
mb-gcc -L../../third_bsp/microblaze_0/lib -Wl,-T -Wl,../src/lscript.ld -mlittle-endian -mxl-barrel-shift -mxl-pattern-compare -mno-xl-soft-div -mcpu=v8.50.c -mno-xl-soft-mul -mhard-float -mxl-float-convert -mxl-float-sqrt -Wl,--no-relax -Wl,--gc-sections -o "third.elf"  ./src/FreeRTOS/FreeRTOS_mb_hooks.o ./src/FreeRTOS/croutine.o ./src/FreeRTOS/event_groups.o ./src/FreeRTOS/heap_3.o ./src/FreeRTOS/list.o ./src/FreeRTOS/port.o ./src/FreeRTOS/port_exceptions.o ./src/FreeRTOS/portasm.o ./src/FreeRTOS/queue.o ./src/FreeRTOS/tasks.o ./src/FreeRTOS/timers.o  ./src/main.o   -l-Wl,--start-group,-lxil,-lgcc,-lc,--end-group
c:/xilinx/14.7/ise_ds/edk/gnu/microblaze/nt/bin/../lib/gcc/microblaze-xilinx-elf/4.6.4/../../../../microblaze-xilinx-elf/bin/ld.exe: cannot find -l-Wl,--start-group,-lxil,-lgcc,-lc,--end-group
collect2: ld returned 1 exit status
make: *** [third.elf] Error 1
10:02:08 **** Clean-only build of configuration Debug for project third ****
make clean 
rm -rf  ./src/FreeRTOS/FreeRTOS_mb_hooks.o ./src/FreeRTOS/croutine.o ./src/FreeRTOS/event_groups.o ./src/FreeRTOS/heap_3.o ./src/FreeRTOS/list.o ./src/FreeRTOS/port.o ./src/FreeRTOS/port_exceptions.o ./src/FreeRTOS/portasm.o ./src/FreeRTOS/queue.o ./src/FreeRTOS/tasks.o ./src/FreeRTOS/timers.o  ./src/main.o  ./src/FreeRTOS/FreeRTOS_mb_hooks.d ./src/FreeRTOS/croutine.d ./src/FreeRTOS/event_groups.d ./src/FreeRTOS/heap_3.d ./src/FreeRTOS/list.d ./src/FreeRTOS/port.d ./src/FreeRTOS/port_exceptions.d ./src/FreeRTOS/queue.d ./src/FreeRTOS/tasks.d ./src/FreeRTOS/timers.d  ./src/main.d  third.elf.size  third.elf.elfcheck  ./src/FreeRTOS/portasm.d  third.elf
' '
10:02:08 **** Auto Build of configuration Debug for project third ****
make all 
'Building file: ../src/FreeRTOS/FreeRTOS_mb_hooks.c'
'Invoking: MicroBlaze gcc compiler'
mb-gcc -Wall -O0 -g3 -I../../third_bsp/microblaze_0/include -I"C:\Work\XILINX\Projects\New_25\proc\SDK3\third\src" -I"C:\Work\XILINX\Projects\New_25\proc\SDK3\third\src\FreeRTOS" -c -fmessage-length=0 -mlittle-endian -mxl-barrel-shift -mxl-pattern-compare -mno-xl-soft-div -mcpu=v8.50.c -mno-xl-soft-mul -mhard-float -mxl-float-convert -mxl-float-sqrt -Wl,--no-relax -ffunction-sections -fdata-sections -MMD -MP -MF"src/FreeRTOS/FreeRTOS_mb_hooks.d" -MT"src/FreeRTOS/FreeRTOS_mb_hooks.d" -o "src/FreeRTOS/FreeRTOS_mb_hooks.o" "../src/FreeRTOS/FreeRTOS_mb_hooks.c"
'Finished building: ../src/FreeRTOS/FreeRTOS_mb_hooks.c'
' '
'Building file: ../src/FreeRTOS/croutine.c'
'Invoking: MicroBlaze gcc compiler'
mb-gcc -Wall -O0 -g3 -I../../third_bsp/microblaze_0/include -I"C:\Work\XILINX\Projects\New_25\proc\SDK3\third\src" -I"C:\Work\XILINX\Projects\New_25\proc\SDK3\third\src\FreeRTOS" -c -fmessage-length=0 -mlittle-endian -mxl-barrel-shift -mxl-pattern-compare -mno-xl-soft-div -mcpu=v8.50.c -mno-xl-soft-mul -mhard-float -mxl-float-convert -mxl-float-sqrt -Wl,--no-relax -ffunction-sections -fdata-sections -MMD -MP -MF"src/FreeRTOS/croutine.d" -MT"src/FreeRTOS/croutine.d" -o "src/FreeRTOS/croutine.o" "../src/FreeRTOS/croutine.c"
'Finished building: ../src/FreeRTOS/croutine.c'
' '
'Building file: ../src/FreeRTOS/event_groups.c'
'Invoking: MicroBlaze gcc compiler'
mb-gcc -Wall -O0 -g3 -I../../third_bsp/microblaze_0/include -I"C:\Work\XILINX\Projects\New_25\proc\SDK3\third\src" -I"C:\Work\XILINX\Projects\New_25\proc\SDK3\third\src\FreeRTOS" -c -fmessage-length=0 -mlittle-endian -mxl-barrel-shift -mxl-pattern-compare -mno-xl-soft-div -mcpu=v8.50.c -mno-xl-soft-mul -mhard-float -mxl-float-convert -mxl-float-sqrt -Wl,--no-relax -ffunction-sections -fdata-sections -MMD -MP -MF"src/FreeRTOS/event_groups.d" -MT"src/FreeRTOS/event_groups.d" -o "src/FreeRTOS/event_groups.o" "../src/FreeRTOS/event_groups.c"
'Finished building: ../src/FreeRTOS/event_groups.c'
' '
'Building file: ../src/FreeRTOS/heap_3.c'
'Invoking: MicroBlaze gcc compiler'
mb-gcc -Wall -O0 -g3 -I../../third_bsp/microblaze_0/include -I"C:\Work\XILINX\Projects\New_25\proc\SDK3\third\src" -I"C:\Work\XILINX\Projects\New_25\proc\SDK3\third\src\FreeRTOS" -c -fmessage-length=0 -mlittle-endian -mxl-barrel-shift -mxl-pattern-compare -mno-xl-soft-div -mcpu=v8.50.c -mno-xl-soft-mul -mhard-float -mxl-float-convert -mxl-float-sqrt -Wl,--no-relax -ffunction-sections -fdata-sections -MMD -MP -MF"src/FreeRTOS/heap_3.d" -MT"src/FreeRTOS/heap_3.d" -o "src/FreeRTOS/heap_3.o" "../src/FreeRTOS/heap_3.c"
'Finished building: ../src/FreeRTOS/heap_3.c'
' '
'Building file: ../src/FreeRTOS/list.c'
'Invoking: MicroBlaze gcc compiler'
mb-gcc -Wall -O0 -g3 -I../../third_bsp/microblaze_0/include -I"C:\Work\XILINX\Projects\New_25\proc\SDK3\third\src" -I"C:\Work\XILINX\Projects\New_25\proc\SDK3\third\src\FreeRTOS" -c -fmessage-length=0 -mlittle-endian -mxl-barrel-shift -mxl-pattern-compare -mno-xl-soft-div -mcpu=v8.50.c -mno-xl-soft-mul -mhard-float -mxl-float-convert -mxl-float-sqrt -Wl,--no-relax -ffunction-sections -fdata-sections -MMD -MP -MF"src/FreeRTOS/list.d" -MT"src/FreeRTOS/list.d" -o "src/FreeRTOS/list.o" "../src/FreeRTOS/list.c"
'Finished building: ../src/FreeRTOS/list.c'
' '
'Building file: ../src/FreeRTOS/port.c'
'Invoking: MicroBlaze gcc compiler'
mb-gcc -Wall -O0 -g3 -I../../third_bsp/microblaze_0/include -I"C:\Work\XILINX\Projects\New_25\proc\SDK3\third\src" -I"C:\Work\XILINX\Projects\New_25\proc\SDK3\third\src\FreeRTOS" -c -fmessage-length=0 -mlittle-endian -mxl-barrel-shift -mxl-pattern-compare -mno-xl-soft-div -mcpu=v8.50.c -mno-xl-soft-mul -mhard-float -mxl-float-convert -mxl-float-sqrt -Wl,--no-relax -ffunction-sections -fdata-sections -MMD -MP -MF"src/FreeRTOS/port.d" -MT"src/FreeRTOS/port.d" -o "src/FreeRTOS/port.o" "../src/FreeRTOS/port.c"
'Finished building: ../src/FreeRTOS/port.c'
' '
'Building file: ../src/FreeRTOS/port_exceptions.c'
'Invoking: MicroBlaze gcc compiler'
mb-gcc -Wall -O0 -g3 -I../../third_bsp/microblaze_0/include -I"C:\Work\XILINX\Projects\New_25\proc\SDK3\third\src" -I"C:\Work\XILINX\Projects\New_25\proc\SDK3\third\src\FreeRTOS" -c -fmessage-length=0 -mlittle-endian -mxl-barrel-shift -mxl-pattern-compare -mno-xl-soft-div -mcpu=v8.50.c -mno-xl-soft-mul -mhard-float -mxl-float-convert -mxl-float-sqrt -Wl,--no-relax -ffunction-sections -fdata-sections -MMD -MP -MF"src/FreeRTOS/port_exceptions.d" -MT"src/FreeRTOS/port_exceptions.d" -o "src/FreeRTOS/port_exceptions.o" "../src/FreeRTOS/port_exceptions.c"
'Finished building: ../src/FreeRTOS/port_exceptions.c'
' '
'Building file: ../src/FreeRTOS/portasm.S'
'Invoking: MicroBlaze gcc compiler'
mb-gcc -Wall -O0 -g3 -I../../third_bsp/microblaze_0/include -I"C:\Work\XILINX\Projects\New_25\proc\SDK3\third\src" -I"C:\Work\XILINX\Projects\New_25\proc\SDK3\third\src\FreeRTOS" -c -fmessage-length=0 -mlittle-endian -mxl-barrel-shift -mxl-pattern-compare -mno-xl-soft-div -mcpu=v8.50.c -mno-xl-soft-mul -mhard-float -mxl-float-convert -mxl-float-sqrt -Wl,--no-relax -ffunction-sections -fdata-sections -MMD -MP -MF"src/FreeRTOS/portasm.d" -MT"src/FreeRTOS/portasm.d" -o "src/FreeRTOS/portasm.o" "../src/FreeRTOS/portasm.S"
'Finished building: ../src/FreeRTOS/portasm.S'
' '
'Building file: ../src/FreeRTOS/queue.c'
'Invoking: MicroBlaze gcc compiler'
mb-gcc -Wall -O0 -g3 -I../../third_bsp/microblaze_0/include -I"C:\Work\XILINX\Projects\New_25\proc\SDK3\third\src" -I"C:\Work\XILINX\Projects\New_25\proc\SDK3\third\src\FreeRTOS" -c -fmessage-length=0 -mlittle-endian -mxl-barrel-shift -mxl-pattern-compare -mno-xl-soft-div -mcpu=v8.50.c -mno-xl-soft-mul -mhard-float -mxl-float-convert -mxl-float-sqrt -Wl,--no-relax -ffunction-sections -fdata-sections -MMD -MP -MF"src/FreeRTOS/queue.d" -MT"src/FreeRTOS/queue.d" -o "src/FreeRTOS/queue.o" "../src/FreeRTOS/queue.c"
'Finished building: ../src/FreeRTOS/queue.c'
' '
'Building file: ../src/FreeRTOS/tasks.c'
'Invoking: MicroBlaze gcc compiler'
mb-gcc -Wall -O0 -g3 -I../../third_bsp/microblaze_0/include -I"C:\Work\XILINX\Projects\New_25\proc\SDK3\third\src" -I"C:\Work\XILINX\Projects\New_25\proc\SDK3\third\src\FreeRTOS" -c -fmessage-length=0 -mlittle-endian -mxl-barrel-shift -mxl-pattern-compare -mno-xl-soft-div -mcpu=v8.50.c -mno-xl-soft-mul -mhard-float -mxl-float-convert -mxl-float-sqrt -Wl,--no-relax -ffunction-sections -fdata-sections -MMD -MP -MF"src/FreeRTOS/tasks.d" -MT"src/FreeRTOS/tasks.d" -o "src/FreeRTOS/tasks.o" "../src/FreeRTOS/tasks.c"
'Finished building: ../src/FreeRTOS/tasks.c'
' '
'Building file: ../src/FreeRTOS/timers.c'
'Invoking: MicroBlaze gcc compiler'
mb-gcc -Wall -O0 -g3 -I../../third_bsp/microblaze_0/include -I"C:\Work\XILINX\Projects\New_25\proc\SDK3\third\src" -I"C:\Work\XILINX\Projects\New_25\proc\SDK3\third\src\FreeRTOS" -c -fmessage-length=0 -mlittle-endian -mxl-barrel-shift -mxl-pattern-compare -mno-xl-soft-div -mcpu=v8.50.c -mno-xl-soft-mul -mhard-float -mxl-float-convert -mxl-float-sqrt -Wl,--no-relax -ffunction-sections -fdata-sections -MMD -MP -MF"src/FreeRTOS/timers.d" -MT"src/FreeRTOS/timers.d" -o "src/FreeRTOS/timers.o" "../src/FreeRTOS/timers.c"
'Finished building: ../src/FreeRTOS/timers.c'
' '
'Building file: ../src/main.c'
'Invoking: MicroBlaze gcc compiler'
mb-gcc -Wall -O0 -g3 -I../../third_bsp/microblaze_0/include -I"C:\Work\XILINX\Projects\New_25\proc\SDK3\third\src" -I"C:\Work\XILINX\Projects\New_25\proc\SDK3\third\src\FreeRTOS" -c -fmessage-length=0 -mlittle-endian -mxl-barrel-shift -mxl-pattern-compare -mno-xl-soft-div -mcpu=v8.50.c -mno-xl-soft-mul -mhard-float -mxl-float-convert -mxl-float-sqrt -Wl,--no-relax -ffunction-sections -fdata-sections -MMD -MP -MF"src/main.d" -MT"src/main.d" -o "src/main.o" "../src/main.c"
'Finished building: ../src/main.c'
' '
'Building target: third.elf'
'Invoking: MicroBlaze gcc linker'
mb-gcc -Wl,-T -Wl,../src/lscript.ld -L../../third_bsp/microblaze_0/lib -mlittle-endian -mxl-barrel-shift -mxl-pattern-compare -mno-xl-soft-div -mcpu=v8.50.c -mno-xl-soft-mul -mhard-float -mxl-float-convert -mxl-float-sqrt -Wl,--no-relax -Wl,--gc-sections -o "third.elf"  ./src/FreeRTOS/FreeRTOS_mb_hooks.o ./src/FreeRTOS/croutine.o ./src/FreeRTOS/event_groups.o ./src/FreeRTOS/heap_3.o ./src/FreeRTOS/list.o ./src/FreeRTOS/port.o ./src/FreeRTOS/port_exceptions.o ./src/FreeRTOS/portasm.o ./src/FreeRTOS/queue.o ./src/FreeRTOS/tasks.o ./src/FreeRTOS/timers.o  ./src/main.o   -Wl,--start-group,-lxil,-lgcc,-lc,--end-group
c:/xilinx/14.7/ise_ds/edk/gnu/microblaze/nt/bin/../lib/gcc/microblaze-xilinx-elf/4.6.4/../../../../microblaze-xilinx-elf/lib/bs/m/le/crtinit.o: In function `_crtinit':
/wrk/ptx/users/nagaraju/GCC_2013_03/newlib/libgloss/microblaze/crtinit.S:69: undefined reference to `main'
collect2: ld returned 1 exit status
make: *** [third.elf] Error 1
10:02:42 **** Auto Build of configuration Debug for project third ****
make all 
'Building file: ../src/main.c'
'Invoking: MicroBlaze gcc compiler'
mb-gcc -Wall -O0 -g3 -I../../third_bsp/microblaze_0/include -I"C:\Work\XILINX\Projects\New_25\proc\SDK3\third\src" -I"C:\Work\XILINX\Projects\New_25\proc\SDK3\third\src\FreeRTOS" -c -fmessage-length=0 -mlittle-endian -mxl-barrel-shift -mxl-pattern-compare -mno-xl-soft-div -mcpu=v8.50.c -mno-xl-soft-mul -mhard-float -mxl-float-convert -mxl-float-sqrt -Wl,--no-relax -ffunction-sections -fdata-sections -MMD -MP -MF"src/main.d" -MT"src/main.d" -o "src/main.o" "../src/main.c"
../src/main.c: In function 'main':
../src/main.c:33:5: warning: implicit declaration of function 'init_platform' [-Wimplicit-function-declaration]
'Finished building: ../src/main.c'
' '
'Building target: third.elf'
'Invoking: MicroBlaze gcc linker'
mb-gcc -Wl,-T -Wl,../src/lscript.ld -L../../third_bsp/microblaze_0/lib -mlittle-endian -mxl-barrel-shift -mxl-pattern-compare -mno-xl-soft-div -mcpu=v8.50.c -mno-xl-soft-mul -mhard-float -mxl-float-convert -mxl-float-sqrt -Wl,--no-relax -Wl,--gc-sections -o "third.elf"  ./src/FreeRTOS/FreeRTOS_mb_hooks.o ./src/FreeRTOS/croutine.o ./src/FreeRTOS/event_groups.o ./src/FreeRTOS/heap_3.o ./src/FreeRTOS/list.o ./src/FreeRTOS/port.o ./src/FreeRTOS/port_exceptions.o ./src/FreeRTOS/portasm.o ./src/FreeRTOS/queue.o ./src/FreeRTOS/tasks.o ./src/FreeRTOS/timers.o  ./src/main.o   -Wl,--start-group,-lxil,-lgcc,-lc,--end-group
./src/main.o: In function `main':
C:\Work\XILINX\Projects\New_25\proc\SDK3\third\Debug/../src/main.c:33: undefined reference to `init_platform'
collect2: ld returned 1 exit status
make: *** [third.elf] Error 1
10:02:57 **** Auto Build of configuration Debug for project third ****
make all 
'Building file: ../src/main.c'
'Invoking: MicroBlaze gcc compiler'
mb-gcc -Wall -O0 -g3 -I../../third_bsp/microblaze_0/include -I"C:\Work\XILINX\Projects\New_25\proc\SDK3\third\src" -I"C:\Work\XILINX\Projects\New_25\proc\SDK3\third\src\FreeRTOS" -c -fmessage-length=0 -mlittle-endian -mxl-barrel-shift -mxl-pattern-compare -mno-xl-soft-div -mcpu=v8.50.c -mno-xl-soft-mul -mhard-float -mxl-float-convert -mxl-float-sqrt -Wl,--no-relax -ffunction-sections -fdata-sections -MMD -MP -MF"src/main.d" -MT"src/main.d" -o "src/main.o" "../src/main.c"
'Finished building: ../src/main.c'
' '
'Building target: third.elf'
'Invoking: MicroBlaze gcc linker'
mb-gcc -Wl,-T -Wl,../src/lscript.ld -L../../third_bsp/microblaze_0/lib -mlittle-endian -mxl-barrel-shift -mxl-pattern-compare -mno-xl-soft-div -mcpu=v8.50.c -mno-xl-soft-mul -mhard-float -mxl-float-convert -mxl-float-sqrt -Wl,--no-relax -Wl,--gc-sections -o "third.elf"  ./src/FreeRTOS/FreeRTOS_mb_hooks.o ./src/FreeRTOS/croutine.o ./src/FreeRTOS/event_groups.o ./src/FreeRTOS/heap_3.o ./src/FreeRTOS/list.o ./src/FreeRTOS/port.o ./src/FreeRTOS/port_exceptions.o ./src/FreeRTOS/portasm.o ./src/FreeRTOS/queue.o ./src/FreeRTOS/tasks.o ./src/FreeRTOS/timers.o  ./src/main.o   -Wl,--start-group,-lxil,-lgcc,-lc,--end-group
'Finished building target: third.elf'
' '
'Invoking: MicroBlaze Print Size'
mb-size third.elf  |tee "third.elf.size"
   text	   data	    bss	    dec	    hex	filename
  20244	   1476	   2808	  24528	   5fd0	third.elf
'Finished building: third.elf.size'
' '
'Invoking: Xilinx ELF Check'
elfcheck third.elf -hw ../../proc_hw_platform/system.xml -pe microblaze_0  |tee "third.elf.elfcheck"
elfcheck
Xilinx EDK 14.7 Build EDK_P.20131013
Copyright (c) 1995-2012 Xilinx, Inc.  All rights reserved.

Command Line: elfcheck -hw ../../proc_hw_platform/system.xml -pe microblaze_0
third.elf 

ELF file	: third.elf
elfcheck passed.
'Finished building: third.elf.elfcheck'
' '
10:03:52 **** Incremental Build of configuration Debug for project third ****
make all 
make: Nothing to be done for `all'.
10:04:42 **** Incremental Build of configuration Debug for project third ****
make all 
make: Nothing to be done for `all'.
10:25:32 **** Incremental Build of configuration Debug for project third ****
make all 
make: Nothing to be done for `all'.
10:25:55 **** Incremental Build of configuration Debug for project third ****
make all 
make: Nothing to be done for `all'.
10:26:52 **** Incremental Build of configuration Debug for project third ****
make all 
make: Nothing to be done for `all'.
10:28:14 **** Incremental Build of configuration Debug for project third ****
make all 
make: Nothing to be done for `all'.
10:28:53 **** Auto Build of configuration Debug for project third ****
make all 
'Building file: ../src/main.c'
'Invoking: MicroBlaze gcc compiler'
mb-gcc -Wall -O0 -g3 -I../../third_bsp/microblaze_0/include -I"C:\Work\XILINX\Projects\New_25\proc\SDK3\third\src" -I"C:\Work\XILINX\Projects\New_25\proc\SDK3\third\src\FreeRTOS" -c -fmessage-length=0 -mlittle-endian -mxl-barrel-shift -mxl-pattern-compare -mno-xl-soft-div -mcpu=v8.50.c -mno-xl-soft-mul -mhard-float -mxl-float-convert -mxl-float-sqrt -Wl,--no-relax -ffunction-sections -fdata-sections -MMD -MP -MF"src/main.d" -MT"src/main.d" -o "src/main.o" "../src/main.c"
'Finished building: ../src/main.c'
' '
'Building target: third.elf'
'Invoking: MicroBlaze gcc linker'
mb-gcc -Wl,-T -Wl,../src/lscript.ld -L../../third_bsp/microblaze_0/lib -mlittle-endian -mxl-barrel-shift -mxl-pattern-compare -mno-xl-soft-div -mcpu=v8.50.c -mno-xl-soft-mul -mhard-float -mxl-float-convert -mxl-float-sqrt -Wl,--no-relax -Wl,--gc-sections -o "third.elf"  ./src/FreeRTOS/FreeRTOS_mb_hooks.o ./src/FreeRTOS/croutine.o ./src/FreeRTOS/event_groups.o ./src/FreeRTOS/heap_3.o ./src/FreeRTOS/list.o ./src/FreeRTOS/port.o ./src/FreeRTOS/port_exceptions.o ./src/FreeRTOS/portasm.o ./src/FreeRTOS/queue.o ./src/FreeRTOS/tasks.o ./src/FreeRTOS/timers.o  ./src/main.o   -Wl,--start-group,-lxil,-lgcc,-lc,--end-group
'Finished building target: third.elf'
' '
'Invoking: MicroBlaze Print Size'
mb-size third.elf  |tee "third.elf.size"
   text	   data	    bss	    dec	    hex	filename
  20220	   1476	   2808	  24504	   5fb8	third.elf
'Finished building: third.elf.size'
' '
'Invoking: Xilinx ELF Check'
elfcheck third.elf -hw ../../proc_hw_platform/system.xml -pe microblaze_0  |tee "third.elf.elfcheck"
elfcheck
Xilinx EDK 14.7 Build EDK_P.20131013
Copyright (c) 1995-2012 Xilinx, Inc.  All rights reserved.

Command Line: elfcheck -hw ../../proc_hw_platform/system.xml -pe microblaze_0
third.elf 

ELF file	: third.elf
elfcheck passed.
'Finished building: third.elf.elfcheck'
' '
10:28:59 **** Incremental Build of configuration Debug for project third ****
make all 
make: Nothing to be done for `all'.
10:29:55 **** Incremental Build of configuration Debug for project third ****
make all 
make: Nothing to be done for `all'.
10:30:58 **** Incremental Build of configuration Debug for project third ****
make all 
make: Nothing to be done for `all'.
10:33:22 **** Incremental Build of configuration Debug for project third ****
make all 
make: Nothing to be done for `all'.
10:33:32 **** Incremental Build of configuration Debug for project third ****
make all 
make: Nothing to be done for `all'.
10:34:29 **** Incremental Build of configuration Debug for project third ****
make all 
make: Nothing to be done for `all'.
10:34:34 **** Incremental Build of configuration Debug for project third ****
make all 
make: Nothing to be done for `all'.
10:37:20 **** Incremental Build of configuration Debug for project third ****
make all 
make: Nothing to be done for `all'.
10:37:23 **** Incremental Build of configuration Debug for project third ****
make all 
make: Nothing to be done for `all'.
10:38:33 **** Incremental Build of configuration Debug for project third ****
make all 
make: Nothing to be done for `all'.
10:39:00 **** Incremental Build of configuration Debug for project third ****
make all 
make: Nothing to be done for `all'.
10:42:49 **** Clean-only build of configuration Debug for project third ****
make clean 
rm -rf  ./src/FreeRTOS/FreeRTOS_mb_hooks.o ./src/FreeRTOS/croutine.o ./src/FreeRTOS/event_groups.o ./src/FreeRTOS/heap_1.o ./src/FreeRTOS/list.o ./src/FreeRTOS/port.o ./src/FreeRTOS/port_exceptions.o ./src/FreeRTOS/portasm.o ./src/FreeRTOS/queue.o ./src/FreeRTOS/tasks.o ./src/FreeRTOS/timers.o  ./src/main.o  ./src/FreeRTOS/FreeRTOS_mb_hooks.d ./src/FreeRTOS/croutine.d ./src/FreeRTOS/event_groups.d ./src/FreeRTOS/heap_1.d ./src/FreeRTOS/list.d ./src/FreeRTOS/port.d ./src/FreeRTOS/port_exceptions.d ./src/FreeRTOS/queue.d ./src/FreeRTOS/tasks.d ./src/FreeRTOS/timers.d  ./src/main.d  third.elf.size  third.elf.elfcheck  ./src/FreeRTOS/portasm.d  third.elf
' '
10:42:49 **** Auto Build of configuration Debug for project third ****
make all 
'Building file: ../src/FreeRTOS/FreeRTOS_mb_hooks.c'
'Invoking: MicroBlaze gcc compiler'
mb-gcc -Wall -O0 -g3 -I../../third_bsp/microblaze_0/include -I"C:\Work\XILINX\Projects\New_25\proc\SDK3\third\src" -I"C:\Work\XILINX\Projects\New_25\proc\SDK3\third\src\FreeRTOS" -c -fmessage-length=0 -mlittle-endian -mxl-barrel-shift -mxl-pattern-compare -mno-xl-soft-div -mcpu=v8.50.c -mno-xl-soft-mul -mhard-float -mxl-float-convert -mxl-float-sqrt -Wl,--no-relax -ffunction-sections -fdata-sections -MMD -MP -MF"src/FreeRTOS/FreeRTOS_mb_hooks.d" -MT"src/FreeRTOS/FreeRTOS_mb_hooks.d" -o "src/FreeRTOS/FreeRTOS_mb_hooks.o" "../src/FreeRTOS/FreeRTOS_mb_hooks.c"
In file included from ../src/FreeRTOS/FreeRTOS_mb_hooks.c:10:0:
C:\Work\XILINX\Projects\New_25\proc\SDK3\third\src\FreeRTOS/FreeRTOS.h:57:28: fatal error: FreeRTOSConfig.h: No such file or directory
compilation terminated.
make: *** [src/FreeRTOS/FreeRTOS_mb_hooks.o] Error 1
10:42:53 **** Clean-only build of configuration Debug for project third ****
make clean 
rm -rf  ./src/FreeRTOS/FreeRTOS_mb_hooks.o ./src/FreeRTOS/croutine.o ./src/FreeRTOS/event_groups.o ./src/FreeRTOS/heap_1.o ./src/FreeRTOS/heap_3.o ./src/FreeRTOS/heap_4.o ./src/FreeRTOS/list.o ./src/FreeRTOS/port.o ./src/FreeRTOS/port_exceptions.o ./src/FreeRTOS/portasm.o ./src/FreeRTOS/queue.o ./src/FreeRTOS/stream_buffer.o ./src/FreeRTOS/tasks.o ./src/FreeRTOS/timers.o  ./src/main.o  ./src/FreeRTOS/FreeRTOS_mb_hooks.d ./src/FreeRTOS/croutine.d ./src/FreeRTOS/event_groups.d ./src/FreeRTOS/heap_1.d ./src/FreeRTOS/heap_3.d ./src/FreeRTOS/heap_4.d ./src/FreeRTOS/list.d ./src/FreeRTOS/port.d ./src/FreeRTOS/port_exceptions.d ./src/FreeRTOS/queue.d ./src/FreeRTOS/stream_buffer.d ./src/FreeRTOS/tasks.d ./src/FreeRTOS/timers.d  ./src/main.d  third.elf.size  third.elf.elfcheck  ./src/FreeRTOS/portasm.d  third.elf
' '
10:42:53 **** Auto Build of configuration Debug for project third ****
make all 
'Building file: ../src/main.c'
'Invoking: MicroBlaze gcc compiler'
mb-gcc -Wall -O0 -g3 -I../../third_bsp/microblaze_0/include -I"C:\Work\XILINX\Projects\New_25\proc\SDK3\third\src" -I"C:\Work\XILINX\Projects\New_25\proc\SDK3\third\src\FreeRTOS" -c -fmessage-length=0 -mlittle-endian -mxl-barrel-shift -mxl-pattern-compare -mno-xl-soft-div -mcpu=v8.50.c -mno-xl-soft-mul -mhard-float -mxl-float-convert -mxl-float-sqrt -Wl,--no-relax -ffunction-sections -fdata-sections -MMD -MP -MF"src/main.d" -MT"src/main.d" -o "src/main.o" "../src/main.c"
../src/main.c:9:22: fatal error: FreeRTOS.h: No such file or directory
compilation terminated.
make: *** [src/main.o] Error 1
10:42:57 **** Incremental Build of configuration Debug for project third ****
make all 
'Building file: ../src/main.c'
'Invoking: MicroBlaze gcc compiler'
mb-gcc -Wall -O0 -g3 -I../../third_bsp/microblaze_0/include -I"C:\Work\XILINX\Projects\New_25\proc\SDK3\third\src" -I"C:\Work\XILINX\Projects\New_25\proc\SDK3\third\src\FreeRTOS" -c -fmessage-length=0 -mlittle-endian -mxl-barrel-shift -mxl-pattern-compare -mno-xl-soft-div -mcpu=v8.50.c -mno-xl-soft-mul -mhard-float -mxl-float-convert -mxl-float-sqrt -Wl,--no-relax -ffunction-sections -fdata-sections -MMD -MP -MF"src/main.d" -MT"src/main.d" -o "src/main.o" "../src/main.c"
../src/main.c:9:22: fatal error: FreeRTOS.h: No such file or directory
compilation terminated.
make: *** [src/main.o] Error 1
10:43:39 **** Incremental Build of configuration Debug for project third ****
make all 
'Building file: ../src/main.c'
'Invoking: MicroBlaze gcc compiler'
mb-gcc -Wall -O0 -g3 -I../../third_bsp/microblaze_0/include -I"C:\Work\XILINX\Projects\New_25\proc\SDK3\third\src" -I"C:\Work\XILINX\Projects\New_25\proc\SDK3\third\src\FreeRTOS" -c -fmessage-length=0 -mlittle-endian -mxl-barrel-shift -mxl-pattern-compare -mno-xl-soft-div -mcpu=v8.50.c -mno-xl-soft-mul -mhard-float -mxl-float-convert -mxl-float-sqrt -Wl,--no-relax -ffunction-sections -fdata-sections -MMD -MP -MF"src/main.d" -MT"src/main.d" -o "src/main.o" "../src/main.c"
'Finished building: ../src/main.c'
' '
'Building target: third.elf'
'Invoking: MicroBlaze gcc linker'
mb-gcc -Wl,-T -Wl,../src/lscript.ld -L../../third_bsp/microblaze_0/lib -mlittle-endian -mxl-barrel-shift -mxl-pattern-compare -mno-xl-soft-div -mcpu=v8.50.c -mno-xl-soft-mul -mhard-float -mxl-float-convert -mxl-float-sqrt -Wl,--no-relax -Wl,--gc-sections -o "third.elf"  ./src/main.o   -Wl,--start-group,-lxil,-lgcc,-lc,--end-group
./src/main.o: In function `main':
C:\Work\XILINX\Projects\New_25\proc\SDK3\third\Debug/../src/main.c:43: undefined reference to `xTaskCreate'
C:\Work\XILINX\Projects\New_25\proc\SDK3\third\Debug/../src/main.c:45: undefined reference to `xTaskCreate'
C:\Work\XILINX\Projects\New_25\proc\SDK3\third\Debug/../src/main.c:47: undefined reference to `xTaskCreate'
C:\Work\XILINX\Projects\New_25\proc\SDK3\third\Debug/../src/main.c:48: undefined reference to `vTaskStartScheduler'
collect2: ld returned 1 exit status
make: *** [third.elf] Error 1
10:44:09 **** Clean-only build of configuration Debug for project third ****
make clean 
rm -rf  ./src/main.o  ./src/main.d  third.elf.size  third.elf.elfcheck  third.elf
' '
10:44:09 **** Auto Build of configuration Debug for project third ****
make all 
'Building file: ../src/FreeRTOS/FreeRTOS_mb_hooks.c'
'Invoking: MicroBlaze gcc compiler'
mb-gcc -Wall -O0 -g3 -I../../third_bsp/microblaze_0/include -I"C:\Work\XILINX\Projects\New_25\proc\SDK3\third\src" -I"C:\Work\XILINX\Projects\New_25\proc\SDK3\third\src\FreeRTOS" -c -fmessage-length=0 -mlittle-endian -mxl-barrel-shift -mxl-pattern-compare -mno-xl-soft-div -mcpu=v8.50.c -mno-xl-soft-mul -mhard-float -mxl-float-convert -mxl-float-sqrt -Wl,--no-relax -ffunction-sections -fdata-sections -MMD -MP -MF"src/FreeRTOS/FreeRTOS_mb_hooks.d" -MT"src/FreeRTOS/FreeRTOS_mb_hooks.d" -o "src/FreeRTOS/FreeRTOS_mb_hooks.o" "../src/FreeRTOS/FreeRTOS_mb_hooks.c"
'Finished building: ../src/FreeRTOS/FreeRTOS_mb_hooks.c'
' '
'Building file: ../src/FreeRTOS/croutine.c'
'Invoking: MicroBlaze gcc compiler'
mb-gcc -Wall -O0 -g3 -I../../third_bsp/microblaze_0/include -I"C:\Work\XILINX\Projects\New_25\proc\SDK3\third\src" -I"C:\Work\XILINX\Projects\New_25\proc\SDK3\third\src\FreeRTOS" -c -fmessage-length=0 -mlittle-endian -mxl-barrel-shift -mxl-pattern-compare -mno-xl-soft-div -mcpu=v8.50.c -mno-xl-soft-mul -mhard-float -mxl-float-convert -mxl-float-sqrt -Wl,--no-relax -ffunction-sections -fdata-sections -MMD -MP -MF"src/FreeRTOS/croutine.d" -MT"src/FreeRTOS/croutine.d" -o "src/FreeRTOS/croutine.o" "../src/FreeRTOS/croutine.c"
'Finished building: ../src/FreeRTOS/croutine.c'
' '
'Building file: ../src/FreeRTOS/event_groups.c'
'Invoking: MicroBlaze gcc compiler'
mb-gcc -Wall -O0 -g3 -I../../third_bsp/microblaze_0/include -I"C:\Work\XILINX\Projects\New_25\proc\SDK3\third\src" -I"C:\Work\XILINX\Projects\New_25\proc\SDK3\third\src\FreeRTOS" -c -fmessage-length=0 -mlittle-endian -mxl-barrel-shift -mxl-pattern-compare -mno-xl-soft-div -mcpu=v8.50.c -mno-xl-soft-mul -mhard-float -mxl-float-convert -mxl-float-sqrt -Wl,--no-relax -ffunction-sections -fdata-sections -MMD -MP -MF"src/FreeRTOS/event_groups.d" -MT"src/FreeRTOS/event_groups.d" -o "src/FreeRTOS/event_groups.o" "../src/FreeRTOS/event_groups.c"
'Finished building: ../src/FreeRTOS/event_groups.c'
' '
'Building file: ../src/FreeRTOS/heap_1.c'
'Invoking: MicroBlaze gcc compiler'
mb-gcc -Wall -O0 -g3 -I../../third_bsp/microblaze_0/include -I"C:\Work\XILINX\Projects\New_25\proc\SDK3\third\src" -I"C:\Work\XILINX\Projects\New_25\proc\SDK3\third\src\FreeRTOS" -c -fmessage-length=0 -mlittle-endian -mxl-barrel-shift -mxl-pattern-compare -mno-xl-soft-div -mcpu=v8.50.c -mno-xl-soft-mul -mhard-float -mxl-float-convert -mxl-float-sqrt -Wl,--no-relax -ffunction-sections -fdata-sections -MMD -MP -MF"src/FreeRTOS/heap_1.d" -MT"src/FreeRTOS/heap_1.d" -o "src/FreeRTOS/heap_1.o" "../src/FreeRTOS/heap_1.c"
'Finished building: ../src/FreeRTOS/heap_1.c'
' '
'Building file: ../src/FreeRTOS/heap_4.c'
'Invoking: MicroBlaze gcc compiler'
mb-gcc -Wall -O0 -g3 -I../../third_bsp/microblaze_0/include -I"C:\Work\XILINX\Projects\New_25\proc\SDK3\third\src" -I"C:\Work\XILINX\Projects\New_25\proc\SDK3\third\src\FreeRTOS" -c -fmessage-length=0 -mlittle-endian -mxl-barrel-shift -mxl-pattern-compare -mno-xl-soft-div -mcpu=v8.50.c -mno-xl-soft-mul -mhard-float -mxl-float-convert -mxl-float-sqrt -Wl,--no-relax -ffunction-sections -fdata-sections -MMD -MP -MF"src/FreeRTOS/heap_4.d" -MT"src/FreeRTOS/heap_4.d" -o "src/FreeRTOS/heap_4.o" "../src/FreeRTOS/heap_4.c"
'Finished building: ../src/FreeRTOS/heap_4.c'
' '
'Building file: ../src/FreeRTOS/list.c'
'Invoking: MicroBlaze gcc compiler'
mb-gcc -Wall -O0 -g3 -I../../third_bsp/microblaze_0/include -I"C:\Work\XILINX\Projects\New_25\proc\SDK3\third\src" -I"C:\Work\XILINX\Projects\New_25\proc\SDK3\third\src\FreeRTOS" -c -fmessage-length=0 -mlittle-endian -mxl-barrel-shift -mxl-pattern-compare -mno-xl-soft-div -mcpu=v8.50.c -mno-xl-soft-mul -mhard-float -mxl-float-convert -mxl-float-sqrt -Wl,--no-relax -ffunction-sections -fdata-sections -MMD -MP -MF"src/FreeRTOS/list.d" -MT"src/FreeRTOS/list.d" -o "src/FreeRTOS/list.o" "../src/FreeRTOS/list.c"
'Finished building: ../src/FreeRTOS/list.c'
' '
'Building file: ../src/FreeRTOS/port.c'
'Invoking: MicroBlaze gcc compiler'
mb-gcc -Wall -O0 -g3 -I../../third_bsp/microblaze_0/include -I"C:\Work\XILINX\Projects\New_25\proc\SDK3\third\src" -I"C:\Work\XILINX\Projects\New_25\proc\SDK3\third\src\FreeRTOS" -c -fmessage-length=0 -mlittle-endian -mxl-barrel-shift -mxl-pattern-compare -mno-xl-soft-div -mcpu=v8.50.c -mno-xl-soft-mul -mhard-float -mxl-float-convert -mxl-float-sqrt -Wl,--no-relax -ffunction-sections -fdata-sections -MMD -MP -MF"src/FreeRTOS/port.d" -MT"src/FreeRTOS/port.d" -o "src/FreeRTOS/port.o" "../src/FreeRTOS/port.c"
'Finished building: ../src/FreeRTOS/port.c'
' '
'Building file: ../src/FreeRTOS/port_exceptions.c'
'Invoking: MicroBlaze gcc compiler'
mb-gcc -Wall -O0 -g3 -I../../third_bsp/microblaze_0/include -I"C:\Work\XILINX\Projects\New_25\proc\SDK3\third\src" -I"C:\Work\XILINX\Projects\New_25\proc\SDK3\third\src\FreeRTOS" -c -fmessage-length=0 -mlittle-endian -mxl-barrel-shift -mxl-pattern-compare -mno-xl-soft-div -mcpu=v8.50.c -mno-xl-soft-mul -mhard-float -mxl-float-convert -mxl-float-sqrt -Wl,--no-relax -ffunction-sections -fdata-sections -MMD -MP -MF"src/FreeRTOS/port_exceptions.d" -MT"src/FreeRTOS/port_exceptions.d" -o "src/FreeRTOS/port_exceptions.o" "../src/FreeRTOS/port_exceptions.c"
'Finished building: ../src/FreeRTOS/port_exceptions.c'
' '
'Building file: ../src/FreeRTOS/portasm.S'
'Invoking: MicroBlaze gcc compiler'
mb-gcc -Wall -O0 -g3 -I../../third_bsp/microblaze_0/include -I"C:\Work\XILINX\Projects\New_25\proc\SDK3\third\src" -I"C:\Work\XILINX\Projects\New_25\proc\SDK3\third\src\FreeRTOS" -c -fmessage-length=0 -mlittle-endian -mxl-barrel-shift -mxl-pattern-compare -mno-xl-soft-div -mcpu=v8.50.c -mno-xl-soft-mul -mhard-float -mxl-float-convert -mxl-float-sqrt -Wl,--no-relax -ffunction-sections -fdata-sections -MMD -MP -MF"src/FreeRTOS/portasm.d" -MT"src/FreeRTOS/portasm.d" -o "src/FreeRTOS/portasm.o" "../src/FreeRTOS/portasm.S"
'Finished building: ../src/FreeRTOS/portasm.S'
' '
'Building file: ../src/FreeRTOS/queue.c'
'Invoking: MicroBlaze gcc compiler'
mb-gcc -Wall -O0 -g3 -I../../third_bsp/microblaze_0/include -I"C:\Work\XILINX\Projects\New_25\proc\SDK3\third\src" -I"C:\Work\XILINX\Projects\New_25\proc\SDK3\third\src\FreeRTOS" -c -fmessage-length=0 -mlittle-endian -mxl-barrel-shift -mxl-pattern-compare -mno-xl-soft-div -mcpu=v8.50.c -mno-xl-soft-mul -mhard-float -mxl-float-convert -mxl-float-sqrt -Wl,--no-relax -ffunction-sections -fdata-sections -MMD -MP -MF"src/FreeRTOS/queue.d" -MT"src/FreeRTOS/queue.d" -o "src/FreeRTOS/queue.o" "../src/FreeRTOS/queue.c"
'Finished building: ../src/FreeRTOS/queue.c'
' '
'Building file: ../src/FreeRTOS/stream_buffer.c'
'Invoking: MicroBlaze gcc compiler'
mb-gcc -Wall -O0 -g3 -I../../third_bsp/microblaze_0/include -I"C:\Work\XILINX\Projects\New_25\proc\SDK3\third\src" -I"C:\Work\XILINX\Projects\New_25\proc\SDK3\third\src\FreeRTOS" -c -fmessage-length=0 -mlittle-endian -mxl-barrel-shift -mxl-pattern-compare -mno-xl-soft-div -mcpu=v8.50.c -mno-xl-soft-mul -mhard-float -mxl-float-convert -mxl-float-sqrt -Wl,--no-relax -ffunction-sections -fdata-sections -MMD -MP -MF"src/FreeRTOS/stream_buffer.d" -MT"src/FreeRTOS/stream_buffer.d" -o "src/FreeRTOS/stream_buffer.o" "../src/FreeRTOS/stream_buffer.c"
'Finished building: ../src/FreeRTOS/stream_buffer.c'
' '
'Building file: ../src/FreeRTOS/tasks.c'
'Invoking: MicroBlaze gcc compiler'
mb-gcc -Wall -O0 -g3 -I../../third_bsp/microblaze_0/include -I"C:\Work\XILINX\Projects\New_25\proc\SDK3\third\src" -I"C:\Work\XILINX\Projects\New_25\proc\SDK3\third\src\FreeRTOS" -c -fmessage-length=0 -mlittle-endian -mxl-barrel-shift -mxl-pattern-compare -mno-xl-soft-div -mcpu=v8.50.c -mno-xl-soft-mul -mhard-float -mxl-float-convert -mxl-float-sqrt -Wl,--no-relax -ffunction-sections -fdata-sections -MMD -MP -MF"src/FreeRTOS/tasks.d" -MT"src/FreeRTOS/tasks.d" -o "src/FreeRTOS/tasks.o" "../src/FreeRTOS/tasks.c"
'Finished building: ../src/FreeRTOS/tasks.c'
' '
'Building file: ../src/FreeRTOS/timers.c'
'Invoking: MicroBlaze gcc compiler'
mb-gcc -Wall -O0 -g3 -I../../third_bsp/microblaze_0/include -I"C:\Work\XILINX\Projects\New_25\proc\SDK3\third\src" -I"C:\Work\XILINX\Projects\New_25\proc\SDK3\third\src\FreeRTOS" -c -fmessage-length=0 -mlittle-endian -mxl-barrel-shift -mxl-pattern-compare -mno-xl-soft-div -mcpu=v8.50.c -mno-xl-soft-mul -mhard-float -mxl-float-convert -mxl-float-sqrt -Wl,--no-relax -ffunction-sections -fdata-sections -MMD -MP -MF"src/FreeRTOS/timers.d" -MT"src/FreeRTOS/timers.d" -o "src/FreeRTOS/timers.o" "../src/FreeRTOS/timers.c"
'Finished building: ../src/FreeRTOS/timers.c'
' '
'Building file: ../src/main.c'
'Invoking: MicroBlaze gcc compiler'
mb-gcc -Wall -O0 -g3 -I../../third_bsp/microblaze_0/include -I"C:\Work\XILINX\Projects\New_25\proc\SDK3\third\src" -I"C:\Work\XILINX\Projects\New_25\proc\SDK3\third\src\FreeRTOS" -c -fmessage-length=0 -mlittle-endian -mxl-barrel-shift -mxl-pattern-compare -mno-xl-soft-div -mcpu=v8.50.c -mno-xl-soft-mul -mhard-float -mxl-float-convert -mxl-float-sqrt -Wl,--no-relax -ffunction-sections -fdata-sections -MMD -MP -MF"src/main.d" -MT"src/main.d" -o "src/main.o" "../src/main.c"
'Finished building: ../src/main.c'
' '
'Building target: third.elf'
'Invoking: MicroBlaze gcc linker'
mb-gcc -Wl,-T -Wl,../src/lscript.ld -L../../third_bsp/microblaze_0/lib -mlittle-endian -mxl-barrel-shift -mxl-pattern-compare -mno-xl-soft-div -mcpu=v8.50.c -mno-xl-soft-mul -mhard-float -mxl-float-convert -mxl-float-sqrt -Wl,--no-relax -Wl,--gc-sections -o "third.elf"  ./src/FreeRTOS/FreeRTOS_mb_hooks.o ./src/FreeRTOS/croutine.o ./src/FreeRTOS/event_groups.o ./src/FreeRTOS/heap_1.o ./src/FreeRTOS/heap_4.o ./src/FreeRTOS/list.o ./src/FreeRTOS/port.o ./src/FreeRTOS/port_exceptions.o ./src/FreeRTOS/portasm.o ./src/FreeRTOS/queue.o ./src/FreeRTOS/stream_buffer.o ./src/FreeRTOS/tasks.o ./src/FreeRTOS/timers.o  ./src/main.o   -Wl,--start-group,-lxil,-lgcc,-lc,--end-group
./src/FreeRTOS/heap_4.o: In function `xPortGetMinimumEverFreeHeapSize':
C:\Work\XILINX\Projects\New_25\proc\SDK3\third\Debug/../src/FreeRTOS/heap_4.c:115: multiple definition of `pvPortMalloc'
./src/FreeRTOS/heap_1.o:C:\Work\XILINX\Projects\New_25\proc\SDK3\third\Debug/../src/FreeRTOS/heap_1.c:101: first defined here
./src/FreeRTOS/heap_4.o: In function `vPortFree':
C:\Work\XILINX\Projects\New_25\proc\SDK3\third\Debug/../src/FreeRTOS/heap_4.c:265: multiple definition of `vPortFree'
./src/FreeRTOS/heap_1.o:C:\Work\XILINX\Projects\New_25\proc\SDK3\third\Debug/../src/FreeRTOS/heap_1.c:151: first defined here
./src/FreeRTOS/heap_4.o: In function `xPortGetFreeHeapSize':
C:\Work\XILINX\Projects\New_25\proc\SDK3\third\Debug/../src/FreeRTOS/heap_4.c:313: multiple definition of `xPortGetFreeHeapSize'
./src/FreeRTOS/heap_1.o:C:\Work\XILINX\Projects\New_25\proc\SDK3\third\Debug/../src/FreeRTOS/heap_1.c:170: first defined here
./src/FreeRTOS/heap_4.o: In function `vPortInitialiseBlocks':
C:\Work\XILINX\Projects\New_25\proc\SDK3\third\Debug/../src/FreeRTOS/heap_4.c:325: multiple definition of `vPortInitialiseBlocks'
./src/FreeRTOS/heap_1.o:C:\Work\XILINX\Projects\New_25\proc\SDK3\third\Debug/../src/FreeRTOS/heap_1.c:163: first defined here
collect2: ld returned 1 exit status
make: *** [third.elf] Error 1
10:44:16 **** Clean-only build of configuration Debug for project third ****
make clean 
rm -rf  ./src/FreeRTOS/FreeRTOS_mb_hooks.o ./src/FreeRTOS/croutine.o ./src/FreeRTOS/event_groups.o ./src/FreeRTOS/heap_1.o ./src/FreeRTOS/heap_4.o ./src/FreeRTOS/list.o ./src/FreeRTOS/port.o ./src/FreeRTOS/port_exceptions.o ./src/FreeRTOS/portasm.o ./src/FreeRTOS/queue.o ./src/FreeRTOS/stream_buffer.o ./src/FreeRTOS/tasks.o ./src/FreeRTOS/timers.o  ./src/main.o  ./src/FreeRTOS/FreeRTOS_mb_hooks.d ./src/FreeRTOS/croutine.d ./src/FreeRTOS/event_groups.d ./src/FreeRTOS/heap_1.d ./src/FreeRTOS/heap_4.d ./src/FreeRTOS/list.d ./src/FreeRTOS/port.d ./src/FreeRTOS/port_exceptions.d ./src/FreeRTOS/queue.d ./src/FreeRTOS/stream_buffer.d ./src/FreeRTOS/tasks.d ./src/FreeRTOS/timers.d  ./src/main.d  third.elf.size  third.elf.elfcheck  ./src/FreeRTOS/portasm.d  third.elf
' '
10:44:16 **** Auto Build of configuration Debug for project third ****
make all 
'Building file: ../src/FreeRTOS/FreeRTOS_mb_hooks.c'
'Invoking: MicroBlaze gcc compiler'
mb-gcc -Wall -O0 -g3 -I../../third_bsp/microblaze_0/include -I"C:\Work\XILINX\Projects\New_25\proc\SDK3\third\src" -I"C:\Work\XILINX\Projects\New_25\proc\SDK3\third\src\FreeRTOS" -c -fmessage-length=0 -mlittle-endian -mxl-barrel-shift -mxl-pattern-compare -mno-xl-soft-div -mcpu=v8.50.c -mno-xl-soft-mul -mhard-float -mxl-float-convert -mxl-float-sqrt -Wl,--no-relax -ffunction-sections -fdata-sections -MMD -MP -MF"src/FreeRTOS/FreeRTOS_mb_hooks.d" -MT"src/FreeRTOS/FreeRTOS_mb_hooks.d" -o "src/FreeRTOS/FreeRTOS_mb_hooks.o" "../src/FreeRTOS/FreeRTOS_mb_hooks.c"
'Finished building: ../src/FreeRTOS/FreeRTOS_mb_hooks.c'
' '
'Building file: ../src/FreeRTOS/croutine.c'
'Invoking: MicroBlaze gcc compiler'
mb-gcc -Wall -O0 -g3 -I../../third_bsp/microblaze_0/include -I"C:\Work\XILINX\Projects\New_25\proc\SDK3\third\src" -I"C:\Work\XILINX\Projects\New_25\proc\SDK3\third\src\FreeRTOS" -c -fmessage-length=0 -mlittle-endian -mxl-barrel-shift -mxl-pattern-compare -mno-xl-soft-div -mcpu=v8.50.c -mno-xl-soft-mul -mhard-float -mxl-float-convert -mxl-float-sqrt -Wl,--no-relax -ffunction-sections -fdata-sections -MMD -MP -MF"src/FreeRTOS/croutine.d" -MT"src/FreeRTOS/croutine.d" -o "src/FreeRTOS/croutine.o" "../src/FreeRTOS/croutine.c"
'Finished building: ../src/FreeRTOS/croutine.c'
' '
'Building file: ../src/FreeRTOS/event_groups.c'
'Invoking: MicroBlaze gcc compiler'
mb-gcc -Wall -O0 -g3 -I../../third_bsp/microblaze_0/include -I"C:\Work\XILINX\Projects\New_25\proc\SDK3\third\src" -I"C:\Work\XILINX\Projects\New_25\proc\SDK3\third\src\FreeRTOS" -c -fmessage-length=0 -mlittle-endian -mxl-barrel-shift -mxl-pattern-compare -mno-xl-soft-div -mcpu=v8.50.c -mno-xl-soft-mul -mhard-float -mxl-float-convert -mxl-float-sqrt -Wl,--no-relax -ffunction-sections -fdata-sections -MMD -MP -MF"src/FreeRTOS/event_groups.d" -MT"src/FreeRTOS/event_groups.d" -o "src/FreeRTOS/event_groups.o" "../src/FreeRTOS/event_groups.c"
'Finished building: ../src/FreeRTOS/event_groups.c'
' '
'Building file: ../src/FreeRTOS/heap_1.c'
'Invoking: MicroBlaze gcc compiler'
mb-gcc -Wall -O0 -g3 -I../../third_bsp/microblaze_0/include -I"C:\Work\XILINX\Projects\New_25\proc\SDK3\third\src" -I"C:\Work\XILINX\Projects\New_25\proc\SDK3\third\src\FreeRTOS" -c -fmessage-length=0 -mlittle-endian -mxl-barrel-shift -mxl-pattern-compare -mno-xl-soft-div -mcpu=v8.50.c -mno-xl-soft-mul -mhard-float -mxl-float-convert -mxl-float-sqrt -Wl,--no-relax -ffunction-sections -fdata-sections -MMD -MP -MF"src/FreeRTOS/heap_1.d" -MT"src/FreeRTOS/heap_1.d" -o "src/FreeRTOS/heap_1.o" "../src/FreeRTOS/heap_1.c"
'Finished building: ../src/FreeRTOS/heap_1.c'
' '
'Building file: ../src/FreeRTOS/list.c'
'Invoking: MicroBlaze gcc compiler'
mb-gcc -Wall -O0 -g3 -I../../third_bsp/microblaze_0/include -I"C:\Work\XILINX\Projects\New_25\proc\SDK3\third\src" -I"C:\Work\XILINX\Projects\New_25\proc\SDK3\third\src\FreeRTOS" -c -fmessage-length=0 -mlittle-endian -mxl-barrel-shift -mxl-pattern-compare -mno-xl-soft-div -mcpu=v8.50.c -mno-xl-soft-mul -mhard-float -mxl-float-convert -mxl-float-sqrt -Wl,--no-relax -ffunction-sections -fdata-sections -MMD -MP -MF"src/FreeRTOS/list.d" -MT"src/FreeRTOS/list.d" -o "src/FreeRTOS/list.o" "../src/FreeRTOS/list.c"
'Finished building: ../src/FreeRTOS/list.c'
' '
'Building file: ../src/FreeRTOS/port.c'
'Invoking: MicroBlaze gcc compiler'
mb-gcc -Wall -O0 -g3 -I../../third_bsp/microblaze_0/include -I"C:\Work\XILINX\Projects\New_25\proc\SDK3\third\src" -I"C:\Work\XILINX\Projects\New_25\proc\SDK3\third\src\FreeRTOS" -c -fmessage-length=0 -mlittle-endian -mxl-barrel-shift -mxl-pattern-compare -mno-xl-soft-div -mcpu=v8.50.c -mno-xl-soft-mul -mhard-float -mxl-float-convert -mxl-float-sqrt -Wl,--no-relax -ffunction-sections -fdata-sections -MMD -MP -MF"src/FreeRTOS/port.d" -MT"src/FreeRTOS/port.d" -o "src/FreeRTOS/port.o" "../src/FreeRTOS/port.c"
'Finished building: ../src/FreeRTOS/port.c'
' '
'Building file: ../src/FreeRTOS/port_exceptions.c'
'Invoking: MicroBlaze gcc compiler'
mb-gcc -Wall -O0 -g3 -I../../third_bsp/microblaze_0/include -I"C:\Work\XILINX\Projects\New_25\proc\SDK3\third\src" -I"C:\Work\XILINX\Projects\New_25\proc\SDK3\third\src\FreeRTOS" -c -fmessage-length=0 -mlittle-endian -mxl-barrel-shift -mxl-pattern-compare -mno-xl-soft-div -mcpu=v8.50.c -mno-xl-soft-mul -mhard-float -mxl-float-convert -mxl-float-sqrt -Wl,--no-relax -ffunction-sections -fdata-sections -MMD -MP -MF"src/FreeRTOS/port_exceptions.d" -MT"src/FreeRTOS/port_exceptions.d" -o "src/FreeRTOS/port_exceptions.o" "../src/FreeRTOS/port_exceptions.c"
'Finished building: ../src/FreeRTOS/port_exceptions.c'
' '
'Building file: ../src/FreeRTOS/portasm.S'
'Invoking: MicroBlaze gcc compiler'
mb-gcc -Wall -O0 -g3 -I../../third_bsp/microblaze_0/include -I"C:\Work\XILINX\Projects\New_25\proc\SDK3\third\src" -I"C:\Work\XILINX\Projects\New_25\proc\SDK3\third\src\FreeRTOS" -c -fmessage-length=0 -mlittle-endian -mxl-barrel-shift -mxl-pattern-compare -mno-xl-soft-div -mcpu=v8.50.c -mno-xl-soft-mul -mhard-float -mxl-float-convert -mxl-float-sqrt -Wl,--no-relax -ffunction-sections -fdata-sections -MMD -MP -MF"src/FreeRTOS/portasm.d" -MT"src/FreeRTOS/portasm.d" -o "src/FreeRTOS/portasm.o" "../src/FreeRTOS/portasm.S"
'Finished building: ../src/FreeRTOS/portasm.S'
' '
'Building file: ../src/FreeRTOS/queue.c'
'Invoking: MicroBlaze gcc compiler'
mb-gcc -Wall -O0 -g3 -I../../third_bsp/microblaze_0/include -I"C:\Work\XILINX\Projects\New_25\proc\SDK3\third\src" -I"C:\Work\XILINX\Projects\New_25\proc\SDK3\third\src\FreeRTOS" -c -fmessage-length=0 -mlittle-endian -mxl-barrel-shift -mxl-pattern-compare -mno-xl-soft-div -mcpu=v8.50.c -mno-xl-soft-mul -mhard-float -mxl-float-convert -mxl-float-sqrt -Wl,--no-relax -ffunction-sections -fdata-sections -MMD -MP -MF"src/FreeRTOS/queue.d" -MT"src/FreeRTOS/queue.d" -o "src/FreeRTOS/queue.o" "../src/FreeRTOS/queue.c"
'Finished building: ../src/FreeRTOS/queue.c'
' '
'Building file: ../src/FreeRTOS/stream_buffer.c'
'Invoking: MicroBlaze gcc compiler'
mb-gcc -Wall -O0 -g3 -I../../third_bsp/microblaze_0/include -I"C:\Work\XILINX\Projects\New_25\proc\SDK3\third\src" -I"C:\Work\XILINX\Projects\New_25\proc\SDK3\third\src\FreeRTOS" -c -fmessage-length=0 -mlittle-endian -mxl-barrel-shift -mxl-pattern-compare -mno-xl-soft-div -mcpu=v8.50.c -mno-xl-soft-mul -mhard-float -mxl-float-convert -mxl-float-sqrt -Wl,--no-relax -ffunction-sections -fdata-sections -MMD -MP -MF"src/FreeRTOS/stream_buffer.d" -MT"src/FreeRTOS/stream_buffer.d" -o "src/FreeRTOS/stream_buffer.o" "../src/FreeRTOS/stream_buffer.c"
'Finished building: ../src/FreeRTOS/stream_buffer.c'
' '
'Building file: ../src/FreeRTOS/tasks.c'
'Invoking: MicroBlaze gcc compiler'
mb-gcc -Wall -O0 -g3 -I../../third_bsp/microblaze_0/include -I"C:\Work\XILINX\Projects\New_25\proc\SDK3\third\src" -I"C:\Work\XILINX\Projects\New_25\proc\SDK3\third\src\FreeRTOS" -c -fmessage-length=0 -mlittle-endian -mxl-barrel-shift -mxl-pattern-compare -mno-xl-soft-div -mcpu=v8.50.c -mno-xl-soft-mul -mhard-float -mxl-float-convert -mxl-float-sqrt -Wl,--no-relax -ffunction-sections -fdata-sections -MMD -MP -MF"src/FreeRTOS/tasks.d" -MT"src/FreeRTOS/tasks.d" -o "src/FreeRTOS/tasks.o" "../src/FreeRTOS/tasks.c"
'Finished building: ../src/FreeRTOS/tasks.c'
' '
'Building file: ../src/FreeRTOS/timers.c'
'Invoking: MicroBlaze gcc compiler'
mb-gcc -Wall -O0 -g3 -I../../third_bsp/microblaze_0/include -I"C:\Work\XILINX\Projects\New_25\proc\SDK3\third\src" -I"C:\Work\XILINX\Projects\New_25\proc\SDK3\third\src\FreeRTOS" -c -fmessage-length=0 -mlittle-endian -mxl-barrel-shift -mxl-pattern-compare -mno-xl-soft-div -mcpu=v8.50.c -mno-xl-soft-mul -mhard-float -mxl-float-convert -mxl-float-sqrt -Wl,--no-relax -ffunction-sections -fdata-sections -MMD -MP -MF"src/FreeRTOS/timers.d" -MT"src/FreeRTOS/timers.d" -o "src/FreeRTOS/timers.o" "../src/FreeRTOS/timers.c"
'Finished building: ../src/FreeRTOS/timers.c'
' '
'Building file: ../src/main.c'
'Invoking: MicroBlaze gcc compiler'
mb-gcc -Wall -O0 -g3 -I../../third_bsp/microblaze_0/include -I"C:\Work\XILINX\Projects\New_25\proc\SDK3\third\src" -I"C:\Work\XILINX\Projects\New_25\proc\SDK3\third\src\FreeRTOS" -c -fmessage-length=0 -mlittle-endian -mxl-barrel-shift -mxl-pattern-compare -mno-xl-soft-div -mcpu=v8.50.c -mno-xl-soft-mul -mhard-float -mxl-float-convert -mxl-float-sqrt -Wl,--no-relax -ffunction-sections -fdata-sections -MMD -MP -MF"src/main.d" -MT"src/main.d" -o "src/main.o" "../src/main.c"
'Finished building: ../src/main.c'
' '
'Building target: third.elf'
'Invoking: MicroBlaze gcc linker'
mb-gcc -Wl,-T -Wl,../src/lscript.ld -L../../third_bsp/microblaze_0/lib -mlittle-endian -mxl-barrel-shift -mxl-pattern-compare -mno-xl-soft-div -mcpu=v8.50.c -mno-xl-soft-mul -mhard-float -mxl-float-convert -mxl-float-sqrt -Wl,--no-relax -Wl,--gc-sections -o "third.elf"  ./src/FreeRTOS/FreeRTOS_mb_hooks.o ./src/FreeRTOS/croutine.o ./src/FreeRTOS/event_groups.o ./src/FreeRTOS/heap_1.o ./src/FreeRTOS/list.o ./src/FreeRTOS/port.o ./src/FreeRTOS/port_exceptions.o ./src/FreeRTOS/portasm.o ./src/FreeRTOS/queue.o ./src/FreeRTOS/stream_buffer.o ./src/FreeRTOS/tasks.o ./src/FreeRTOS/timers.o  ./src/main.o   -Wl,--start-group,-lxil,-lgcc,-lc,--end-group
'Finished building target: third.elf'
' '
'Invoking: MicroBlaze Print Size'
mb-size third.elf  |tee "third.elf.size"
   text	   data	    bss	    dec	    hex	filename
  29732	4194744	   2676	4227152	 408050	third.elf
'Finished building: third.elf.size'
' '
'Invoking: Xilinx ELF Check'
elfcheck third.elf -hw ../../proc_hw_platform/system.xml -pe microblaze_0  |tee "third.elf.elfcheck"
elfcheck
Xilinx EDK 14.7 Build EDK_P.20131013
Copyright (c) 1995-2012 Xilinx, Inc.  All rights reserved.

Command Line: elfcheck -hw ../../proc_hw_platform/system.xml -pe microblaze_0
third.elf 

ELF file	: third.elf
elfcheck passed.
'Finished building: third.elf.elfcheck'
' '
10:44:21 **** Incremental Build of configuration Debug for project third ****
make all 
make: Nothing to be done for `all'.
10:44:28 **** Incremental Build of configuration Debug for project third ****
make all 
make: Nothing to be done for `all'.
10:50:45 **** Incremental Build of configuration Debug for project third ****
make all 
make: Nothing to be done for `all'.
10:50:53 **** Incremental Build of configuration Debug for project third ****
make all 
make: Nothing to be done for `all'.
10:54:45 **** Incremental Build of configuration Debug for project third ****
make all 
make: Nothing to be done for `all'.
10:58:20 **** Auto Build of configuration Debug for project third ****
make all 
make: Nothing to be done for `all'.
10:58:22 **** Incremental Build of configuration Debug for project third ****
make all 
make: Nothing to be done for `all'.
10:58:26 **** Incremental Build of configuration Debug for project third ****
make all 
make: Nothing to be done for `all'.
12:35:33 **** Auto Build of project third_bsp ****
make -k all 
'Finished building libraries'
12:35:36 **** Auto Build of configuration Debug for project third ****
make all 
make: Nothing to be done for `all'.
