#
# A fatal error has been detected by the Java Runtime Environment:
#
#  EXCEPTION_ACCESS_VIOLATION (0xc0000005) at pc=0x00007ff8c5ec1713, pid=3348, tid=16388
#
# JRE version: 6.0_21-b07
# Java VM: Java HotSpot(TM) 64-Bit Server VM (17.0-b17 mixed mode windows-amd64 )
# Problematic frame:
# C  [ntdll.dll+0x51713]
#
# If you would like to submit a bug report, please visit:
#   http://java.sun.com/webapps/bugreport/crash.jsp
#

---------------  T H R E A D  ---------------

Current thread (0x000000002de30000):  JavaThread "AWT-EventQueue-0" [_thread_in_Java, id=16388, stack(0x000000002f500000,0x000000002f900000)]

siginfo: ExceptionCode=0xc0000005, reading address 0xffffffffffffffff

Registers:
EAX=0x000000002f8ed001, EBX=0x0000000000000002, ECX=0x0000000000000000, EDX=0x000000002f8fe768
ESP=0x000000002f8fe6f8, EBP=0x000000002f8fe758, ESI=0x0000000000000000, EDI=0x0000000000000020
EIP=0x00007ff8c5ec1713, EFLAGS=0x0000000000010202

Top of Stack: (sp=0x000000002f8fe6f8)
0x000000002f8fe6f8:   0000000000000000 0000000000000003
0x000000002f8fe708:   000000002f8feef0 00000000026e6f7a
0x000000002f8fe718:   00000000026e6f10 0000000000000000
0x000000002f8fe728:   0000000000000000 000000002f8feef0
0x000000002f8fe738:   0000000039ab9550 0000000039ab90d0
0x000000002f8fe748:   000000002f8fe738 000000002f8fef20
0x000000002f8fe758:   000000000274ab50 000000000274a0d0
0x000000002f8fe768:   000000002f900000 000000002f8ed000
0x000000002f8fe778:   000000002f8fef20 000000002f8fefb0
0x000000002f8fe788:   00000000026b5989 00000000026b4e90
0x000000002f8fe798:   0000000000000000 000000002f8ff008
0x000000002f8fe7a8:   000000002f8fefb0 000000002f8fefb0
0x000000002f8fe7b8:   00000000026b5989 00000000026b4e90
0x000000002f8fe7c8:   0000000000000000 000000002f8ff008
0x000000002f8fe7d8:   000000002f8fefb0 000000006dc3a39a
0x000000002f8fe7e8:   000000000274ab50 000000000274a0d0 

Instructions: (pc=0x00007ff8c5ec1713)
0x00007ff8c5ec1703:   c9 84 c0 0f 84 9c 02 00 00 0f 28 0d 7d fc 12 00
0x00007ff8c5ec1713:   0f 29 8d 80 00 00 00 f2 0f 10 05 7e fc 12 00 f2 


Stack: [0x000000002f500000,0x000000002f900000],  sp=0x000000002f8fe6f8,  free space=ff90000000000000000k
Native frames: (J=compiled Java code, j=interpreted, Vv=VM code, C=native code)
C  [ntdll.dll+0x51713]

Java frames: (J=compiled Java code, j=interpreted, Vv=VM code)
v  blob 0x00000000026e703f
j  javax.swing.UIDefaults.getResourceCache(Ljava/util/Locale;)Ljava/util/Map;+10
j  javax.swing.UIDefaults.getFromResourceBundle(Ljava/lang/Object;Ljava/util/Locale;)Ljava/lang/Object;+50
j  javax.swing.UIDefaults.get(Ljava/lang/Object;)Ljava/lang/Object;+17
j  javax.swing.MultiUIDefaults.get(Ljava/lang/Object;)Ljava/lang/Object;+39
j  javax.swing.UIDefaults.getUI(Ljavax/swing/JComponent;)Ljavax/swing/plaf/ComponentUI;+3
j  javax.swing.UIManager.getUI(Ljavax/swing/JComponent;)Ljavax/swing/plaf/ComponentUI;+33
j  javax.swing.JRootPane.updateUI()V+2
j  javax.swing.SwingUtilities.updateComponentTreeUI0(Ljava/awt/Component;)V+13
j  javax.swing.SwingUtilities.updateComponentTreeUI0(Ljava/awt/Component;)V+94
j  javax.swing.SwingUtilities.updateComponentTreeUI(Ljava/awt/Component;)V+1
j  com.xilinx.chipscope.inserter.InserterFrame.init(Ljava/lang/String;)V+96
j  com.xilinx.chipscope.inserter.InserterFrame.<init>(Ljava/lang/String;)V+375
j  com.xilinx.chipscope.inserter.InserterApp.createGUI()V+6
j  com.xilinx.chipscope.inserter.InserterApp.access$100()V+0
j  com.xilinx.chipscope.inserter.InserterApp$5.run()V+0
j  java.awt.event.InvocationEvent.dispatch()V+47
j  java.awt.EventQueue.dispatchEvent(Ljava/awt/AWTEvent;)V+26
j  java.awt.EventDispatchThread.pumpOneEventForFilters(I)Z+204
j  java.awt.EventDispatchThread.pumpEventsForFilter(ILjava/awt/Conditional;Ljava/awt/EventFilter;)V+30
j  java.awt.EventDispatchThread.pumpEventsForHierarchy(ILjava/awt/Conditional;Ljava/awt/Component;)V+11
j  java.awt.EventDispatchThread.pumpEvents(ILjava/awt/Conditional;)V+4
j  java.awt.EventDispatchThread.pumpEvents(Ljava/awt/Conditional;)V+3
j  java.awt.EventDispatchThread.run()V+9
v  ~StubRoutines::call_stub

---------------  P R O C E S S  ---------------

Java Threads: ( => current thread )
  0x000000002e0a8800 JavaThread "Thread-5" daemon [_thread_blocked, id=14756, stack(0x000000003a290000,0x000000003a690000)]
  0x000000002e0ab800 JavaThread "Timer-0" [_thread_blocked, id=10788, stack(0x0000000039e90000,0x000000003a290000)]
  0x000000002e0a7800 JavaThread "Image Fetcher 3" daemon [_thread_blocked, id=10660, stack(0x000000002fd00000,0x0000000030100000)]
  0x000000002e0a7000 JavaThread "DesignManager MakeNGO Loop" [_thread_blocked, id=2968, stack(0x000000002f900000,0x000000002fd00000)]
  0x000000002e0a5800 JavaThread "D3D Screen Updater" daemon [_thread_blocked, id=1868, stack(0x000000003ac70000,0x000000003b070000)]
  0x000000002de2c800 JavaThread "TimerQueue" daemon [_thread_blocked, id=24108, stack(0x000000003a870000,0x000000003ac70000)]
=>0x000000002de30000 JavaThread "AWT-EventQueue-0" [_thread_in_Java, id=16388, stack(0x000000002f500000,0x000000002f900000)]
  0x000000002de2e000 JavaThread "AWT-Windows" daemon [_thread_in_native, id=2040, stack(0x000000002f010000,0x000000002f410000)]
  0x000000002de2a000 JavaThread "AWT-Shutdown" [_thread_blocked, id=24460, stack(0x000000002ec10000,0x000000002f010000)]
  0x000000002de2f800 JavaThread "Java2D Disposer" daemon [_thread_blocked, id=4692, stack(0x000000002e810000,0x000000002ec10000)]
  0x000000002de29800 JavaThread "Server stderr Stream" [_thread_in_native, id=24288, stack(0x000000002e140000,0x000000002e540000)]
  0x000000002cbbf800 JavaThread "Low Memory Detector" daemon [_thread_blocked, id=1488, stack(0x000000002d840000,0x000000002dc40000)]
  0x000000002cbb3800 JavaThread "CompilerThread1" daemon [_thread_blocked, id=9116, stack(0x000000002d740000,0x000000002d840000)]
  0x000000002cbb0800 JavaThread "CompilerThread0" daemon [_thread_blocked, id=21196, stack(0x000000002d640000,0x000000002d740000)]
  0x000000002cba7800 JavaThread "Attach Listener" daemon [_thread_blocked, id=6280, stack(0x000000002d240000,0x000000002d640000)]
  0x000000002cba5000 JavaThread "Signal Dispatcher" daemon [_thread_blocked, id=7984, stack(0x000000002ce40000,0x000000002d240000)]
  0x00000000026ae000 JavaThread "Finalizer" daemon [_thread_blocked, id=9648, stack(0x000000002c740000,0x000000002cb40000)]
  0x00000000026a7000 JavaThread "Reference Handler" daemon [_thread_blocked, id=6704, stack(0x000000002c340000,0x000000002c740000)]
  0x00000000025b3800 JavaThread "main" [_thread_blocked, id=4828, stack(0x0000000000050000,0x0000000000150000)]

Other Threads:
  0x000000000269c000 VMThread [stack: 0x000000002c240000,0x000000002c340000] [id=17564]
  0x000000002cbd1800 WatcherThread [stack: 0x000000002dc40000,0x000000002dd40000] [id=8416]

VM state:not at safepoint (normal execution)

VM Mutex/Monitor currently owned by a thread: None

Heap
 PSYoungGen      total 152896K, used 28838K [0x0000000020010000, 0x000000002aab0000, 0x000000002aab0000)
  eden space 131072K, 22% used [0x0000000020010000,0x0000000021c39a38,0x0000000028010000)
  from space 21824K, 0% used [0x0000000029560000,0x0000000029560000,0x000000002aab0000)
  to   space 21824K, 0% used [0x0000000028010000,0x0000000028010000,0x0000000029560000)
 PSOldGen        total 349568K, used 0K [0x000000000aab0000, 0x0000000020010000, 0x0000000020010000)
  object space 349568K, 0% used [0x000000000aab0000,0x000000000aab0000,0x0000000020010000)
 PSPermGen       total 21248K, used 15784K [0x00000000056b0000, 0x0000000006b70000, 0x000000000aab0000)
  object space 21248K, 74% used [0x00000000056b0000,0x000000000661a0e0,0x0000000006b70000)

Dynamic libraries:
0x0000000140000000 - 0x000000014000b000 	C:\Xilinx\14.7\ISE_DS\ISE\bin\nt64\unwrapped\inserter.exe
0x00007ff8c5e70000 - 0x00007ff8c6068000 	C:\WINDOWS\SYSTEM32\ntdll.dll
0x00007ff8c57b0000 - 0x00007ff8c586f000 	C:\WINDOWS\System32\KERNEL32.DLL
0x00007ff8c3a60000 - 0x00007ff8c3d3a000 	C:\WINDOWS\System32\KERNELBASE.dll
0x00007ff8b16c0000 - 0x00007ff8b1750000 	C:\WINDOWS\SYSTEM32\apphelp.dll
0x00007ff879ed0000 - 0x00007ff87a366000 	C:\WINDOWS\SYSTEM32\AcLayers.DLL
0x00007ff8c59e0000 - 0x00007ff8c5a7e000 	C:\WINDOWS\System32\msvcrt.dll
0x00007ff8c44d0000 - 0x00007ff8c466d000 	C:\WINDOWS\System32\USER32.dll
0x00007ff8c3750000 - 0x00007ff8c3772000 	C:\WINDOWS\System32\win32u.dll
0x00007ff8c4dc0000 - 0x00007ff8c4deb000 	C:\WINDOWS\System32\GDI32.dll
0x00007ff8c35d0000 - 0x00007ff8c36e0000 	C:\WINDOWS\System32\gdi32full.dll
0x00007ff8c3910000 - 0x00007ff8c39ad000 	C:\WINDOWS\System32\msvcp_win.dll
0x00007ff8c3810000 - 0x00007ff8c3910000 	C:\WINDOWS\System32\ucrtbase.dll
0x00007ff8c4670000 - 0x00007ff8c4db4000 	C:\WINDOWS\System32\SHELL32.dll
0x00007ff8c5410000 - 0x00007ff8c5465000 	C:\WINDOWS\System32\SHLWAPI.dll
0x00007ff8c55e0000 - 0x00007ff8c568e000 	C:\WINDOWS\System32\ADVAPI32.dll
0x00007ff8c5b50000 - 0x00007ff8c5bec000 	C:\WINDOWS\System32\sechost.dll
0x00007ff8c43a0000 - 0x00007ff8c44c6000 	C:\WINDOWS\System32\RPCRT4.dll
0x0000000180000000 - 0x0000000180003000 	C:\WINDOWS\SYSTEM32\sfc.dll
0x00007ff8af9e0000 - 0x00007ff8afa78000 	C:\WINDOWS\SYSTEM32\WINSPOOL.DRV
0x00007ff8a8bc0000 - 0x00007ff8a8bd2000 	C:\WINDOWS\SYSTEM32\sfc_os.DLL
0x00007ff8b9ee0000 - 0x00007ff8b9ef1000 	C:\WINDOWS\SYSTEM32\SortWindows61.dll
0x00007ff8c59b0000 - 0x00007ff8c59e0000 	C:\WINDOWS\System32\IMM32.DLL
0x0000000069750000 - 0x00000000697f3000 	C:\WINDOWS\WinSxS\amd64_microsoft.vc90.crt_1fc8b3b9a1e18e3b_9.0.30729.9625_none_08e1c10da83fbc83\MSVCR90.dll
0x000000006d7f0000 - 0x000000006dec1000 	C:\Xilinx\14.7\ISE_DS\ISE\java6\nt64\jre\bin\server\jvm.dll
0x00007ff8b1690000 - 0x00007ff8b16b7000 	C:\WINDOWS\SYSTEM32\WINMM.dll
0x000000006d760000 - 0x000000006d76e000 	C:\Xilinx\14.7\ISE_DS\ISE\java6\nt64\jre\bin\verify.dll
0x000000006d3b0000 - 0x000000006d3d7000 	C:\Xilinx\14.7\ISE_DS\ISE\java6\nt64\jre\bin\java.dll
0x000000006d310000 - 0x000000006d31a000 	C:\Xilinx\14.7\ISE_DS\ISE\java6\nt64\jre\bin\hpi.dll
0x00007ff8c4f70000 - 0x00007ff8c4f78000 	C:\WINDOWS\System32\PSAPI.DLL
0x000000006d7b0000 - 0x000000006d7c2000 	C:\Xilinx\14.7\ISE_DS\ISE\java6\nt64\jre\bin\zip.dll
0x000000006d000000 - 0x000000006d1c3000 	C:\Xilinx\14.7\ISE_DS\ISE\java6\nt64\jre\bin\awt.dll
0x00007ff8c52e0000 - 0x00007ff8c540a000 	C:\WINDOWS\System32\ole32.dll
0x00007ff8c4f80000 - 0x00007ff8c52d4000 	C:\WINDOWS\System32\combase.dll
0x00007ff897620000 - 0x00007ff8976d0000 	C:\WINDOWS\WinSxS\amd64_microsoft.windows.common-controls_6595b64144ccf1df_5.82.19041.1110_none_792d1c772443f647\COMCTL32.dll
0x00007ff8be000000 - 0x00007ff8be02f000 	C:\WINDOWS\SYSTEM32\DWMAPI.DLL
0x00007ff8bdde0000 - 0x00007ff8bde7e000 	C:\WINDOWS\system32\uxtheme.dll
0x00007ff8c5690000 - 0x00007ff8c57a4000 	C:\WINDOWS\System32\MSCTF.dll
0x00007ff8c5510000 - 0x00007ff8c55dd000 	C:\WINDOWS\System32\OLEAUT32.dll
0x00007ff8c1cf0000 - 0x00007ff8c1d02000 	C:\WINDOWS\SYSTEM32\kernel.appcore.dll
0x00007ff8c3780000 - 0x00007ff8c3802000 	C:\WINDOWS\System32\bcryptPrimitives.dll
0x000000006d2a0000 - 0x000000006d30b000 	C:\Xilinx\14.7\ISE_DS\ISE\java6\nt64\jre\bin\fontmanager.dll
0x00007ff8980e0000 - 0x00007ff8982ad000 	C:\WINDOWS\SYSTEM32\d3d9.dll
0x00007ff8be5f0000 - 0x00007ff8bed83000 	C:\WINDOWS\SYSTEM32\windows.storage.dll
0x00007ff8c2f00000 - 0x00007ff8c2f2e000 	C:\WINDOWS\SYSTEM32\Wldp.dll
0x00007ff8c3580000 - 0x00007ff8c35ce000 	C:\WINDOWS\System32\cfgmgr32.dll
0x00007ff8c3ea0000 - 0x00007ff8c3ec7000 	C:\WINDOWS\System32\bcrypt.dll
0x00007ff886aa0000 - 0x00007ff886b5e000 	C:\WINDOWS\System32\DriverStore\FileRepository\nvdm.inf_amd64_0a3136a8b94edc7b\nvldumdx.dll
0x00007ff8bac40000 - 0x00007ff8bac4a000 	C:\WINDOWS\SYSTEM32\VERSION.dll
0x00007ff8c3170000 - 0x00007ff8c3182000 	C:\WINDOWS\SYSTEM32\msasn1.dll
0x00007ff8b6d90000 - 0x00007ff8b6dc1000 	C:\WINDOWS\SYSTEM32\cryptnet.dll
0x00007ff8c3d40000 - 0x00007ff8c3e96000 	C:\WINDOWS\System32\CRYPT32.dll
0x00007ff8b77a0000 - 0x00007ff8b78e8000 	C:\WINDOWS\SYSTEM32\drvstore.dll
0x00007ff8c3330000 - 0x00007ff8c335c000 	C:\WINDOWS\SYSTEM32\devobj.dll
0x00007ff8c2e70000 - 0x00007ff8c2e7c000 	C:\WINDOWS\SYSTEM32\cryptbase.dll
0x00007ff8c36e0000 - 0x00007ff8c3747000 	C:\WINDOWS\System32\WINTRUST.DLL
0x00007ff8c4f50000 - 0x00007ff8c4f6d000 	C:\WINDOWS\System32\imagehlp.dll
0x00007ff8c2f40000 - 0x00007ff8c2f58000 	C:\WINDOWS\SYSTEM32\CRYPTSP.dll
0x00007ff8c24a0000 - 0x00007ff8c24d4000 	C:\WINDOWS\system32\rsaenh.dll
0x00007ff821d60000 - 0x00007ff82436a000 	C:\WINDOWS\System32\DriverStore\FileRepository\nvdm.inf_amd64_0a3136a8b94edc7b\nvd3dumx.dll
0x00007ff8c4ea0000 - 0x00007ff8c4f4d000 	C:\WINDOWS\System32\SHCORE.dll
0x00007ff8c2130000 - 0x00007ff8c2153000 	C:\WINDOWS\SYSTEM32\gpapi.dll
0x00007ff8c34c0000 - 0x00007ff8c34df000 	C:\WINDOWS\SYSTEM32\profapi.dll
0x00007ff8bc5d0000 - 0x00007ff8bc60b000 	C:\WINDOWS\SYSTEM32\dxcore.dll
0x00007ff801080000 - 0x00007ff801301000 	C:\WINDOWS\System32\DriverStore\FileRepository\iigd_dch.inf_amd64_daf6bd0fe6a1c7f7\igdumdim64.dll
0x00007ffffec80000 - 0x00007ffffffe8000 	C:\WINDOWS\System32\DriverStore\FileRepository\iigd_dch.inf_amd64_daf6bd0fe6a1c7f7\igd9dxva64.dll
0x00007ff8c3ed0000 - 0x00007ff8c4338000 	C:\WINDOWS\System32\SETUPAPI.dll
0x00007ff844400000 - 0x00007ff846125000 	C:\WINDOWS\System32\DriverStore\FileRepository\iigd_dch.inf_amd64_daf6bd0fe6a1c7f7\media_bin_64.dll
0x00007ff88bc80000 - 0x00007ff88c0bb000 	C:\WINDOWS\System32\DriverStore\FileRepository\iigd_dch.inf_amd64_daf6bd0fe6a1c7f7\igdgmm64.dll
0x00007ff86df70000 - 0x00007ff86df97000 	C:\WINDOWS\System32\DriverStore\FileRepository\iigd_dch.inf_amd64_daf6bd0fe6a1c7f7\igdinfo64.dll
0x00007ff887eb0000 - 0x00007ff88bc77000 	C:\WINDOWS\System32\DriverStore\FileRepository\iigd_dch.inf_amd64_daf6bd0fe6a1c7f7\igc64.dll
0x000000006d600000 - 0x000000006d617000 	C:\Xilinx\14.7\ISE_DS\ISE\java6\nt64\jre\bin\net.dll
0x00007ff8c5a80000 - 0x00007ff8c5aeb000 	C:\WINDOWS\System32\WS2_32.dll
0x00007ff8c2ce0000 - 0x00007ff8c2d4a000 	C:\WINDOWS\system32\mswsock.dll
0x000000006d620000 - 0x000000006d62b000 	C:\Xilinx\14.7\ISE_DS\ISE\java6\nt64\jre\bin\nio.dll
0x00007ff8b3fd0000 - 0x00007ff8b40c9000 	C:\WINDOWS\SYSTEM32\textinputframework.dll
0x00007ff8b3c70000 - 0x00007ff8b3fce000 	C:\WINDOWS\System32\CoreUIComponents.dll
0x00007ff8b3b70000 - 0x00007ff8b3c62000 	C:\WINDOWS\System32\CoreMessaging.dll
0x00007ff8c26d0000 - 0x00007ff8c2703000 	C:\WINDOWS\SYSTEM32\ntmarta.dll
0x00007ff8bcec0000 - 0x00007ff8bd014000 	C:\WINDOWS\SYSTEM32\wintypes.dll
0x00007ff8c4df0000 - 0x00007ff8c4e99000 	C:\WINDOWS\System32\clbcatq.dll
0x00007ff8712f0000 - 0x00007ff87132e000 	C:\WINDOWS\system32\dataexchange.dll
0x00007ff8bca70000 - 0x00007ff8bccd3000 	C:\WINDOWS\system32\d3d11.dll
0x00007ff8ac0c0000 - 0x00007ff8ac2a3000 	C:\WINDOWS\system32\dcomp.dll
0x00007ff8c1d60000 - 0x00007ff8c1e53000 	C:\WINDOWS\system32\dxgi.dll
0x00007ff8b9cc0000 - 0x00007ff8b9ec0000 	C:\WINDOWS\system32\twinapi.appcore.dll

VM Arguments:
jvm_args: -Xmx512m -Xss4m -Dchipscope.dir=C:\Xilinx\14.7\ISE_DS\ISE\bin\nt64\unwrapped\../../java/chipscope/ vfprintf 
java_command: <unknown>
Launcher Type: generic

Environment Variables:
PATH=C:\Xilinx\14.7\ISE_DS\ISE\\lib\nt64;C:\Xilinx\14.7\ISE_DS\ISE\\bin\nt64;C:\Xilinx\14.7\ISE_DS\ISE\bin\nt64;C:\Xilinx\14.7\ISE_DS\ISE\lib\nt64;C:\Xilinx\14.7\ISE_DS\ISE\..\..\..\DocNav;C:\Xilinx\14.7\ISE_DS\PlanAhead\bin;C:\Xilinx\14.7\ISE_DS\EDK\bin\nt64;C:\Xilinx\14.7\ISE_DS\EDK\lib\nt64;C:\Xilinx\14.7\ISE_DS\EDK\gnu\microblaze\nt\bin;C:\Xilinx\14.7\ISE_DS\EDK\gnu\powerpc-eabi\nt\bin;C:\Xilinx\14.7\ISE_DS\EDK\gnuwin\bin;C:\Xilinx\14.7\ISE_DS\EDK\gnu\arm\nt\bin;C:\Xilinx\14.7\ISE_DS\EDK\gnu\microblaze\linux_toolchain\nt64_be\bin;C:\Xilinx\14.7\ISE_DS\EDK\gnu\microblaze\linux_toolchain\nt64_le\bin;C:\Xilinx\14.7\ISE_DS\common\bin\nt64;C:\Xilinx\14.7\ISE_DS\common\lib\nt64;C:\Program Files\Microsoft\jdk-11.0.16.101-hotspot\bin;"C:\Program Files (x86)\CMake\bin;C:\MinGW\bin";C:\Users\myunoshev\gcc\libexec\gcc\x86_64-w64-mingw32\12.2.0;C:\Users\myunoshev\gcc\bin;C:\WINDOWS\system32;C:\WINDOWS;C:\WINDOWS\System32\Wbem;C:\WINDOWS\System32\WindowsPowerShell\v1.0\;C:\WINDOWS\System32\OpenSSH\;C:\Program Files\MATLAB\R2021a\runtime\win64;C:\Program Files\MATLAB\R2021a\bin;C:\Program Files\CMake\bin;C:\Work\NXP\MIMX8MN6DVTJZ\Soft;C:\Program Files\PuTTY\;C:\Program Files (x86)\STMicroelectronics\STM32 ST-LINK Utility\ST-LINK Utility;C:\Program Files\Microsoft SQL Server\150\Tools\Binn\;C:\Program Files\Git\cmd;C:\Program Files\dotnet\;C:\Apache-svn\bin;C:\Program Files\TortoiseSVN\bin;C:\Program Files (x86)\P-CAD 2006 Viewer\;C:\Program Files (x86)\Windows Kits\10\Windows Performance Toolkit\;C:\Users\myunoshev\AppData\Local\Microsoft\WindowsApps;C:\Users\myunoshev\AppData\Local\Programs\Microsoft VS Code\bin;C:\Users\myunoshev\.dotnet\tools
USERNAME=MYunoshev
OS=Windows_NT
PROCESSOR_IDENTIFIER=Intel64 Family 6 Model 141 Stepping 1, GenuineIntel



---------------  S Y S T E M  ---------------

OS: Windows 7 Build 7600 

CPU:total 12 (8 cores per cpu, 2 threads per core) family 6 model 141 stepping 1, cmov, cx8, fxsr, mmx, sse, sse2, sse3, ssse3, sse4.1, sse4.2, popcnt, ht

Memory: 4k page, physical 66274692k(33796580k free), swap 75711876k(39537844k free)

vm_info: Java HotSpot(TM) 64-Bit Server VM (17.0-b17) for windows-amd64 JRE (1.6.0_21-b07), built on Jul 17 2010 01:05:36 by "java_re" with MS VC++ 8.0 (VS2005)

time: Fri Feb 02 16:22:35 2024
elapsed time: 50 seconds

