INFO:sim:172 - Generating IP...
Applying current project options...
Finished applying current project options.
WARNING:sim - A core named 'pll3' already exists in the project. Output products
   for this core may be overwritten.
Resolving generics for 'pll3'...
WARNING:sim - A core named 'pll3' already exists in the project. Output products
   for this core may be overwritten.
Applying external generics to 'pll3'...
Delivering associated files for 'pll3'...
WARNING:sim - Component clk_wiz_v3_6 does not have a valid model name for VHDL
   synthesis
Delivering EJava files for 'pll3'...
Delivered 3 files into directory
C:/Work/XILINX/Projects/TEST_MIRP/ipcore_dir/tmp/_cg/pll3
Delivered 1 file into directory
C:/Work/XILINX/Projects/TEST_MIRP/ipcore_dir/tmp/_cg/pll3
Generating ASY schematic symbol...
Loading device for application Rf_Device from file '6slx25.nph' in environment
C:\Xilinx\14.7\ISE_DS\ISE\.
INFO:sim:949 - Finished generation of ASY schematic symbol.
Generating SYM schematic symbol for 'pll3'...
Generating ISE project...
XCO file found: pll3.xco
XMDF file found: pll3_xmdf.tcl
Adding C:/Work/XILINX/Projects/TEST_MIRP/ipcore_dir/tmp/_cg/pll3.asy -view all
-origin_type imported
Adding C:/Work/XILINX/Projects/TEST_MIRP/ipcore_dir/tmp/_cg/pll3.ucf -view all
-origin_type created
Adding C:/Work/XILINX/Projects/TEST_MIRP/ipcore_dir/tmp/_cg/pll3.vhd -view all
-origin_type created
INFO:HDLCompiler:1061 - Parsing VHDL file
   "C:/Work/XILINX/Projects/TEST_MIRP/ipcore_dir/tmp/_cg/pll3.vhd" into library
   work
INFO:ProjectMgmt - Parsing design hierarchy completed successfully.
Adding C:/Work/XILINX/Projects/TEST_MIRP/ipcore_dir/tmp/_cg/pll3.vho -view all
-origin_type imported
INFO:TclTasksC:2116 - The automatic calculation of top has been turned-off.
   Please set the new top explicitly by running the "project set top" command.
   To re-calculate the new top automatically, set the "Auto Implementation Top"
   property to true.
Top level has been set to "/pll3"
Generating README file...
Generating FLIST file...
INFO:sim:948 - Finished FLIST file generation.
Launching README viewer...
Moving files to output directory...
Finished moving files to output directory
Wrote CGP file for project 'pll3'.
