13:42:51 **** Build of project test_bsp ****
make -k all 
libgen -hw ../proc_hw_platform/system.xml\
	       \
	       -pe microblaze_0 \
	       -log libgen.log \
	       system.mss
libgen
Xilinx EDK 14.7 Build EDK_P.20131013
Copyright (c) 1995-2012 Xilinx, Inc.  All rights reserved.

Command Line: libgen -hw ../proc_hw_platform/system.xml -pe microblaze_0 -log
libgen.log system.mss 


Staging source files.
Running DRCs.
Running generate.
Running post_generate.
Running include - 'make -s include "COMPILER=mb-gcc" "ARCHIVER=mb-ar"
"COMPILER_FLAGS=-mlittle-endian -mno-xl-soft-mul -mxl-barrel-shift
-mxl-pattern-compare -mhard-float -mxl-float-convert -mxl-float-sqrt
-mno-xl-soft-div -mcpu=v8.50.c  -O2 -c" "EXTRA_COMPILER_FLAGS=-g
-ffunction-sections -fdata-sections"'.

Running libs - 'make -s libs "COMPILER=mb-gcc" "ARCHIVER=mb-ar"
"COMPILER_FLAGS=-mlittle-endian -mno-xl-soft-mul -mxl-barrel-shift
-mxl-pattern-compare -mhard-float -mxl-float-convert -mxl-float-sqrt
-mno-xl-soft-div -mcpu=v8.50.c  -O2 -c" "EXTRA_COMPILER_FLAGS=-g
-ffunction-sections -fdata-sections"'.
"Compiling common"
"Compiling standalone";
"Compiling tmrctr"
"Compiling gpio"
"Compiling intc"
"Compiling uartlite"
"Compiling bram"
"Compiling cpu"
Running execs_generate.
'Finished building libraries'

**** Build of configuration Debug for project test ****

Nothing to build for project test
13:43:16 **** Auto Build of configuration Debug for project test ****
make all 
'Building file: ../main.c'
'Invoking: MicroBlaze gcc compiler'
mb-gcc -Wall -O0 -g3 -c -fmessage-length=0 -I../../test_bsp/microblaze_0/include -mlittle-endian -mxl-barrel-shift -mxl-pattern-compare -mno-xl-soft-div -mcpu=v8.50.c -mno-xl-soft-mul -mhard-float -mxl-float-convert -mxl-float-sqrt -Wl,--no-relax -ffunction-sections -fdata-sections -MMD -MP -MF"main.d" -MT"main.d" -o "main.o" "../main.c"
'Finished building: ../main.c'
' '
'Building target: test.elf'
'Invoking: MicroBlaze gcc linker'
mb-gcc -Wl,-T -Wl,../src/lscript.ld -L../../test_bsp/microblaze_0/lib -mlittle-endian -mxl-barrel-shift -mxl-pattern-compare -mno-xl-soft-div -mcpu=v8.50.c -mno-xl-soft-mul -mhard-float -mxl-float-convert -mxl-float-sqrt -Wl,--no-relax -Wl,--gc-sections -o "test.elf"  ./main.o   -Wl,--start-group,-lxil,-lgcc,-lc,--end-group
c:/xilinx/14.7/ise_ds/edk/gnu/microblaze/nt/bin/../lib/gcc/microblaze-xilinx-elf/4.6.4/../../../../microblaze-xilinx-elf/lib/bs/m/le/crtinit.o: In function `_crtinit':
/wrk/ptx/users/nagaraju/GCC_2013_03/newlib/libgloss/microblaze/crtinit.S:69: undefined reference to `main'
collect2: ld returned 1 exit status
make: *** [test.elf] Error 1
13:43:46 **** Auto Build of configuration Debug for project test ****
make all 
'Building file: ../main.c'
'Invoking: MicroBlaze gcc compiler'
mb-gcc -Wall -O0 -g3 -c -fmessage-length=0 -I../../test_bsp/microblaze_0/include -mlittle-endian -mxl-barrel-shift -mxl-pattern-compare -mno-xl-soft-div -mcpu=v8.50.c -mno-xl-soft-mul -mhard-float -mxl-float-convert -mxl-float-sqrt -Wl,--no-relax -ffunction-sections -fdata-sections -MMD -MP -MF"main.d" -MT"main.d" -o "main.o" "../main.c"
'Finished building: ../main.c'
' '
'Building target: test.elf'
'Invoking: MicroBlaze gcc linker'
mb-gcc -Wl,-T -Wl,../src/lscript.ld -L../../test_bsp/microblaze_0/lib -mlittle-endian -mxl-barrel-shift -mxl-pattern-compare -mno-xl-soft-div -mcpu=v8.50.c -mno-xl-soft-mul -mhard-float -mxl-float-convert -mxl-float-sqrt -Wl,--no-relax -Wl,--gc-sections -o "test.elf"  ./main.o   -Wl,--start-group,-lxil,-lgcc,-lc,--end-group
'Finished building target: test.elf'
' '
'Invoking: MicroBlaze Print Size'
mb-size test.elf  |tee "test.elf.size"
   text	   data	    bss	    dec	    hex	filename
   3150	    408	   2080	   5638	   1606	test.elf
'Finished building: test.elf.size'
' '
'Invoking: Xilinx ELF Check'
elfcheck test.elf -hw ../../proc_hw_platform/system.xml -pe microblaze_0  |tee "test.elf.elfcheck"
elfcheck
Xilinx EDK 14.7 Build EDK_P.20131013
Copyright (c) 1995-2012 Xilinx, Inc.  All rights reserved.

Command Line: elfcheck -hw ../../proc_hw_platform/system.xml -pe microblaze_0
test.elf 

ELF file	: test.elf
elfcheck passed.
'Finished building: test.elf.elfcheck'
' '
13:50:37 **** Auto Build of configuration Debug for project test ****
make all 
'Building file: ../main.c'
'Invoking: MicroBlaze gcc compiler'
mb-gcc -Wall -O0 -g3 -c -fmessage-length=0 -I../../test_bsp/microblaze_0/include -mlittle-endian -mxl-barrel-shift -mxl-pattern-compare -mno-xl-soft-div -mcpu=v8.50.c -mno-xl-soft-mul -mhard-float -mxl-float-convert -mxl-float-sqrt -Wl,--no-relax -ffunction-sections -fdata-sections -MMD -MP -MF"main.d" -MT"main.d" -o "main.o" "../main.c"
../main.c:7:20: warning: extra tokens at end of #include directive [enabled by default]
../main.c:8:19: warning: extra tokens at end of #include directive [enabled by default]
../main.c: In function 'main':
../main.c:12:1: error: unknown type name 'u32'
../main.c:13:1: error: unknown type name 'u8'
../main.c:16:10: error: 'XPAR_MY_CAN_LITE_0_BASEADDR' undeclared (first use in this function)
../main.c:16:10: note: each undeclared identifier is reported only once for each function it appears in
../main.c:17:15: error: unknown type name 'u8'
../main.c:17:11: error: 'for' loop initial declarations are only allowed in C99 mode
../main.c:17:11: note: use option -std=c99 or -std=gnu99 to compile your code
../main.c:13:4: warning: unused variable 'i' [-Wunused-variable]
../main.c:12:5: warning: variable 'temp' set but not used [-Wunused-but-set-variable]
make: *** [main.o] Error 1
13:51:48 **** Auto Build of configuration Debug for project test ****
make all 
'Building file: ../main.c'
'Invoking: MicroBlaze gcc compiler'
mb-gcc -Wall -O0 -g3 -c -fmessage-length=0 -I../../test_bsp/microblaze_0/include -mlittle-endian -mxl-barrel-shift -mxl-pattern-compare -mno-xl-soft-div -mcpu=v8.50.c -mno-xl-soft-mul -mhard-float -mxl-float-convert -mxl-float-sqrt -Wl,--no-relax -ffunction-sections -fdata-sections -MMD -MP -MF"main.d" -MT"main.d" -o "main.o" "../main.c"
../main.c:7:20: warning: extra tokens at end of #include directive [enabled by default]
../main.c:8:19: warning: extra tokens at end of #include directive [enabled by default]
../main.c:9:24: warning: extra tokens at end of #include directive [enabled by default]
../main.c:9:25: fatal error: xparametrs.h: No such file or directory
compilation terminated.
make: *** [main.o] Error 1
13:52:20 **** Auto Build of configuration Debug for project test ****
make all 
'Building file: ../main.c'
'Invoking: MicroBlaze gcc compiler'
mb-gcc -Wall -O0 -g3 -c -fmessage-length=0 -I../../test_bsp/microblaze_0/include -mlittle-endian -mxl-barrel-shift -mxl-pattern-compare -mno-xl-soft-div -mcpu=v8.50.c -mno-xl-soft-mul -mhard-float -mxl-float-convert -mxl-float-sqrt -Wl,--no-relax -ffunction-sections -fdata-sections -MMD -MP -MF"main.d" -MT"main.d" -o "main.o" "../main.c"
../main.c:7:20: warning: extra tokens at end of #include directive [enabled by default]
../main.c:8:19: warning: extra tokens at end of #include directive [enabled by default]
../main.c:9:25: warning: extra tokens at end of #include directive [enabled by default]
../main.c: In function 'main':
../main.c:13:1: error: unknown type name 'u32'
../main.c:14:1: error: unknown type name 'u8'
../main.c:18:15: error: unknown type name 'u8'
../main.c:18:11: error: 'for' loop initial declarations are only allowed in C99 mode
../main.c:18:11: note: use option -std=c99 or -std=gnu99 to compile your code
../main.c:14:4: warning: unused variable 'i' [-Wunused-variable]
../main.c:13:5: warning: variable 'temp' set but not used [-Wunused-but-set-variable]
make: *** [main.o] Error 1
13:52:47 **** Auto Build of configuration Debug for project test ****
make all 
'Building file: ../main.c'
'Invoking: MicroBlaze gcc compiler'
mb-gcc -Wall -O0 -g3 -c -fmessage-length=0 -I../../test_bsp/microblaze_0/include -mlittle-endian -mxl-barrel-shift -mxl-pattern-compare -mno-xl-soft-div -mcpu=v8.50.c -mno-xl-soft-mul -mhard-float -mxl-float-convert -mxl-float-sqrt -Wl,--no-relax -ffunction-sections -fdata-sections -MMD -MP -MF"main.d" -MT"main.d" -o "main.o" "../main.c"
../main.c:7:20: warning: extra tokens at end of #include directive [enabled by default]
../main.c:8:19: warning: extra tokens at end of #include directive [enabled by default]
../main.c:9:25: warning: extra tokens at end of #include directive [enabled by default]
../main.c: In function 'main':
../main.c:13:10: warning: variable 'temp' set but not used [-Wunused-but-set-variable]
'Finished building: ../main.c'
' '
'Building target: test.elf'
'Invoking: MicroBlaze gcc linker'
mb-gcc -Wl,-T -Wl,../src/lscript.ld -L../../test_bsp/microblaze_0/lib -mlittle-endian -mxl-barrel-shift -mxl-pattern-compare -mno-xl-soft-div -mcpu=v8.50.c -mno-xl-soft-mul -mhard-float -mxl-float-convert -mxl-float-sqrt -Wl,--no-relax -Wl,--gc-sections -o "test.elf"  ./main.o   -Wl,--start-group,-lxil,-lgcc,-lc,--end-group
'Finished building target: test.elf'
' '
'Invoking: MicroBlaze Print Size'
mb-size test.elf  |tee "test.elf.size"
   text	   data	    bss	    dec	    hex	filename
   3230	    408	   2080	   5718	   1656	test.elf
'Finished building: test.elf.size'
' '
'Invoking: Xilinx ELF Check'
elfcheck test.elf -hw ../../proc_hw_platform/system.xml -pe microblaze_0  |tee "test.elf.elfcheck"
elfcheck
Xilinx EDK 14.7 Build EDK_P.20131013
Copyright (c) 1995-2012 Xilinx, Inc.  All rights reserved.

Command Line: elfcheck -hw ../../proc_hw_platform/system.xml -pe microblaze_0
test.elf 

ELF file	: test.elf
elfcheck passed.
'Finished building: test.elf.elfcheck'
' '
13:52:59 **** Auto Build of configuration Debug for project test ****
make all 
'Building file: ../main.c'
'Invoking: MicroBlaze gcc compiler'
mb-gcc -Wall -O0 -g3 -c -fmessage-length=0 -I../../test_bsp/microblaze_0/include -mlittle-endian -mxl-barrel-shift -mxl-pattern-compare -mno-xl-soft-div -mcpu=v8.50.c -mno-xl-soft-mul -mhard-float -mxl-float-convert -mxl-float-sqrt -Wl,--no-relax -ffunction-sections -fdata-sections -MMD -MP -MF"main.d" -MT"main.d" -o "main.o" "../main.c"
../main.c:7:20: warning: extra tokens at end of #include directive [enabled by default]
../main.c:8:19: warning: extra tokens at end of #include directive [enabled by default]
../main.c:9:25: warning: extra tokens at end of #include directive [enabled by default]
'Finished building: ../main.c'
' '
'Building target: test.elf'
'Invoking: MicroBlaze gcc linker'
mb-gcc -Wl,-T -Wl,../src/lscript.ld -L../../test_bsp/microblaze_0/lib -mlittle-endian -mxl-barrel-shift -mxl-pattern-compare -mno-xl-soft-div -mcpu=v8.50.c -mno-xl-soft-mul -mhard-float -mxl-float-convert -mxl-float-sqrt -Wl,--no-relax -Wl,--gc-sections -o "test.elf"  ./main.o   -Wl,--start-group,-lxil,-lgcc,-lc,--end-group
'Finished building target: test.elf'
' '
'Invoking: MicroBlaze Print Size'
mb-size test.elf  |tee "test.elf.size"
   text	   data	    bss	    dec	    hex	filename
   3222	    408	   2080	   5710	   164e	test.elf
'Finished building: test.elf.size'
' '
'Invoking: Xilinx ELF Check'
elfcheck test.elf -hw ../../proc_hw_platform/system.xml -pe microblaze_0  |tee "test.elf.elfcheck"
elfcheck
Xilinx EDK 14.7 Build EDK_P.20131013
Copyright (c) 1995-2012 Xilinx, Inc.  All rights reserved.

Command Line: elfcheck -hw ../../proc_hw_platform/system.xml -pe microblaze_0
test.elf 

ELF file	: test.elf
elfcheck passed.
'Finished building: test.elf.elfcheck'
' '
15:23:24 **** Auto Build of project test_bsp ****
make -k all 
'Finished building libraries'
15:23:28 **** Clean-only build of project test_bsp ****
make -k clean 
rm -rf microblaze_0
15:23:29 **** Clean-only build of configuration Debug for project test ****
make clean 
rm -rf  ./main.o  ./main.d  test.elf.size  test.elf.elfcheck  test.elf
' '
15:23:29 **** Build of project test_bsp ****
make -k all 
libgen -hw ../proc_hw_platform/system.xml\
	       \
	       -pe microblaze_0 \
	       -log libgen.log \
	       system.mss
libgen
Xilinx EDK 14.7 Build EDK_P.20131013
Copyright (c) 1995-2012 Xilinx, Inc.  All rights reserved.

Command Line: libgen -hw ../proc_hw_platform/system.xml -pe microblaze_0 -log
libgen.log system.mss 


Staging source files.
Running DRCs.
Running generate.
Running post_generate.
Running include - 'make -s include "COMPILER=mb-gcc" "ARCHIVER=mb-ar"
"COMPILER_FLAGS=-mlittle-endian -mno-xl-soft-mul -mxl-barrel-shift
-mxl-pattern-compare -mhard-float -mxl-float-convert -mxl-float-sqrt
-mno-xl-soft-div -mcpu=v8.50.c  -O2 -c" "EXTRA_COMPILER_FLAGS=-g
-ffunction-sections -fdata-sections"'.

Running libs - 'make -s libs "COMPILER=mb-gcc" "ARCHIVER=mb-ar"
"COMPILER_FLAGS=-mlittle-endian -mno-xl-soft-mul -mxl-barrel-shift
-mxl-pattern-compare -mhard-float -mxl-float-convert -mxl-float-sqrt
-mno-xl-soft-div -mcpu=v8.50.c  -O2 -c" "EXTRA_COMPILER_FLAGS=-g
-ffunction-sections -fdata-sections"'.
"Compiling common"
"Compiling standalone";
"Compiling tmrctr"
"Compiling gpio"
"Compiling intc"
"Compiling uartlite"
"Compiling bram"
"Compiling cpu"
Running execs_generate.
'Finished building libraries'
15:23:35 **** Build of configuration Debug for project test ****
make all 
'Building file: ../main.c'
'Invoking: MicroBlaze gcc compiler'
mb-gcc -Wall -O0 -g3 -c -fmessage-length=0 -I../../test_bsp/microblaze_0/include -mlittle-endian -mxl-barrel-shift -mxl-pattern-compare -mno-xl-soft-div -mcpu=v8.50.c -mno-xl-soft-mul -mhard-float -mxl-float-convert -mxl-float-sqrt -Wl,--no-relax -ffunction-sections -fdata-sections -MMD -MP -MF"main.d" -MT"main.d" -o "main.o" "../main.c"
../main.c:7:20: warning: extra tokens at end of #include directive [enabled by default]
../main.c:8:19: warning: extra tokens at end of #include directive [enabled by default]
../main.c:9:25: warning: extra tokens at end of #include directive [enabled by default]
'Finished building: ../main.c'
' '
'Building target: test.elf'
'Invoking: MicroBlaze gcc linker'
mb-gcc -Wl,-T -Wl,../src/lscript.ld -L../../test_bsp/microblaze_0/lib -mlittle-endian -mxl-barrel-shift -mxl-pattern-compare -mno-xl-soft-div -mcpu=v8.50.c -mno-xl-soft-mul -mhard-float -mxl-float-convert -mxl-float-sqrt -Wl,--no-relax -Wl,--gc-sections -o "test.elf"  ./main.o   -Wl,--start-group,-lxil,-lgcc,-lc,--end-group
'Finished building target: test.elf'
' '
'Invoking: MicroBlaze Print Size'
mb-size test.elf  |tee "test.elf.size"
   text	   data	    bss	    dec	    hex	filename
   3222	    408	   2080	   5710	   164e	test.elf
'Finished building: test.elf.size'
' '
'Invoking: Xilinx ELF Check'
elfcheck test.elf -hw ../../proc_hw_platform/system.xml -pe microblaze_0  |tee "test.elf.elfcheck"
elfcheck
Xilinx EDK 14.7 Build EDK_P.20131013
Copyright (c) 1995-2012 Xilinx, Inc.  All rights reserved.

Command Line: elfcheck -hw ../../proc_hw_platform/system.xml -pe microblaze_0
test.elf 

ELF file	: test.elf
elfcheck passed.
'Finished building: test.elf.elfcheck'
' '
12:30:29 **** Auto Build of project test_bsp ****
make -k all 
'Finished building libraries'
12:30:30 **** Clean-only build of configuration Debug for project test ****
make clean 
rm -rf  ./main.o  ./main.d  test.elf.size  test.elf.elfcheck  test.elf
' '
12:30:30 **** Auto Build of configuration Debug for project test ****
make all 
'Building file: ../main.c'
'Invoking: MicroBlaze gcc compiler'
mb-gcc -Wall -O0 -g3 -c -fmessage-length=0 -I../../test_bsp/microblaze_0/include -mlittle-endian -mxl-barrel-shift -mxl-pattern-compare -mno-xl-soft-div -mcpu=v8.50.c -mno-xl-soft-mul -mhard-float -mxl-float-convert -mxl-float-sqrt -Wl,--no-relax -ffunction-sections -fdata-sections -MMD -MP -MF"main.d" -MT"main.d" -o "main.o" "../main.c"
../main.c:7:20: warning: extra tokens at end of #include directive [enabled by default]
../main.c:8:19: warning: extra tokens at end of #include directive [enabled by default]
../main.c:9:25: warning: extra tokens at end of #include directive [enabled by default]
'Finished building: ../main.c'
' '
'Building target: test.elf'
'Invoking: MicroBlaze gcc linker'
mb-gcc -Wl,-T -Wl,../src/lscript.ld -L../../test_bsp/microblaze_0/lib -mlittle-endian -mxl-barrel-shift -mxl-pattern-compare -mno-xl-soft-div -mcpu=v8.50.c -mno-xl-soft-mul -mhard-float -mxl-float-convert -mxl-float-sqrt -Wl,--no-relax -Wl,--gc-sections -o "test.elf"  ./main.o   -Wl,--start-group,-lxil,-lgcc,-lc,--end-group
'Finished building target: test.elf'
' '
'Invoking: MicroBlaze Print Size'
mb-size test.elf  |tee "test.elf.size"
   text	   data	    bss	    dec	    hex	filename
   3222	    408	   2080	   5710	   164e	test.elf
'Finished building: test.elf.size'
' '
'Invoking: Xilinx ELF Check'
elfcheck test.elf -hw ../../proc_hw_platform/system.xml -pe microblaze_0  |tee "test.elf.elfcheck"
elfcheck
Xilinx EDK 14.7 Build EDK_P.20131013
Copyright (c) 1995-2012 Xilinx, Inc.  All rights reserved.

Command Line: elfcheck -hw ../../proc_hw_platform/system.xml -pe microblaze_0
test.elf 

ELF file	: test.elf
ERROR:EDK:3165 - elfcheck failed!
The following sections did not fit into Processor  memory:
	Section .stack (0xBA001230 - 0xBA00162F)
	Section .heap (0xBA000E30 - 0xBA00122F)
	Section .bss (0xBA000E10 - 0xBA000E2F)
	Section .data (0xBA000C88 - 0xBA000E0F)
	Section .rodata (0xBA000C80 - 0xBA000C85)
	Section .dtors (0xBA000C78 - 0xBA000C7F)
	Section .ctors (0xBA000C70 - 0xBA000C77)
	Section .fini (0xBA000C50 - 0xBA000C6F)
	Section .init (0xBA000C14 - 0xBA000C4F)
	Section .text (0xBA000000 - 0xBA000C13)

Try using the linker script generation tools to generate an ELF that maps
correctly to your hardware design.
'Finished building: test.elf.elfcheck'
' '
