13:42:24.243 INFO  - Processing command line option -hwspec C:\Work\XILINX\Projects\New_25\proc\SDK\SDK_Export\hw\proc.xml. 
13:51:31.308 WARN  - Unable to obtain port 2350 for use by XMD, java.net.BindException: Address already in use: JVM_Bind 
13:51:36.336 ERROR - Checking FPGA configuration failed..Connection to Board Failed


    Failed to Open JTAG Cable
    Cable target is not connected to the host
 
13:52:04.736 ERROR - Unexpected error while parsing XMD response ?: com.google.gson.JsonSyntaxException: com.google.gson.stream.MalformedJsonException: invalid number or unquoted string near  
13:52:21.666 WARN  - Unable to obtain port 2350 for use by XMD, java.net.BindException: Address already in use: JVM_Bind 
13:52:25.310 INFO  - System reset is completed. 
13:55:13.378 INFO  - System reset is completed. 
13:55:53.408 INFO  - System reset is completed. 
13:57:59.614 INFO  - FPGA Cable Disconnected. All active launches will be terminated. 
13:57:59.617 WARN  - Terminating existing sessions on processor microblaze_0 
15:38:30.947 ERROR - Unexpected error while parsing XMD response ?: com.google.gson.JsonSyntaxException: com.google.gson.stream.MalformedJsonException: invalid number or unquoted string near  
11:03:34.408 INFO  - System reset is completed. 
11:04:52.058 INFO  - System reset is completed. 
11:06:02.235 INFO  - System reset is completed. 
11:07:16.476 INFO  - System reset is completed. 
11:08:53.969 INFO  - System reset is completed. 
11:09:24.387 INFO  - System reset is completed. 
11:10:00.803 INFO  - System reset is completed. 
11:11:23.791 INFO  - System reset is completed. 
11:13:24.508 INFO  - System reset is completed. 
12:28:41.084 INFO  - System reset is completed. 
12:29:00.987 INFO  - System reset is completed. 
14:00:56.985 INFO  - System reset is completed. 
14:05:28.453 INFO  - System reset is completed. 
14:16:14.695 INFO  - System reset is completed. 
14:16:16.232 INFO  - System reset is completed. 
14:17:57.196 ERROR - Unexpected error while launching program. java.lang.RuntimeException: Target selection failed.
	at com.xilinx.sdk.debug.core.XilinxAppLaunchConfigurationDelegate.debugApplication(Unknown Source)
	at com.xilinx.sdk.debug.core.XilinxAppLaunchConfigurationDelegate.launch(Unknown Source)

14:18:32.121 INFO  - System reset is completed. 
14:20:12.746 INFO  - System reset is completed. 
14:20:36.333 INFO  - System reset is completed. 
14:22:00.898 INFO  - System reset is completed. 
14:22:18.426 INFO  - System reset is completed. 
14:25:52.718 INFO  - System reset is completed. 
14:27:55.248 INFO  - System reset is completed. 
14:28:53.383 INFO  - System reset is completed. 
14:29:59.659 INFO  - System reset is completed. 
15:36:03.433 INFO  - System reset is completed. 
15:39:00.667 INFO  - System reset is completed. 
15:40:47.720 INFO  - System reset is completed. 
15:41:53.422 INFO  - System reset is completed. 
15:42:28.723 INFO  - System reset is completed. 
15:43:18.057 INFO  - System reset is completed. 
15:44:13.134 INFO  - System reset is completed. 
15:44:57.256 INFO  - System reset is completed. 
15:49:45.611 INFO  - System reset is completed. 
15:51:01.497 INFO  - System reset is completed. 
16:00:44.094 INFO  - System reset is completed. 
16:01:23.463 INFO  - System reset is completed. 
16:04:29.840 INFO  - System reset is completed. 
16:05:18.513 INFO  - System reset is completed. 
16:06:28.554 INFO  - System reset is completed. 
16:11:27.412 INFO  - System reset is completed. 
16:14:34.675 INFO  - System reset is completed. 
16:15:26.747 INFO  - System reset is completed. 
16:17:25.190 INFO  - System reset is completed. 
16:18:41.797 INFO  - System reset is completed. 
16:21:12.151 INFO  - System reset is completed. 
16:21:55.259 INFO  - System reset is completed. 
16:22:29.514 INFO  - System reset is completed. 
16:22:52.477 INFO  - System reset is completed. 
16:27:42.492 INFO  - System reset is completed. 
16:28:25.503 ERROR - Unexpected error while parsing XMD response ?: com.google.gson.JsonSyntaxException: com.google.gson.stream.MalformedJsonException: invalid number or unquoted string near  
14:26:46.296 ERROR - Unexpected error while obtaining referenced S/W project {} org.eclipse.core.internal.resources.ResourceException: Resource '/RemoteSystemsTempFiles' is not open.
	at org.eclipse.core.internal.resources.Project.checkAccessible(Project.java:150)
	at org.eclipse.core.internal.resources.Project.getReferencedProjects(Project.java:521)

08:34:53.775 INFO  - Project proc_hw_platform's source hardware specification located at C:\Work\XILINX\Projects\New_25\proc\SDK\SDK_Export\hw\proc.xml is now different from the local copy.
		 The local copy will be replaced with the source specification and your workspace will be updated. 
08:34:55.795 INFO  - Project proc_hw_platform's source hardware specification location will not be monitored anymore. 
