#
# A fatal error has been detected by the Java Runtime Environment:
#
#  EXCEPTION_ACCESS_VIOLATION (0xc0000005) at pc=0x772b40bd, pid=18076, tid=13640
#
# JRE version: 6.0_21-b07
# Java VM: Java HotSpot(TM) Client VM (17.0-b17 mixed mode windows-x86 )
# Problematic frame:
# C  [ntdll.dll+0x440bd]
#
# If you would like to submit a bug report, please visit:
#   http://java.sun.com/webapps/bugreport/crash.jsp
#

---------------  T H R E A D  ---------------

Current thread (0x0254e400):  JavaThread "main" [_thread_in_vm, id=13640, stack(0x00690000,0x006e0000)]

siginfo: ExceptionCode=0xc0000005, reading address 0x3a2bb6fa

Registers:
EAX=0x00000001, EBX=0x3a2e0080, ECX=0x00100000, EDX=0x00006e0e
ESP=0x006dda60, EBP=0x006ddbb0, ESI=0x3a2bb6f8, EDI=0x02540000
EIP=0x772b40bd, EFLAGS=0x00210202

Top of Stack: (sp=0x006dda60)
0x006dda60:   2d76c6ce 3a2e0080 02540000 00000000
0x006dda70:   00000000 00740000 004309b8 ab69e3b0
0x006dda80:   006ddaa4 00000000 00004002 772b5e6e
0x006dda90:   00000000 00000000 00000000 00000001
0x006ddaa0:   77394fa0 006ddb90 772cff31 00740000
0x006ddab0:   3a2d00b4 33d66c40 00000000 006ddb90
0x006ddac0:   772cfe83 773967cc 3a2d002c 3a2d00b4
0x006ddad0:   00004002 0000001c 36f95ab2 02540000 

Instructions: (pc=0x772b40bd)
0x772b40ad:   84 12 03 00 00 8b 4f 4c 8b c1 c1 e8 14 22 47 52
0x772b40bd:   32 46 02 a8 01 0f 85 fc 02 00 00 85 c9 74 26 8b 


Stack: [0x00690000,0x006e0000],  sp=0x006dda60,  free space=136006dcd64k
Native frames: (J=compiled Java code, j=interpreted, Vv=VM code, C=native code)
C  [ntdll.dll+0x440bd]
C  [ntdll.dll+0x87b1d]
C  [ntdll.dll+0x43ca6]
C  [AcLayers.DLL+0x2741c]
C  [msvcr71.dll+0x218a]
V  [jvm.dll+0x6d3c0]
V  [jvm.dll+0x734ef]
V  [jvm.dll+0x737f6]
V  [jvm.dll+0x75524]
V  [jvm.dll+0x1cb31d]
V  [jvm.dll+0x1232b0]
V  [jvm.dll+0x1234e5]
C  [java.dll+0x15dd]
J  java.lang.ClassLoader.defineClass1(Ljava/lang/String;[BIILjava/security/ProtectionDomain;Ljava/lang/String;Z)Ljava/lang/Class;
J  java.lang.ClassLoader.defineClassCond(Ljava/lang/String;[BIILjava/security/ProtectionDomain;Z)Ljava/lang/Class;
J  org.eclipse.osgi.baseadaptor.loader.ClasspathManager.defineClassHoldingLock(Ljava/lang/String;[BLorg/eclipse/osgi/baseadaptor/loader/ClasspathEntry;Lorg/eclipse/osgi/baseadaptor/bundlefile/BundleEntry;)[Ljava/lang/Class;
J  org.eclipse.osgi.baseadaptor.loader.ClasspathManager.defineClass(Ljava/lang/String;[BLorg/eclipse/osgi/baseadaptor/loader/ClasspathEntry;Lorg/eclipse/osgi/baseadaptor/bundlefile/BundleEntry;[Lorg/eclipse/osgi/baseadaptor/hooks/ClassLoadingStatsHook;)Ljava/lang/Class;
J  org.eclipse.osgi.baseadaptor.loader.ClasspathManager.findClassImpl(Ljava/lang/String;Lorg/eclipse/osgi/baseadaptor/loader/ClasspathEntry;[Lorg/eclipse/osgi/baseadaptor/hooks/ClassLoadingStatsHook;)Ljava/lang/Class;
J  org.eclipse.osgi.baseadaptor.loader.ClasspathManager.findLocalClassImpl(Ljava/lang/String;[Lorg/eclipse/osgi/baseadaptor/hooks/ClassLoadingStatsHook;)Ljava/lang/Class;
J  org.eclipse.osgi.baseadaptor.loader.ClasspathManager.findLocalClass(Ljava/lang/String;)Ljava/lang/Class;
J  org.eclipse.osgi.internal.loader.BundleLoader.findLocalClass(Ljava/lang/String;)Ljava/lang/Class;
J  org.eclipse.osgi.internal.loader.BundleLoader.findClassInternal(Ljava/lang/String;ZLjava/lang/ClassLoader;)Ljava/lang/Class;
J  org.eclipse.osgi.internal.loader.BundleLoader.findClass(Ljava/lang/String;Z)Ljava/lang/Class;
J  org.eclipse.osgi.internal.loader.BundleLoader.findClass(Ljava/lang/String;)Ljava/lang/Class;
J  org.eclipse.osgi.internal.baseadaptor.DefaultClassLoader.loadClass(Ljava/lang/String;Z)Ljava/lang/Class;
J  java.lang.ClassLoader.loadClass(Ljava/lang/String;)Ljava/lang/Class;
v  ~StubRoutines::call_stub
V  [jvm.dll+0xf3abc]
V  [jvm.dll+0x1865b1]
V  [jvm.dll+0xf3c87]
V  [jvm.dll+0xf3d7a]
V  [jvm.dll+0x1cbec8]
V  [jvm.dll+0x1cc3ed]
V  [jvm.dll+0x1cc7a5]
V  [jvm.dll+0x1cc7eb]
V  [jvm.dll+0xa24b6]
V  [jvm.dll+0x5b092]
V  [jvm.dll+0xeecf7]
j  org.eclipse.swt.custom.StyledTextRenderer.setFont(Lorg/eclipse/swt/graphics/Font;I)V+0
j  org.eclipse.swt.custom.StyledText.<init>(Lorg/eclipse/swt/widgets/Composite;I)V+356
j  org.eclipse.jface.text.TextViewer.createTextWidget(Lorg/eclipse/swt/widgets/Composite;I)Lorg/eclipse/swt/custom/StyledText;+6
j  org.eclipse.jface.text.TextViewer.createControl(Lorg/eclipse/swt/widgets/Composite;I)V+4
j  org.eclipse.jface.text.source.SourceViewer.createControl(Lorg/eclipse/swt/widgets/Composite;I)V+52
j  org.eclipse.jface.text.source.SourceViewer.<init>(Lorg/eclipse/swt/widgets/Composite;Lorg/eclipse/jface/text/source/IVerticalRuler;Lorg/eclipse/jface/text/source/IOverviewRuler;ZI)V+65
j  org.eclipse.jface.text.source.SourceViewer.<init>(Lorg/eclipse/swt/widgets/Composite;Lorg/eclipse/jface/text/source/IVerticalRuler;I)V+6
j  org.eclipse.ui.console.TextConsoleViewer.<init>(Lorg/eclipse/swt/widgets/Composite;Lorg/eclipse/ui/console/TextConsole;)V+6
j  org.eclipse.ui.internal.console.IOConsoleViewer.<init>(Lorg/eclipse/swt/widgets/Composite;Lorg/eclipse/ui/console/TextConsole;)V+3
j  org.eclipse.ui.internal.console.IOConsolePage.createViewer(Lorg/eclipse/swt/widgets/Composite;)Lorg/eclipse/ui/console/TextConsoleViewer;+12
j  org.eclipse.ui.console.TextConsolePage.createControl(Lorg/eclipse/swt/widgets/Composite;)V+3
j  org.eclipse.ui.internal.console.IOConsolePage.createControl(Lorg/eclipse/swt/widgets/Composite;)V+2
j  org.eclipse.ui.internal.console.ConsoleView.doCreatePage(Lorg/eclipse/ui/IWorkbenchPart;)Lorg/eclipse/ui/part/PageBookView$PageRec;+31
j  org.eclipse.ui.part.PageBookView.createPage(Lorg/eclipse/ui/IWorkbenchPart;)Lorg/eclipse/ui/part/PageBookView$PageRec;+2
j  org.eclipse.ui.part.PageBookView.partActivated(Lorg/eclipse/ui/IWorkbenchPart;)V+26
j  org.eclipse.ui.internal.console.ConsoleView$4.run()V+111
j  org.eclipse.swt.widgets.RunnableLock.run()V+11
j  org.eclipse.swt.widgets.Synchronizer.runAsyncMessages(Z)Z+29
j  org.eclipse.swt.widgets.Display.runAsyncMessages(Z)Z+5
j  org.eclipse.swt.widgets.Display.readAndDispatch()Z+91
j  org.eclipse.ui.internal.Workbench.runEventLoop(Lorg/eclipse/jface/window/Window$IExceptionHandler;Lorg/eclipse/swt/widgets/Display;)V+9
j  org.eclipse.ui.internal.Workbench.runUI()I+555
j  org.eclipse.ui.internal.Workbench.access$4(Lorg/eclipse/ui/internal/Workbench;)I+1
j  org.eclipse.ui.internal.Workbench$7.run()V+73
j  org.eclipse.core.databinding.observable.Realm.runWithDefault(Lorg/eclipse/core/databinding/observable/Realm;Ljava/lang/Runnable;)V+12
j  org.eclipse.ui.internal.Workbench.createAndRunWorkbench(Lorg/eclipse/swt/widgets/Display;Lorg/eclipse/ui/application/WorkbenchAdvisor;)I+18
j  org.eclipse.ui.PlatformUI.createAndRunWorkbench(Lorg/eclipse/swt/widgets/Display;Lorg/eclipse/ui/application/WorkbenchAdvisor;)I+2
j  org.eclipse.ui.internal.ide.application.IDEApplication.start(Lorg/eclipse/equinox/app/IApplicationContext;)Ljava/lang/Object;+108
j  org.eclipse.equinox.internal.app.EclipseAppHandle.run(Ljava/lang/Object;)Ljava/lang/Object;+135
j  org.eclipse.core.runtime.internal.adaptor.EclipseAppLauncher.runApplication(Ljava/lang/Object;)Ljava/lang/Object;+103
j  org.eclipse.core.runtime.internal.adaptor.EclipseAppLauncher.start(Ljava/lang/Object;)Ljava/lang/Object;+29
j  org.eclipse.core.runtime.adaptor.EclipseStarter.run(Ljava/lang/Object;)Ljava/lang/Object;+149
j  org.eclipse.core.runtime.adaptor.EclipseStarter.run([Ljava/lang/String;Ljava/lang/Runnable;)Ljava/lang/Object;+183
v  ~StubRoutines::call_stub
V  [jvm.dll+0xf3abc]
V  [jvm.dll+0x1865b1]
V  [jvm.dll+0xf3b3d]
V  [jvm.dll+0x1a0ebb]
V  [jvm.dll+0x1a18d6]
V  [jvm.dll+0x11f423]
C  [java.dll+0x7127]
j  sun.reflect.NativeMethodAccessorImpl.invoke(Ljava/lang/Object;[Ljava/lang/Object;)Ljava/lang/Object;+87
j  sun.reflect.DelegatingMethodAccessorImpl.invoke(Ljava/lang/Object;[Ljava/lang/Object;)Ljava/lang/Object;+6
j  java.lang.reflect.Method.invoke(Ljava/lang/Object;[Ljava/lang/Object;)Ljava/lang/Object;+161
j  org.eclipse.equinox.launcher.Main.invokeFramework([Ljava/lang/String;[Ljava/net/URL;)V+211
j  org.eclipse.equinox.launcher.Main.basicRun([Ljava/lang/String;)V+126
j  org.eclipse.equinox.launcher.Main.run([Ljava/lang/String;)I+4
j  org.eclipse.equinox.launcher.Main.main([Ljava/lang/String;)V+10
v  ~StubRoutines::call_stub
V  [jvm.dll+0xf3abc]
V  [jvm.dll+0x1865b1]
V  [jvm.dll+0xf3b3d]
V  [jvm.dll+0xfd385]
V  [jvm.dll+0x104fdd]
C  [javaw.exe+0x2155]
C  [javaw.exe+0x8614]
C  [KERNEL32.DLL+0x20099]
C  [ntdll.dll+0x67b6e]
C  [ntdll.dll+0x67b3e]

Java frames: (J=compiled Java code, j=interpreted, Vv=VM code)
J  java.lang.ClassLoader.defineClass1(Ljava/lang/String;[BIILjava/security/ProtectionDomain;Ljava/lang/String;Z)Ljava/lang/Class;
J  java.lang.ClassLoader.defineClassCond(Ljava/lang/String;[BIILjava/security/ProtectionDomain;Z)Ljava/lang/Class;
J  org.eclipse.osgi.baseadaptor.loader.ClasspathManager.defineClassHoldingLock(Ljava/lang/String;[BLorg/eclipse/osgi/baseadaptor/loader/ClasspathEntry;Lorg/eclipse/osgi/baseadaptor/bundlefile/BundleEntry;)[Ljava/lang/Class;
J  org.eclipse.osgi.baseadaptor.loader.ClasspathManager.defineClass(Ljava/lang/String;[BLorg/eclipse/osgi/baseadaptor/loader/ClasspathEntry;Lorg/eclipse/osgi/baseadaptor/bundlefile/BundleEntry;[Lorg/eclipse/osgi/baseadaptor/hooks/ClassLoadingStatsHook;)Ljava/lang/Class;
J  org.eclipse.osgi.baseadaptor.loader.ClasspathManager.findClassImpl(Ljava/lang/String;Lorg/eclipse/osgi/baseadaptor/loader/ClasspathEntry;[Lorg/eclipse/osgi/baseadaptor/hooks/ClassLoadingStatsHook;)Ljava/lang/Class;
J  org.eclipse.osgi.baseadaptor.loader.ClasspathManager.findLocalClassImpl(Ljava/lang/String;[Lorg/eclipse/osgi/baseadaptor/hooks/ClassLoadingStatsHook;)Ljava/lang/Class;
J  org.eclipse.osgi.baseadaptor.loader.ClasspathManager.findLocalClass(Ljava/lang/String;)Ljava/lang/Class;
J  org.eclipse.osgi.internal.loader.BundleLoader.findLocalClass(Ljava/lang/String;)Ljava/lang/Class;
J  org.eclipse.osgi.internal.loader.BundleLoader.findClassInternal(Ljava/lang/String;ZLjava/lang/ClassLoader;)Ljava/lang/Class;
J  org.eclipse.osgi.internal.loader.BundleLoader.findClass(Ljava/lang/String;Z)Ljava/lang/Class;
J  org.eclipse.osgi.internal.loader.BundleLoader.findClass(Ljava/lang/String;)Ljava/lang/Class;
J  org.eclipse.osgi.internal.baseadaptor.DefaultClassLoader.loadClass(Ljava/lang/String;Z)Ljava/lang/Class;
J  java.lang.ClassLoader.loadClass(Ljava/lang/String;)Ljava/lang/Class;
v  ~StubRoutines::call_stub
j  org.eclipse.swt.custom.StyledTextRenderer.setFont(Lorg/eclipse/swt/graphics/Font;I)V+0
j  org.eclipse.swt.custom.StyledText.<init>(Lorg/eclipse/swt/widgets/Composite;I)V+356
j  org.eclipse.jface.text.TextViewer.createTextWidget(Lorg/eclipse/swt/widgets/Composite;I)Lorg/eclipse/swt/custom/StyledText;+6
j  org.eclipse.jface.text.TextViewer.createControl(Lorg/eclipse/swt/widgets/Composite;I)V+4
j  org.eclipse.jface.text.source.SourceViewer.createControl(Lorg/eclipse/swt/widgets/Composite;I)V+52
j  org.eclipse.jface.text.source.SourceViewer.<init>(Lorg/eclipse/swt/widgets/Composite;Lorg/eclipse/jface/text/source/IVerticalRuler;Lorg/eclipse/jface/text/source/IOverviewRuler;ZI)V+65
j  org.eclipse.jface.text.source.SourceViewer.<init>(Lorg/eclipse/swt/widgets/Composite;Lorg/eclipse/jface/text/source/IVerticalRuler;I)V+6
j  org.eclipse.ui.console.TextConsoleViewer.<init>(Lorg/eclipse/swt/widgets/Composite;Lorg/eclipse/ui/console/TextConsole;)V+6
j  org.eclipse.ui.internal.console.IOConsoleViewer.<init>(Lorg/eclipse/swt/widgets/Composite;Lorg/eclipse/ui/console/TextConsole;)V+3
j  org.eclipse.ui.internal.console.IOConsolePage.createViewer(Lorg/eclipse/swt/widgets/Composite;)Lorg/eclipse/ui/console/TextConsoleViewer;+12
j  org.eclipse.ui.console.TextConsolePage.createControl(Lorg/eclipse/swt/widgets/Composite;)V+3
j  org.eclipse.ui.internal.console.IOConsolePage.createControl(Lorg/eclipse/swt/widgets/Composite;)V+2
j  org.eclipse.ui.internal.console.ConsoleView.doCreatePage(Lorg/eclipse/ui/IWorkbenchPart;)Lorg/eclipse/ui/part/PageBookView$PageRec;+31
j  org.eclipse.ui.part.PageBookView.createPage(Lorg/eclipse/ui/IWorkbenchPart;)Lorg/eclipse/ui/part/PageBookView$PageRec;+2
j  org.eclipse.ui.part.PageBookView.partActivated(Lorg/eclipse/ui/IWorkbenchPart;)V+26
j  org.eclipse.ui.internal.console.ConsoleView$4.run()V+111
j  org.eclipse.swt.widgets.RunnableLock.run()V+11
j  org.eclipse.swt.widgets.Synchronizer.runAsyncMessages(Z)Z+29
j  org.eclipse.swt.widgets.Display.runAsyncMessages(Z)Z+5
j  org.eclipse.swt.widgets.Display.readAndDispatch()Z+91
j  org.eclipse.ui.internal.Workbench.runEventLoop(Lorg/eclipse/jface/window/Window$IExceptionHandler;Lorg/eclipse/swt/widgets/Display;)V+9
j  org.eclipse.ui.internal.Workbench.runUI()I+555
j  org.eclipse.ui.internal.Workbench.access$4(Lorg/eclipse/ui/internal/Workbench;)I+1
j  org.eclipse.ui.internal.Workbench$7.run()V+73
j  org.eclipse.core.databinding.observable.Realm.runWithDefault(Lorg/eclipse/core/databinding/observable/Realm;Ljava/lang/Runnable;)V+12
j  org.eclipse.ui.internal.Workbench.createAndRunWorkbench(Lorg/eclipse/swt/widgets/Display;Lorg/eclipse/ui/application/WorkbenchAdvisor;)I+18
j  org.eclipse.ui.PlatformUI.createAndRunWorkbench(Lorg/eclipse/swt/widgets/Display;Lorg/eclipse/ui/application/WorkbenchAdvisor;)I+2
j  org.eclipse.ui.internal.ide.application.IDEApplication.start(Lorg/eclipse/equinox/app/IApplicationContext;)Ljava/lang/Object;+108
j  org.eclipse.equinox.internal.app.EclipseAppHandle.run(Ljava/lang/Object;)Ljava/lang/Object;+135
j  org.eclipse.core.runtime.internal.adaptor.EclipseAppLauncher.runApplication(Ljava/lang/Object;)Ljava/lang/Object;+103
j  org.eclipse.core.runtime.internal.adaptor.EclipseAppLauncher.start(Ljava/lang/Object;)Ljava/lang/Object;+29
j  org.eclipse.core.runtime.adaptor.EclipseStarter.run(Ljava/lang/Object;)Ljava/lang/Object;+149
j  org.eclipse.core.runtime.adaptor.EclipseStarter.run([Ljava/lang/String;Ljava/lang/Runnable;)Ljava/lang/Object;+183
v  ~StubRoutines::call_stub
j  sun.reflect.NativeMethodAccessorImpl.invoke0(Ljava/lang/reflect/Method;Ljava/lang/Object;[Ljava/lang/Object;)Ljava/lang/Object;+0
j  sun.reflect.NativeMethodAccessorImpl.invoke(Ljava/lang/Object;[Ljava/lang/Object;)Ljava/lang/Object;+87
j  sun.reflect.DelegatingMethodAccessorImpl.invoke(Ljava/lang/Object;[Ljava/lang/Object;)Ljava/lang/Object;+6
j  java.lang.reflect.Method.invoke(Ljava/lang/Object;[Ljava/lang/Object;)Ljava/lang/Object;+161
j  org.eclipse.equinox.launcher.Main.invokeFramework([Ljava/lang/String;[Ljava/net/URL;)V+211
j  org.eclipse.equinox.launcher.Main.basicRun([Ljava/lang/String;)V+126
j  org.eclipse.equinox.launcher.Main.run([Ljava/lang/String;)I+4
j  org.eclipse.equinox.launcher.Main.main([Ljava/lang/String;)V+10
v  ~StubRoutines::call_stub

---------------  P R O C E S S  ---------------

Java Threads: ( => current thread )
  0x2e458400 JavaThread "Worker-7" [_thread_blocked, id=13388, stack(0x38f00000,0x38f50000)]
  0x2e45a800 JavaThread "Worker-6" [_thread_blocked, id=12388, stack(0x38e70000,0x38ec0000)]
  0x2e459c00 JavaThread "Worker-5" [_thread_blocked, id=18188, stack(0x38de0000,0x38e30000)]
  0x2e45a000 JavaThread "Worker-4" [_thread_blocked, id=5704, stack(0x38d50000,0x38da0000)]
  0x2e457c00 JavaThread "Worker-3" [_thread_blocked, id=17092, stack(0x38cc0000,0x38d10000)]
  0x2e349800 JavaThread "Worker-2" [_thread_blocked, id=6124, stack(0x38c30000,0x38c80000)]
  0x2e348c00 JavaThread "Worker-1" [_thread_blocked, id=5360, stack(0x38ba0000,0x38bf0000)]
  0x2e34ac00 JavaThread "Bundle File Closer" daemon [_thread_blocked, id=9516, stack(0x327b0000,0x32800000)]
  0x2e634400 JavaThread "Worker-0" [_thread_in_native, id=8232, stack(0x32710000,0x32760000)]
  0x2cd8ac00 JavaThread "Worker-JM" [_thread_blocked, id=1872, stack(0x2ef90000,0x2efe0000)]
  0x2deb8c00 JavaThread "[Timer] - Main Queue Handler" daemon [_thread_blocked, id=3672, stack(0x2edc0000,0x2ee10000)]
  0x2e4ff800 JavaThread "Framework Event Dispatcher" daemon [_thread_blocked, id=10976, stack(0x2eca0000,0x2ecf0000)]
  0x2e3e6c00 JavaThread "Start Level Event Dispatcher" daemon [_thread_blocked, id=18184, stack(0x2ec10000,0x2ec60000)]
  0x2e2a7400 JavaThread "State Data Manager" daemon [_thread_blocked, id=5668, stack(0x2eb80000,0x2ebd0000)]
  0x2e01a000 JavaThread "Framework Active Thread" [_thread_blocked, id=10312, stack(0x2eaf0000,0x2eb40000)]
  0x024ce000 JavaThread "Low Memory Detector" daemon [_thread_blocked, id=19560, stack(0x2cba0000,0x2cbf0000)]
  0x024ca000 JavaThread "CompilerThread0" daemon [_thread_blocked, id=16364, stack(0x2cb10000,0x2cb60000)]
  0x024c8c00 JavaThread "Attach Listener" daemon [_thread_blocked, id=3364, stack(0x2ca80000,0x2cad0000)]
  0x024c6c00 JavaThread "Signal Dispatcher" daemon [_thread_blocked, id=600, stack(0x2c9f0000,0x2ca40000)]
  0x02489400 JavaThread "Finalizer" daemon [_thread_blocked, id=9908, stack(0x2c960000,0x2c9b0000)]
  0x02486c00 JavaThread "Reference Handler" daemon [_thread_blocked, id=11636, stack(0x2c8d0000,0x2c920000)]
=>0x0254e400 JavaThread "main" [_thread_in_vm, id=13640, stack(0x00690000,0x006e0000)]

Other Threads:
  0x0247fc00 VMThread [stack: 0x2c840000,0x2c890000] [id=15228]
  0x024d4c00 WatcherThread [stack: 0x2cc30000,0x2cc80000] [id=8832]

VM state:not at safepoint (normal execution)

VM Mutex/Monitor currently owned by a thread: None

Heap
 def new generation   total 12416K, used 5350K [0x045d0000, 0x05340000, 0x0c5d0000)
  eden space 11072K,  48% used [0x045d0000, 0x04b09b00, 0x050a0000)
  from space 1344K,   0% used [0x050a0000, 0x050a0000, 0x051f0000)
  to   space 1344K,   0% used [0x051f0000, 0x051f0000, 0x05340000)
 tenured generation   total 27328K, used 11790K [0x0c5d0000, 0x0e080000, 0x1c5d0000)
   the space 27328K,  43% used [0x0c5d0000, 0x0d153bf8, 0x0d153c00, 0x0e080000)
 compacting perm gen  total 34560K, used 34395K [0x1c5d0000, 0x1e790000, 0x2c5d0000)
   the space 34560K,  99% used [0x1c5d0000, 0x1e766f08, 0x1e767000, 0x1e790000)
No shared spaces configured.

Dynamic libraries:
0x00400000 - 0x00424000 	C:\Xilinx\14.7\ISE_DS\ISE\java6\nt\jre\bin\javaw.exe
0x77270000 - 0x77414000 	C:\WINDOWS\SYSTEM32\ntdll.dll
0x76700000 - 0x767f0000 	C:\WINDOWS\System32\KERNEL32.DLL
0x753e0000 - 0x75603000 	C:\WINDOWS\System32\KERNELBASE.dll
0x6e500000 - 0x6e59f000 	C:\WINDOWS\SYSTEM32\apphelp.dll
0x53df0000 - 0x54075000 	C:\WINDOWS\SYSTEM32\AcLayers.DLL
0x76250000 - 0x7630f000 	C:\WINDOWS\System32\msvcrt.dll
0x75240000 - 0x753dc000 	C:\WINDOWS\System32\USER32.dll
0x764e0000 - 0x764f8000 	C:\WINDOWS\System32\win32u.dll
0x75630000 - 0x75653000 	C:\WINDOWS\System32\GDI32.dll
0x763f0000 - 0x764d1000 	C:\WINDOWS\System32\gdi32full.dll
0x76500000 - 0x7657b000 	C:\WINDOWS\System32\msvcp_win.dll
0x75e30000 - 0x75f50000 	C:\WINDOWS\System32\ucrtbase.dll
0x76850000 - 0x76e06000 	C:\WINDOWS\System32\SHELL32.dll
0x76080000 - 0x760c5000 	C:\WINDOWS\System32\SHLWAPI.dll
0x761b0000 - 0x76246000 	C:\WINDOWS\System32\OLEAUT32.dll
0x76ee0000 - 0x77160000 	C:\WINDOWS\System32\combase.dll
0x771a0000 - 0x7725f000 	C:\WINDOWS\System32\RPCRT4.dll
0x75660000 - 0x75a94000 	C:\WINDOWS\System32\SETUPAPI.dll
0x77160000 - 0x7719b000 	C:\WINDOWS\System32\cfgmgr32.dll
0x75d20000 - 0x75d39000 	C:\WINDOWS\System32\bcrypt.dll
0x6e2f0000 - 0x6e309000 	C:\WINDOWS\SYSTEM32\MPR.dll
0x66680000 - 0x66683000 	C:\WINDOWS\SYSTEM32\sfc.dll
0x64cc0000 - 0x64d33000 	C:\WINDOWS\SYSTEM32\WINSPOOL.DRV
0x6e2e0000 - 0x6e2f0000 	C:\WINDOWS\SYSTEM32\sfc_os.DLL
0x74fa0000 - 0x74faf000 	C:\WINDOWS\SYSTEM32\SortWindows61.dll
0x75180000 - 0x751a5000 	C:\WINDOWS\System32\IMM32.DLL
0x76370000 - 0x763eb000 	C:\WINDOWS\System32\ADVAPI32.dll
0x75f50000 - 0x75fc6000 	C:\WINDOWS\System32\sechost.dll
0x7c340000 - 0x7c396000 	C:\Xilinx\14.7\ISE_DS\ISE\java6\nt\jre\bin\msvcr71.dll
0x6d800000 - 0x6daa7000 	C:\Xilinx\14.7\ISE_DS\ISE\java6\nt\jre\bin\client\jvm.dll
0x72520000 - 0x72548000 	C:\WINDOWS\SYSTEM32\WINMM.dll
0x6d7b0000 - 0x6d7bc000 	C:\Xilinx\14.7\ISE_DS\ISE\java6\nt\jre\bin\verify.dll
0x6d330000 - 0x6d34f000 	C:\Xilinx\14.7\ISE_DS\ISE\java6\nt\jre\bin\java.dll
0x6d290000 - 0x6d298000 	C:\Xilinx\14.7\ISE_DS\ISE\java6\nt\jre\bin\hpi.dll
0x76840000 - 0x76846000 	C:\WINDOWS\System32\PSAPI.DLL
0x6d7f0000 - 0x6d7ff000 	C:\Xilinx\14.7\ISE_DS\ISE\java6\nt\jre\bin\zip.dll
0x719f0000 - 0x71a03000 	C:\WINDOWS\SYSTEM32\CRYPTSP.dll
0x719c0000 - 0x719ef000 	C:\WINDOWS\system32\rsaenh.dll
0x750e0000 - 0x75105000 	C:\WINDOWS\SYSTEM32\USERENV.dll
0x73ae0000 - 0x73af8000 	C:\WINDOWS\SYSTEM32\profapi.dll
0x76e80000 - 0x76edf000 	C:\WINDOWS\System32\bcryptprimitives.dll
0x70ce0000 - 0x70cea000 	C:\WINDOWS\SYSTEM32\CRYPTBASE.dll
0x6d610000 - 0x6d623000 	C:\Xilinx\14.7\ISE_DS\ISE\java6\nt\jre\bin\net.dll
0x76e10000 - 0x76e73000 	C:\WINDOWS\System32\WS2_32.dll
0x6e6c0000 - 0x6e712000 	C:\WINDOWS\system32\mswsock.dll
0x6dc10000 - 0x6dc21000 	C:\WINDOWS\system32\napinsp.dll
0x6d170000 - 0x6d186000 	C:\WINDOWS\system32\pnrpnsp.dll
0x6dbb0000 - 0x6dbc0000 	C:\WINDOWS\system32\wshbth.dll
0x6c900000 - 0x6c916000 	C:\WINDOWS\system32\NLAapi.dll
0x71970000 - 0x719a3000 	C:\WINDOWS\SYSTEM32\IPHLPAPI.DLL
0x6e810000 - 0x6e8a1000 	C:\WINDOWS\SYSTEM32\DNSAPI.dll
0x75d00000 - 0x75d07000 	C:\WINDOWS\System32\NSI.dll
0x6b360000 - 0x6b36e000 	C:\WINDOWS\System32\winrnr.dll
0x6e060000 - 0x6e068000 	C:\Windows\System32\rasadhlp.dll
0x6de00000 - 0x6de59000 	C:\WINDOWS\System32\fwpuclnt.dll
0x72000000 - 0x7200d000 	C:\Xilinx\14.7\ISE_DS\EDK\eclipse\nt\eclipse\plugins\org.eclipse.equinox.launcher.win32.win32.x86_1.1.200.v20120913-144807\eclipse_1503.dll
0x74d20000 - 0x74f30000 	C:\WINDOWS\WinSxS\x86_microsoft.windows.common-controls_6595b64144ccf1df_6.0.19041.1110_none_a8625c1886757984\COMCTL32.dll
0x75110000 - 0x75118000 	C:\WINDOWS\SYSTEM32\VERSION.dll
0x75050000 - 0x750c4000 	C:\WINDOWS\system32\uxtheme.dll
0x760d0000 - 0x761a4000 	C:\WINDOWS\System32\MSCTF.dll
0x749e0000 - 0x749ef000 	C:\WINDOWS\SYSTEM32\kernel.appcore.dll
0x5b040000 - 0x5b0fa000 	C:\WINDOWS\SYSTEM32\textinputframework.dll
0x5adc0000 - 0x5b03e000 	C:\WINDOWS\System32\CoreUIComponents.dll
0x5ed70000 - 0x5ee0b000 	C:\WINDOWS\System32\CoreMessaging.dll
0x75c70000 - 0x75cf7000 	C:\WINDOWS\System32\SHCORE.dll
0x739e0000 - 0x73a09000 	C:\WINDOWS\SYSTEM32\ntmarta.dll
0x6e5a0000 - 0x6e67b000 	C:\WINDOWS\SYSTEM32\wintypes.dll
0x6d630000 - 0x6d639000 	C:\Xilinx\14.7\ISE_DS\ISE\java6\nt\jre\bin\nio.dll
0x2ffb0000 - 0x30020000 	C:\Xilinx\14.7\ISE_DS\EDK\eclipse\nt\eclipse\configuration\org.eclipse.osgi\bundles\246\1\.cp\swt-win32-3836.dll
0x75d40000 - 0x75e23000 	C:\WINDOWS\System32\ole32.dll
0x75fd0000 - 0x7607f000 	C:\WINDOWS\System32\comdlg32.dll
0x76600000 - 0x766fa000 	C:\WINDOWS\System32\CRYPT32.dll
0x58aa0000 - 0x58ab7000 	C:\WINDOWS\SYSTEM32\USP10.dll
0x71510000 - 0x71966000 	C:\WINDOWS\SYSTEM32\WININET.dll
0x73a10000 - 0x73ad2000 	C:\WINDOWS\SYSTEM32\propsys.dll
0x76580000 - 0x765fe000 	C:\WINDOWS\System32\clbcatq.dll
0x73c10000 - 0x7421d000 	C:\WINDOWS\system32\windows.storage.dll
0x73b00000 - 0x73b25000 	C:\WINDOWS\system32\Wldp.dll
0x30080000 - 0x3009d000 	C:\Xilinx\14.7\ISE_DS\EDK\eclipse\nt\eclipse\configuration\org.eclipse.osgi\bundles\246\1\.cp\swt-gdip-win32-3836.dll
0x6af80000 - 0x6b0e7000 	C:\WINDOWS\WinSxS\x86_microsoft.windows.gdiplus_6595b64144ccf1df_1.1.19041.2251_none_d9513b1fe1046fc7\gdiplus.dll
0x583f0000 - 0x58561000 	C:\WINDOWS\SYSTEM32\WindowsCodecs.dll
0x5b100000 - 0x5b194000 	C:\WINDOWS\SYSTEM32\TextShaping.dll
0x74fd0000 - 0x75023000 	C:\WINDOWS\SYSTEM32\oleacc.dll
0x598c0000 - 0x59a67000 	C:\WINDOWS\system32\explorerframe.dll
0x59d30000 - 0x59d61000 	C:\WINDOWS\system32\dataexchange.dll
0x64590000 - 0x64770000 	C:\WINDOWS\system32\d3d11.dll
0x5ec00000 - 0x5ed65000 	C:\WINDOWS\system32\dcomp.dll
0x64d40000 - 0x64e02000 	C:\WINDOWS\system32\dxgi.dll
0x59ba0000 - 0x59d2f000 	C:\WINDOWS\system32\twinapi.appcore.dll
0x53610000 - 0x53c4b000 	C:\Windows\System32\ieframe.dll
0x6f330000 - 0x6f55d000 	C:\Windows\System32\iertutil.dll
0x6df10000 - 0x6df24000 	C:\Windows\System32\NETAPI32.dll
0x74c50000 - 0x74d1a000 	C:\Windows\System32\WINHTTP.dll
0x6f130000 - 0x6f13b000 	C:\Windows\System32\NETUTILS.DLL
0x6e940000 - 0x6e951000 	C:\Windows\System32\WKSCLI.DLL
0x76310000 - 0x7636e000 	C:\WINDOWS\System32\coml2.dll
0x6f160000 - 0x6f308000 	C:\WINDOWS\SYSTEM32\urlmon.dll
0x6f140000 - 0x6f15d000 	C:\WINDOWS\SYSTEM32\srvcli.dll
0x6ece0000 - 0x6ed67000 	C:\WINDOWS\SYSTEM32\sxs.dll
0x6b310000 - 0x6b356000 	C:\WINDOWS\SYSTEM32\msIso.dll
0x523b0000 - 0x53602000 	C:\Windows\System32\mshtml.dll
0x74ae0000 - 0x74b01000 	C:\Windows\System32\SspiCli.dll
0x5b1a0000 - 0x5b1e4000 	C:\WINDOWS\SYSTEM32\powrprof.dll
0x6c490000 - 0x6c49d000 	C:\WINDOWS\SYSTEM32\UMPDC.dll
0x6ee50000 - 0x6ee75000 	C:\Windows\System32\srpapi.dll
0x59b60000 - 0x59b94000 	C:\WINDOWS\system32\mlang.dll
0x522f0000 - 0x523ad000 	C:\Windows\System32\ieapfltr.dll
0x64b70000 - 0x64b76000 	C:\WINDOWS\SYSTEM32\msimg32.dll
0x74fc0000 - 0x74fce000 	C:\WINDOWS\system32\msimtf.dll
0x6c920000 - 0x6c951000 	C:\Windows\System32\msls31.dll
0x64e10000 - 0x65325000 	C:\Windows\System32\d2d1.dll
0x64960000 - 0x64b6c000 	C:\Windows\System32\DWrite.dll
0x57e20000 - 0x583e2000 	C:\WINDOWS\SYSTEM32\d3d10warp.dll
0x64b80000 - 0x64bac000 	C:\WINDOWS\SYSTEM32\dxcore.dll
0x750d0000 - 0x750da000 	C:\WINDOWS\SYSTEM32\Secur32.dll
0x6e6b0000 - 0x6e6bf000 	C:\WINDOWS\SYSTEM32\virtdisk.dll
0x6e6a0000 - 0x6e6a8000 	C:\WINDOWS\SYSTEM32\FLTLIB.DLL
0x58e50000 - 0x590c3000 	C:\Windows\System32\uiautomationcore.dll
0x74fb0000 - 0x74fbf000 	C:\Xilinx\14.7\ISE_DS\EDK\eclipse\nt\eclipse\configuration\org.eclipse.osgi\bundles\106\1\.cp\jWinHttp-1.0.0.dll
0x6e750000 - 0x6e764000 	C:\WINDOWS\SYSTEM32\dhcpcsvc6.DLL
0x6e730000 - 0x6e746000 	C:\WINDOWS\SYSTEM32\dhcpcsvc.DLL
0x6f310000 - 0x6f32b000 	C:\WINDOWS\SYSTEM32\edputil.dll
0x392f0000 - 0x392fa000 	C:\Xilinx\14.7\ISE_DS\EDK\lib\nt\libSdkJHwPlatform.dll
0x57180000 - 0x57223000 	C:\WINDOWS\WinSxS\x86_microsoft.vc90.crt_1fc8b3b9a1e18e3b_9.0.30729.9625_none_508ef7e4bcbbe589\MSVCR90.dll
0x39310000 - 0x393b9000 	C:\Xilinx\14.7\ISE_DS\EDK\lib\nt\libPortability.dll
0x393d0000 - 0x39479000 	C:\Xilinx\14.7\ISE_DS\EDK\lib\nt\stlport.5.1.dll
0x39480000 - 0x39496000 	C:\Xilinx\14.7\ISE_DS\EDK\lib\nt\libSdkHwDb.dll

VM Arguments:
jvm_args: -Xms40m -Xmx384m -Dcom.xilinx.sdk.args.hwspec=C:\Work\XILINX\Projects\New_25\proc\SDK\SDK_Export\hw\proc.xml -XX:MaxPermSize=256m 
java_command: C:\Xilinx\14.7\ISE_DS\EDK\eclipse\nt\eclipse\\plugins/org.eclipse.equinox.launcher_1.3.0.v20120522-1813.jar -os win32 -ws win32 -arch x86 -showsplash C:\Xilinx\14.7\ISE_DS\EDK\eclipse\nt\eclipse\\plugins\com.xilinx.sdk.product_1.0.0\splash.bmp -launcher C:\Xilinx\14.7\ISE_DS\EDK\eclipse\nt\eclipse\eclipse.exe -name Eclipse --launcher.library C:\Xilinx\14.7\ISE_DS\EDK\eclipse\nt\eclipse\\plugins/org.eclipse.equinox.launcher.win32.win32.x86_1.1.200.v20120913-144807\eclipse_1503.dll -startup C:\Xilinx\14.7\ISE_DS\EDK\eclipse\nt\eclipse\\plugins/org.eclipse.equinox.launcher_1.3.0.v20120522-1813.jar --launcher.overrideVmargs -exitdata 48f4_250 -vm C:\Xilinx\14.7\ISE_DS\ISE\java6\nt\jre\bin\javaw.exe -vmargs -Xms40m -Xmx384m -Dcom.xilinx.sdk.args.hwspec=C:\Work\XILINX\Projects\New_25\proc\SDK\SDK_Export\hw\proc.xml -XX:MaxPermSize=256m -jar C:\Xilinx\14.7\ISE_DS\EDK\eclipse\nt\eclipse\\plugins/org.eclipse.equinox.launcher_1.3.0.v20120522-1813.jar
Launcher Type: SUN_STANDARD

Environment Variables:
PATH=C:\Xilinx\14.7\ISE_DS\EDK\lib\nt;C:\Xilinx\14.7\ISE_DS\common\lib\nt;C:\Xilinx\14.7\ISE_DS\ISE\lib\nt;C:\Xilinx\14.7\ISE_DS\EDK\bin\nt;C:\Xilinx\14.7\ISE_DS\common\bin\nt;C:\Xilinx\14.7\ISE_DS\ISE\bin\nt;C:\Xilinx\14.7\ISE_DS\EDK\gnu\microblaze\nt\bin;C:\Xilinx\14.7\ISE_DS\EDK\gnu\microblaze\linux_toolchain\nt_le\bin;C:\Xilinx\14.7\ISE_DS\EDK\gnu\microblaze\linux_toolchain\nt_be\bin;C:\Xilinx\14.7\ISE_DS\EDK\gnu\powerpc-eabi\nt\bin;C:\Xilinx\14.7\ISE_DS\EDK\gnu\arm\nt\bin;C:\Xilinx\14.7\ISE_DS\EDK\gnuwin\bin;C:\Xilinx\14.7\ISE_DS\ISE\\bin\nt;C:\Xilinx\14.7\ISE_DS\ISE\\lib\nt;C:\Program Files\Microsoft\jdk-11.0.16.101-hotspot\bin;"C:\Program Files (x86)\CMake\bin;C:\MinGW\bin";C:\Users\myunoshev\gcc\libexec\gcc\x86_64-w64-mingw32\12.2.0;C:\Users\myunoshev\gcc\bin;C:\WINDOWS\system32;C:\WINDOWS;C:\WINDOWS\System32\Wbem;C:\WINDOWS\System32\WindowsPowerShell\v1.0\;C:\WINDOWS\System32\OpenSSH\;C:\Program Files\MATLAB\R2021a\runtime\win64;C:\Program Files\MATLAB\R2021a\bin;C:\Program Files\CMake\bin;C:\Work\NXP\MIMX8MN6DVTJZ\Soft;C:\Program Files\PuTTY\;C:\Program Files (x86)\STMicroelectronics\STM32 ST-LINK Utility\ST-LINK Utility;C:\Program Files\Microsoft SQL Server\150\Tools\Binn\;C:\Program Files\Git\cmd;C:\Program Files\dotnet\;C:\Apache-svn\bin;C:\Program Files\TortoiseSVN\bin;C:\Program Files (x86)\P-CAD 2006 Viewer\;C:\Program Files (x86)\Windows Kits\10\Windows Performance Toolkit\;C:\Users\myunoshev\AppData\Local\Microsoft\WindowsApps;C:\Users\myunoshev\AppData\Local\Programs\Microsoft VS Code\bin;C:\Users\myunoshev\.dotnet\tools
USERNAME=MYunoshev
OS=Windows_NT
PROCESSOR_IDENTIFIER=Intel64 Family 6 Model 141 Stepping 1, GenuineIntel



---------------  S Y S T E M  ---------------

OS: Windows 7 Build 7600 

CPU:total 12 (8 cores per cpu, 2 threads per core) family 6 model 141 stepping 1, cmov, cx8, fxsr, mmx, sse, sse2, sse3, ssse3, sse4.1, sse4.2, popcnt, ht

Memory: 4k page, physical 66274692k(52135360k free), swap 75711876k(59666572k free)

vm_info: Java HotSpot(TM) Client VM (17.0-b17) for windows-x86 JRE (1.6.0_21-b07), built on Jul 17 2010 01:10:15 by "java_re" with MS VC++ 7.1 (VS2003)

time: Mon Feb 12 10:38:10 2024
elapsed time: 11 seconds

