08:15:07.489 INFO  - Processing command line option -hwspec C:/Work/XILINX/Projects/New_25/proc/SDK/SDK_Export/hw/proc.xml. 
08:19:56.091 ERROR - Checking FPGA configuration failed..Connection to Board Failed


    Failed to Open JTAG Cable
    Cable target is not connected to the host
 
08:20:09.595 ERROR - Unexpected error while parsing XMD response ?: com.google.gson.JsonSyntaxException: com.google.gson.stream.MalformedJsonException: invalid number or unquoted string near  
08:20:48.445 INFO  - System reset is completed. 
08:37:59.057 INFO  - System reset is completed. 
08:46:50.794 INFO  - System reset is completed. 
08:55:45.186 INFO  - System reset is completed. 
09:24:22.647 INFO  - System reset is completed. 
09:51:30.100 INFO  - System reset is completed. 
10:00:41.185 INFO  - FPGA Cable Disconnected. All active launches will be terminated. 
10:00:41.187 WARN  - Terminating existing sessions on processor microblaze_0 
10:08:48.544 INFO  - System reset is completed. 
10:14:38.286 INFO  - System reset is completed. 
12:24:58.283 INFO  - System reset is completed. 
12:28:18.605 INFO  - System reset is completed. 
12:31:48.127 INFO  - System reset is completed. 
12:38:43.498 INFO  - System reset is completed. 
12:41:58.891 INFO  - System reset is completed. 
12:43:28.464 INFO  - System reset is completed. 
12:46:24.262 INFO  - microblaze_0 Processor is in use. Please stop existing Run or Debug sessions before launching. 
12:46:33.804 INFO  - System reset is completed. 
12:49:38.849 INFO  - System reset is completed. 
12:51:16.017 INFO  - System reset is completed. 
12:53:36.102 INFO  - microblaze_0 Processor is in use. Please stop existing Run or Debug sessions before launching. 
12:53:57.303 INFO  - System reset is completed. 
13:06:18.476 INFO  - System reset is completed. 
13:07:06.910 INFO  - System reset is completed. 
13:09:49.040 INFO  - System reset is completed. 
13:25:10.823 INFO  - System reset is completed. 
13:32:08.460 ERROR - Unexpected error while parsing XMD response ?: com.google.gson.JsonSyntaxException: com.google.gson.stream.MalformedJsonException: invalid number or unquoted string near  
13:33:51.188 INFO  - System reset is completed. 
13:40:58.783 INFO  - System reset is completed. 
13:49:51.262 INFO  - microblaze_0 Processor is in use. Please stop existing Run or Debug sessions before launching. 
13:50:09.217 INFO  - System reset is completed. 
13:58:02.153 INFO  - System reset is completed. 
14:49:50.367 ERROR - Unexpected error while parsing XMD response ?: com.google.gson.JsonSyntaxException: com.google.gson.stream.MalformedJsonException: invalid number or unquoted string near  
07:35:01.934 INFO  - System reset is completed. 
07:44:37.524 INFO  - System reset is completed. 
07:50:22.911 INFO  - System reset is completed. 
08:36:31.520 INFO  - System reset is completed. 
08:50:41.020 INFO  - System reset is completed. 
08:52:42.844 INFO  - System reset is completed. 
08:56:06.693 INFO  - System reset is completed. 
09:55:15.869 INFO  - System reset is completed. 
