12:32:34 **** Auto Build of configuration Debug for project first ****
make all 
'Building file: ../src/main.c'
'Invoking: MicroBlaze gcc compiler'
mb-gcc -Wall -O0 -g3 -I../../first_bsp/microblaze_0/include -I"C:\Work\XILINX\Projects\New_25\proc\SDK\first\src\FreeRTOS" -I"C:\Work\XILINX\Projects\New_25\proc\SDK\first\src" -c -fmessage-length=0 -mlittle-endian -mxl-barrel-shift -mxl-pattern-compare -mno-xl-soft-div -mcpu=v8.50.c -mno-xl-soft-mul -mhard-float -mxl-float-convert -mxl-float-sqrt -Wl,--no-relax -ffunction-sections -fdata-sections -MMD -MP -MF"src/main.d" -MT"src/main.d" -o "src/main.o" "../src/main.c"
'Finished building: ../src/main.c'
' '
'Building file: ../src/platform.c'
'Invoking: MicroBlaze gcc compiler'
mb-gcc -Wall -O0 -g3 -I../../first_bsp/microblaze_0/include -I"C:\Work\XILINX\Projects\New_25\proc\SDK\first\src\FreeRTOS" -I"C:\Work\XILINX\Projects\New_25\proc\SDK\first\src" -c -fmessage-length=0 -mlittle-endian -mxl-barrel-shift -mxl-pattern-compare -mno-xl-soft-div -mcpu=v8.50.c -mno-xl-soft-mul -mhard-float -mxl-float-convert -mxl-float-sqrt -Wl,--no-relax -ffunction-sections -fdata-sections -MMD -MP -MF"src/platform.d" -MT"src/platform.d" -o "src/platform.o" "../src/platform.c"
'Finished building: ../src/platform.c'
' '
'Building target: first.elf'
'Invoking: MicroBlaze gcc linker'
mb-gcc -Wl,-T -Wl,../src/lscript.ld -L../../first_bsp/microblaze_0/lib -mlittle-endian -mxl-barrel-shift -mxl-pattern-compare -mno-xl-soft-div -mcpu=v8.50.c -mno-xl-soft-mul -mhard-float -mxl-float-convert -mxl-float-sqrt -Wl,--no-relax -Wl,--gc-sections -o "first.elf"  ./src/FreeRTOS/FreeRTOS_mb_hooks.o ./src/FreeRTOS/croutine.o ./src/FreeRTOS/event_groups.o ./src/FreeRTOS/heap_1.o ./src/FreeRTOS/list.o ./src/FreeRTOS/port.o ./src/FreeRTOS/port_exceptions.o ./src/FreeRTOS/portasm.o ./src/FreeRTOS/queue.o ./src/FreeRTOS/stream_buffer.o ./src/FreeRTOS/tasks.o ./src/FreeRTOS/timers.o  ./src/main.o ./src/platform.o   -Wl,--start-group,-lxil,-lgcc,-lc,--end-group
'Finished building target: first.elf'
' '
'Invoking: MicroBlaze Print Size'
mb-size first.elf  |tee "first.elf.size"
   text	   data	    bss	    dec	    hex	filename
  85192	4195880	   2712	4283784	 415d88	first.elf
'Finished building: first.elf.size'
' '
'Invoking: Xilinx ELF Check'
elfcheck first.elf -hw ../../proc_hw_platform/system.xml -pe microblaze_0  |tee "first.elf.elfcheck"
elfcheck
Xilinx EDK 14.7 Build EDK_P.20131013
Copyright (c) 1995-2012 Xilinx, Inc.  All rights reserved.

Command Line: elfcheck -hw ../../proc_hw_platform/system.xml -pe microblaze_0
first.elf 

ELF file	: first.elf
elfcheck passed.
'Finished building: first.elf.elfcheck'
' '

12:32:37 Build Finished (took 2s.401ms)

